16:13:00.834 [main] INFO  a.f.a.t.Tool$ - Checker options: filename=multiple_traces.tla, init=, next=, inv=AlternatingOddEvenUntil10
16:13:00.838 [main] INFO  a.f.a.t.Tool$ - Tuning: 
16:13:00.843 [main] INFO  a.f.a.i.p.PassChainExecutor - PASS #0: SanyParser
16:13:01.392 [main] DEBUG a.f.a.i.p.PassChainExecutor - PASS #0: SanyParser [OK]
16:13:01.393 [main] INFO  a.f.a.i.p.PassChainExecutor - PASS #1: TypeCheckerSnowcat
16:13:01.393 [main] INFO  a.f.a.t.t.p.EtcTypeCheckerPassImpl -  > Running Snowcat .::.
16:13:01.985 [main] INFO  a.f.a.t.t.p.EtcTypeCheckerPassImpl -  > Your types are great!
16:13:01.985 [main] INFO  a.f.a.t.t.p.EtcTypeCheckerPassImpl -  > All expressions are typed
16:13:01.986 [main] DEBUG a.f.a.i.p.PassChainExecutor - PASS #1: TypeCheckerSnowcat [OK]
16:13:01.987 [main] INFO  a.f.a.i.p.PassChainExecutor - PASS #2: ConfigurationPass
16:13:01.992 [main] INFO  a.f.a.t.p.p.ConfigurationPassImpl -   > multiple_traces.cfg: Loading TLC configuration
16:13:01.998 [main] INFO  a.f.a.t.p.p.ConfigurationPassImpl -   > No TLC configuration found. Skipping.
16:13:01.998 [main] INFO  a.f.a.t.p.p.ConfigurationPassImpl -   > Command line option --init is not set. Using Init
16:13:01.998 [main] INFO  a.f.a.t.p.p.ConfigurationPassImpl -   > Command line option --next is not set. Using Next
16:13:01.999 [main] INFO  a.f.a.t.p.p.ConfigurationPassImpl -   > Set the initialization predicate to Init
16:13:02.000 [main] INFO  a.f.a.t.p.p.ConfigurationPassImpl -   > Set the transition predicate to Next
16:13:02.001 [main] INFO  a.f.a.t.p.p.ConfigurationPassImpl -   > Set an invariant to AlternatingOddEvenUntil10
16:13:02.006 [main] DEBUG a.f.a.i.p.PassChainExecutor - PASS #2: ConfigurationPass [OK]
16:13:02.007 [main] INFO  a.f.a.i.p.PassChainExecutor - PASS #3: DesugarerPass
16:13:02.007 [main] INFO  a.f.a.t.p.p.DesugarerPassImpl -   > Desugaring...
16:13:02.036 [main] DEBUG a.f.a.i.p.PassChainExecutor - PASS #3: DesugarerPass [OK]
16:13:02.038 [main] INFO  a.f.a.i.p.PassChainExecutor - PASS #4: UnrollPass
16:13:02.132 [main] INFO  a.f.a.t.p.p.UnrollPassImpl -   > Unroller
16:13:02.161 [main] DEBUG a.f.a.i.p.PassChainExecutor - PASS #4: UnrollPass [OK]
16:13:02.163 [main] INFO  a.f.a.i.p.PassChainExecutor - PASS #5: InlinePass
16:13:02.168 [main] INFO  a.f.a.t.p.p.InlinePassImpl -   > InlinerOfUserOper
16:13:02.184 [main] INFO  a.f.a.t.p.p.InlinePassImpl -   > Wrap
16:13:02.189 [main] INFO  a.f.a.t.p.p.InlinePassImpl -   > CallByNameOperatorEmbedder
16:13:02.193 [main] INFO  a.f.a.t.p.p.InlinePassImpl -   > LetInExpander
16:13:02.197 [main] INFO  a.f.a.t.p.p.InlinePassImpl -   > Unwrap
16:13:02.199 [main] INFO  a.f.a.t.p.p.InlinePassImpl -   > InlinerOfUserOper
16:13:02.208 [main] INFO  a.f.a.t.p.p.InlinePassImpl - Leaving only relevant operators: AlternatingOddEvenUntil10, CInitPrimed, Init, InitPrimed, Next, View
16:13:02.221 [main] DEBUG a.f.a.i.p.PassChainExecutor - PASS #5: InlinePass [OK]
16:13:02.222 [main] INFO  a.f.a.i.p.PassChainExecutor - PASS #6: PrimingPass
16:13:02.225 [main] INFO  a.f.a.t.a.p.PrimingPassImpl -   > Introducing InitPrimed for Init'
16:13:02.227 [main] DEBUG a.f.a.i.p.PassChainExecutor - PASS #6: PrimingPass [OK]
16:13:02.228 [main] INFO  a.f.a.i.p.PassChainExecutor - PASS #7: VCGen
16:13:02.232 [main] INFO  a.f.a.t.b.p.VCGenPassImpl -   > Producing verification conditions from the invariant AlternatingOddEvenUntil10
16:13:02.233 [main] INFO  a.f.a.t.b.p.VCGenPassImpl -   > Using state view View
16:13:02.251 [main] DEBUG a.f.a.i.p.PassChainExecutor - PASS #7: VCGen [OK]
16:13:02.251 [main] INFO  a.f.a.i.p.PassChainExecutor - PASS #8: PreprocessingPass
16:13:02.252 [main] INFO  a.f.a.t.p.p.PreproPassImpl -   > Before preprocessing: unique renaming
16:13:02.266 [main] INFO  a.f.a.t.p.p.PreproPassImpl -  > Applying standard transformations:
16:13:02.267 [main] INFO  a.f.a.t.p.p.PreproPassImpl -   > PrimePropagation
16:13:02.271 [main] INFO  a.f.a.t.p.p.PreproPassImpl -   > Desugarer
16:13:02.275 [main] INFO  a.f.a.t.p.p.PreproPassImpl -   > UniqueRenamer
16:13:02.292 [main] INFO  a.f.a.t.p.p.PreproPassImpl -   > Normalizer
16:13:02.319 [main] INFO  a.f.a.t.p.p.PreproPassImpl -   > Keramelizer
16:13:02.337 [main] INFO  a.f.a.t.p.p.PreproPassImpl -   > After preprocessing: UniqueRenamer
16:13:02.361 [main] DEBUG a.f.a.i.p.PassChainExecutor - PASS #8: PreprocessingPass [OK]
16:13:02.365 [main] INFO  a.f.a.i.p.PassChainExecutor - PASS #9: TransitionFinderPass
16:13:02.396 [main] INFO  a.f.a.t.a.p.TransitionPassImpl -   > Found 1 initializing transitions
16:13:02.413 [main] INFO  a.f.a.t.a.p.TransitionPassImpl -   > Found 2 transitions
16:13:02.414 [main] INFO  a.f.a.t.a.p.TransitionPassImpl -   > No constant initializer
16:13:02.415 [main] INFO  a.f.a.t.a.p.TransitionPassImpl -   > Applying unique renaming
16:13:02.437 [main] DEBUG a.f.a.i.p.PassChainExecutor - PASS #9: TransitionFinderPass [OK]
16:13:02.438 [main] INFO  a.f.a.i.p.PassChainExecutor - PASS #10: OptimizationPass
16:13:02.445 [main] INFO  a.f.a.t.p.p.OptPassImpl -  > Applying optimizations:
16:13:02.447 [main] INFO  a.f.a.t.p.p.OptPassImpl -   > ConstSimplifier
16:13:02.458 [main] INFO  a.f.a.t.p.p.OptPassImpl -   > ExprOptimizer
16:13:02.462 [main] INFO  a.f.a.t.p.p.OptPassImpl -   > ConstSimplifier
16:13:02.466 [main] DEBUG a.f.a.i.p.PassChainExecutor - PASS #10: OptimizationPass [OK]
16:13:02.467 [main] INFO  a.f.a.i.p.PassChainExecutor - PASS #11: AnalysisPass
16:13:02.472 [main] INFO  a.f.a.t.b.p.AnalysisPassImpl -  > Marking skolemizable existentials and sets to be expanded...
16:13:02.476 [main] INFO  a.f.a.t.b.p.AnalysisPassImpl -   > Skolemization
16:13:02.478 [main] INFO  a.f.a.t.b.p.AnalysisPassImpl -   > Expansion
16:13:02.484 [main] INFO  a.f.a.t.b.p.AnalysisPassImpl -   > Remove unused let-in defs
16:13:02.496 [main] INFO  a.f.a.t.b.p.AnalysisPassImpl -  > Running analyzers...
16:13:02.502 [main] INFO  a.f.a.t.b.p.AnalysisPassImpl -   > Introduced expression grades
16:13:02.502 [main] INFO  a.f.a.t.b.p.AnalysisPassImpl -   > Introduced 3 formula hints
16:13:02.503 [main] DEBUG a.f.a.i.p.PassChainExecutor - PASS #11: AnalysisPass [OK]
16:13:02.503 [main] INFO  a.f.a.i.p.PassChainExecutor - PASS #12: PostTypeCheckerSnowcat
16:13:02.503 [main] INFO  a.f.a.t.b.p.PostTypeCheckerPassImpl -  > Running Snowcat .::.
16:13:02.919 [main] INFO  a.f.a.t.b.p.PostTypeCheckerPassImpl -  > Your types are great!
16:13:02.919 [main] INFO  a.f.a.t.b.p.PostTypeCheckerPassImpl -  > All expressions are typed
16:13:02.920 [main] DEBUG a.f.a.i.p.PassChainExecutor - PASS #12: PostTypeCheckerSnowcat [OK]
16:13:02.920 [main] INFO  a.f.a.i.p.PassChainExecutor - PASS #13: BoundedChecker
16:13:04.075 [main] DEBUG a.f.a.t.b.t.TransitionExecutorImpl - Step #0, transition #0
16:13:04.076 [main] DEBUG a.f.a.t.b.t.TransitionExecutorImpl - Translating to SMT...
16:13:04.139 [main] DEBUG a.f.a.t.b.SeqModelChecker - Step 0: Transition #0. Is it enabled?
16:13:04.141 [main] DEBUG a.f.a.t.b.SeqModelChecker - Step 0: Transition #0 is enabled
16:13:04.149 [main] INFO  a.f.a.t.b.t.TransitionExecutorImpl - Step 0: picking a transition out of 1 transition(s)
16:13:04.159 [main] INFO  a.f.a.t.b.SeqModelChecker - State 0: Checking 1 trace invariant(s)
16:13:04.161 [main] DEBUG a.f.a.t.b.SeqModelChecker - State 0: Checking trace invariant 0
16:13:04.243 [main] DEBUG a.f.a.t.b.t.TransitionExecutorImpl - Step #1, transition #0
16:13:04.243 [main] DEBUG a.f.a.t.b.t.TransitionExecutorImpl - Translating to SMT...
16:13:04.265 [main] DEBUG a.f.a.t.b.SeqModelChecker - Step 1: Transition #0. Is it enabled?
16:13:04.265 [main] DEBUG a.f.a.t.b.SeqModelChecker - Step 1: Transition #0 is enabled
16:13:04.266 [main] DEBUG a.f.a.t.b.t.TransitionExecutorImpl - Step #1, transition #1
16:13:04.267 [main] DEBUG a.f.a.t.b.t.TransitionExecutorImpl - Translating to SMT...
16:13:04.277 [main] DEBUG a.f.a.t.b.SeqModelChecker - Step 1: Transition #1. Is it enabled?
16:13:04.278 [main] DEBUG a.f.a.t.b.SeqModelChecker - Step 1: Transition #1 is enabled
16:13:04.279 [main] INFO  a.f.a.t.b.t.TransitionExecutorImpl - Step 1: picking a transition out of 2 transition(s)
16:13:04.287 [main] INFO  a.f.a.t.b.SeqModelChecker - State 1: Checking 1 trace invariant(s)
16:13:04.288 [main] DEBUG a.f.a.t.b.SeqModelChecker - State 1: Checking trace invariant 0
16:13:04.380 [main] DEBUG a.f.a.t.b.t.TransitionExecutorImpl - Step #2, transition #0
16:13:04.380 [main] DEBUG a.f.a.t.b.t.TransitionExecutorImpl - Translating to SMT...
16:13:04.388 [main] DEBUG a.f.a.t.b.SeqModelChecker - Step 2: Transition #0. Is it enabled?
16:13:04.388 [main] DEBUG a.f.a.t.b.SeqModelChecker - Step 2: Transition #0 is enabled
16:13:04.389 [main] DEBUG a.f.a.t.b.t.TransitionExecutorImpl - Step #2, transition #1
16:13:04.390 [main] DEBUG a.f.a.t.b.t.TransitionExecutorImpl - Translating to SMT...
16:13:04.392 [main] DEBUG a.f.a.t.b.SeqModelChecker - Step 2: Transition #1. Is it enabled?
16:13:04.392 [main] DEBUG a.f.a.t.b.SeqModelChecker - Step 2: Transition #1 is enabled
16:13:04.393 [main] INFO  a.f.a.t.b.t.TransitionExecutorImpl - Step 2: picking a transition out of 2 transition(s)
16:13:04.396 [main] INFO  a.f.a.t.b.SeqModelChecker - State 2: Checking 1 trace invariant(s)
16:13:04.396 [main] DEBUG a.f.a.t.b.SeqModelChecker - State 2: Checking trace invariant 0
16:13:04.482 [main] DEBUG a.f.a.t.b.t.TransitionExecutorImpl - Step #3, transition #0
16:13:04.482 [main] DEBUG a.f.a.t.b.t.TransitionExecutorImpl - Translating to SMT...
16:13:04.486 [main] DEBUG a.f.a.t.b.SeqModelChecker - Step 3: Transition #0. Is it enabled?
16:13:04.487 [main] DEBUG a.f.a.t.b.SeqModelChecker - Step 3: Transition #0 is enabled
16:13:04.488 [main] DEBUG a.f.a.t.b.t.TransitionExecutorImpl - Step #3, transition #1
16:13:04.488 [main] DEBUG a.f.a.t.b.t.TransitionExecutorImpl - Translating to SMT...
16:13:04.490 [main] DEBUG a.f.a.t.b.SeqModelChecker - Step 3: Transition #1. Is it enabled?
16:13:04.490 [main] DEBUG a.f.a.t.b.SeqModelChecker - Step 3: Transition #1 is enabled
16:13:04.491 [main] INFO  a.f.a.t.b.t.TransitionExecutorImpl - Step 3: picking a transition out of 2 transition(s)
16:13:04.493 [main] INFO  a.f.a.t.b.SeqModelChecker - State 3: Checking 1 trace invariant(s)
16:13:04.493 [main] DEBUG a.f.a.t.b.SeqModelChecker - State 3: Checking trace invariant 0
16:13:04.588 [main] DEBUG a.f.a.t.b.t.TransitionExecutorImpl - Step #4, transition #0
16:13:04.588 [main] DEBUG a.f.a.t.b.t.TransitionExecutorImpl - Translating to SMT...
16:13:04.591 [main] DEBUG a.f.a.t.b.SeqModelChecker - Step 4: Transition #0. Is it enabled?
16:13:04.592 [main] DEBUG a.f.a.t.b.SeqModelChecker - Step 4: Transition #0 is enabled
16:13:04.593 [main] DEBUG a.f.a.t.b.t.TransitionExecutorImpl - Step #4, transition #1
16:13:04.593 [main] DEBUG a.f.a.t.b.t.TransitionExecutorImpl - Translating to SMT...
16:13:04.595 [main] DEBUG a.f.a.t.b.SeqModelChecker - Step 4: Transition #1. Is it enabled?
16:13:04.595 [main] DEBUG a.f.a.t.b.SeqModelChecker - Step 4: Transition #1 is enabled
16:13:04.596 [main] INFO  a.f.a.t.b.t.TransitionExecutorImpl - Step 4: picking a transition out of 2 transition(s)
16:13:04.598 [main] INFO  a.f.a.t.b.SeqModelChecker - State 4: Checking 1 trace invariant(s)
16:13:04.598 [main] DEBUG a.f.a.t.b.SeqModelChecker - State 4: Checking trace invariant 0
16:13:04.925 [main] ERROR a.f.a.t.b.SeqModelChecker - State 4: trace invariant 0 violated. Check the counterexample in: 
  /Users/gavran/Documents/informal/tlaplusTutorial/hello_world_tutorial/generatingTraces/_apalache-out/multiple_traces.tla/2021-12-03T16-13-00_3014142893105308237/counterexample1.tla
  /Users/gavran/Documents/informal/tlaplusTutorial/hello_world_tutorial/generatingTraces/_apalache-out/multiple_traces.tla/2021-12-03T16-13-00_3014142893105308237/MC1.out
  /Users/gavran/Documents/informal/tlaplusTutorial/hello_world_tutorial/generatingTraces/_apalache-out/multiple_traces.tla/2021-12-03T16-13-00_3014142893105308237/counterexample1.json
16:13:05.109 [main] ERROR a.f.a.t.b.SeqModelChecker - State 4: trace invariant 0 violated. Check the counterexample in: 
  /Users/gavran/Documents/informal/tlaplusTutorial/hello_world_tutorial/generatingTraces/_apalache-out/multiple_traces.tla/2021-12-03T16-13-00_3014142893105308237/counterexample2.tla
  /Users/gavran/Documents/informal/tlaplusTutorial/hello_world_tutorial/generatingTraces/_apalache-out/multiple_traces.tla/2021-12-03T16-13-00_3014142893105308237/MC2.out
  /Users/gavran/Documents/informal/tlaplusTutorial/hello_world_tutorial/generatingTraces/_apalache-out/multiple_traces.tla/2021-12-03T16-13-00_3014142893105308237/counterexample2.json
16:13:05.330 [main] ERROR a.f.a.t.b.SeqModelChecker - State 4: trace invariant 0 violated. Check the counterexample in: 
  /Users/gavran/Documents/informal/tlaplusTutorial/hello_world_tutorial/generatingTraces/_apalache-out/multiple_traces.tla/2021-12-03T16-13-00_3014142893105308237/counterexample3.tla
  /Users/gavran/Documents/informal/tlaplusTutorial/hello_world_tutorial/generatingTraces/_apalache-out/multiple_traces.tla/2021-12-03T16-13-00_3014142893105308237/MC3.out
  /Users/gavran/Documents/informal/tlaplusTutorial/hello_world_tutorial/generatingTraces/_apalache-out/multiple_traces.tla/2021-12-03T16-13-00_3014142893105308237/counterexample3.json
16:13:05.511 [main] ERROR a.f.a.t.b.SeqModelChecker - State 4: trace invariant 0 violated. Check the counterexample in: 
  /Users/gavran/Documents/informal/tlaplusTutorial/hello_world_tutorial/generatingTraces/_apalache-out/multiple_traces.tla/2021-12-03T16-13-00_3014142893105308237/counterexample4.tla
  /Users/gavran/Documents/informal/tlaplusTutorial/hello_world_tutorial/generatingTraces/_apalache-out/multiple_traces.tla/2021-12-03T16-13-00_3014142893105308237/MC4.out
  /Users/gavran/Documents/informal/tlaplusTutorial/hello_world_tutorial/generatingTraces/_apalache-out/multiple_traces.tla/2021-12-03T16-13-00_3014142893105308237/counterexample4.json
16:13:05.608 [main] DEBUG a.f.a.t.b.t.TransitionExecutorImpl - Step #5, transition #0
16:13:05.608 [main] DEBUG a.f.a.t.b.t.TransitionExecutorImpl - Translating to SMT...
16:13:05.611 [main] DEBUG a.f.a.t.b.SeqModelChecker - Step 5: Transition #0. Is it enabled?
16:13:05.611 [main] DEBUG a.f.a.t.b.SeqModelChecker - Step 5: Transition #0 is enabled
16:13:05.612 [main] DEBUG a.f.a.t.b.t.TransitionExecutorImpl - Step #5, transition #1
16:13:05.612 [main] DEBUG a.f.a.t.b.t.TransitionExecutorImpl - Translating to SMT...
16:13:05.614 [main] DEBUG a.f.a.t.b.SeqModelChecker - Step 5: Transition #1. Is it enabled?
16:13:05.615 [main] DEBUG a.f.a.t.b.SeqModelChecker - Step 5: Transition #1 is enabled
16:13:05.615 [main] INFO  a.f.a.t.b.t.TransitionExecutorImpl - Step 5: picking a transition out of 2 transition(s)
16:13:05.618 [main] INFO  a.f.a.t.b.SeqModelChecker - State 5: Checking 1 trace invariant(s)
16:13:05.619 [main] DEBUG a.f.a.t.b.SeqModelChecker - State 5: Checking trace invariant 0
16:13:05.692 [main] DEBUG a.f.a.t.b.t.TransitionExecutorImpl - Step #6, transition #0
16:13:05.692 [main] DEBUG a.f.a.t.b.t.TransitionExecutorImpl - Translating to SMT...
16:13:05.695 [main] DEBUG a.f.a.t.b.SeqModelChecker - Step 6: Transition #0. Is it enabled?
16:13:05.696 [main] DEBUG a.f.a.t.b.SeqModelChecker - Step 6: Transition #0 is enabled
16:13:05.697 [main] DEBUG a.f.a.t.b.t.TransitionExecutorImpl - Step #6, transition #1
16:13:05.697 [main] DEBUG a.f.a.t.b.t.TransitionExecutorImpl - Translating to SMT...
16:13:05.699 [main] DEBUG a.f.a.t.b.SeqModelChecker - Step 6: Transition #1. Is it enabled?
16:13:05.699 [main] DEBUG a.f.a.t.b.SeqModelChecker - Step 6: Transition #1 is enabled
16:13:05.700 [main] INFO  a.f.a.t.b.t.TransitionExecutorImpl - Step 6: picking a transition out of 2 transition(s)
16:13:05.702 [main] INFO  a.f.a.t.b.SeqModelChecker - State 6: Checking 1 trace invariant(s)
16:13:05.702 [main] DEBUG a.f.a.t.b.SeqModelChecker - State 6: Checking trace invariant 0
16:13:05.943 [main] ERROR a.f.a.t.b.SeqModelChecker - State 6: trace invariant 0 violated. Check the counterexample in: 
  /Users/gavran/Documents/informal/tlaplusTutorial/hello_world_tutorial/generatingTraces/_apalache-out/multiple_traces.tla/2021-12-03T16-13-00_3014142893105308237/counterexample5.tla
  /Users/gavran/Documents/informal/tlaplusTutorial/hello_world_tutorial/generatingTraces/_apalache-out/multiple_traces.tla/2021-12-03T16-13-00_3014142893105308237/MC5.out
  /Users/gavran/Documents/informal/tlaplusTutorial/hello_world_tutorial/generatingTraces/_apalache-out/multiple_traces.tla/2021-12-03T16-13-00_3014142893105308237/counterexample5.json
16:13:06.081 [main] ERROR a.f.a.t.b.SeqModelChecker - State 6: trace invariant 0 violated. Check the counterexample in: 
  /Users/gavran/Documents/informal/tlaplusTutorial/hello_world_tutorial/generatingTraces/_apalache-out/multiple_traces.tla/2021-12-03T16-13-00_3014142893105308237/counterexample6.tla
  /Users/gavran/Documents/informal/tlaplusTutorial/hello_world_tutorial/generatingTraces/_apalache-out/multiple_traces.tla/2021-12-03T16-13-00_3014142893105308237/MC6.out
  /Users/gavran/Documents/informal/tlaplusTutorial/hello_world_tutorial/generatingTraces/_apalache-out/multiple_traces.tla/2021-12-03T16-13-00_3014142893105308237/counterexample6.json
16:13:06.249 [main] ERROR a.f.a.t.b.SeqModelChecker - State 6: trace invariant 0 violated. Check the counterexample in: 
  /Users/gavran/Documents/informal/tlaplusTutorial/hello_world_tutorial/generatingTraces/_apalache-out/multiple_traces.tla/2021-12-03T16-13-00_3014142893105308237/counterexample7.tla
  /Users/gavran/Documents/informal/tlaplusTutorial/hello_world_tutorial/generatingTraces/_apalache-out/multiple_traces.tla/2021-12-03T16-13-00_3014142893105308237/MC7.out
  /Users/gavran/Documents/informal/tlaplusTutorial/hello_world_tutorial/generatingTraces/_apalache-out/multiple_traces.tla/2021-12-03T16-13-00_3014142893105308237/counterexample7.json
16:13:06.459 [main] ERROR a.f.a.t.b.SeqModelChecker - State 6: trace invariant 0 violated. Check the counterexample in: 
  /Users/gavran/Documents/informal/tlaplusTutorial/hello_world_tutorial/generatingTraces/_apalache-out/multiple_traces.tla/2021-12-03T16-13-00_3014142893105308237/counterexample8.tla
  /Users/gavran/Documents/informal/tlaplusTutorial/hello_world_tutorial/generatingTraces/_apalache-out/multiple_traces.tla/2021-12-03T16-13-00_3014142893105308237/MC8.out
  /Users/gavran/Documents/informal/tlaplusTutorial/hello_world_tutorial/generatingTraces/_apalache-out/multiple_traces.tla/2021-12-03T16-13-00_3014142893105308237/counterexample8.json
16:13:06.625 [main] ERROR a.f.a.t.b.SeqModelChecker - State 6: trace invariant 0 violated. Check the counterexample in: 
  /Users/gavran/Documents/informal/tlaplusTutorial/hello_world_tutorial/generatingTraces/_apalache-out/multiple_traces.tla/2021-12-03T16-13-00_3014142893105308237/counterexample9.tla
  /Users/gavran/Documents/informal/tlaplusTutorial/hello_world_tutorial/generatingTraces/_apalache-out/multiple_traces.tla/2021-12-03T16-13-00_3014142893105308237/MC9.out
  /Users/gavran/Documents/informal/tlaplusTutorial/hello_world_tutorial/generatingTraces/_apalache-out/multiple_traces.tla/2021-12-03T16-13-00_3014142893105308237/counterexample9.json
16:13:06.777 [main] ERROR a.f.a.t.b.SeqModelChecker - State 6: trace invariant 0 violated. Check the counterexample in: 
  /Users/gavran/Documents/informal/tlaplusTutorial/hello_world_tutorial/generatingTraces/_apalache-out/multiple_traces.tla/2021-12-03T16-13-00_3014142893105308237/counterexample10.tla
  /Users/gavran/Documents/informal/tlaplusTutorial/hello_world_tutorial/generatingTraces/_apalache-out/multiple_traces.tla/2021-12-03T16-13-00_3014142893105308237/MC10.out
  /Users/gavran/Documents/informal/tlaplusTutorial/hello_world_tutorial/generatingTraces/_apalache-out/multiple_traces.tla/2021-12-03T16-13-00_3014142893105308237/counterexample10.json
16:13:06.788 [main] INFO  a.f.a.t.b.SeqModelChecker - Found 10 error(s)
16:13:06.812 [main] INFO  a.f.a.t.b.p.BoundedCheckerPassImpl - The outcome is: Error
16:13:06.812 [main] DEBUG a.f.a.i.p.PassChainExecutor - PASS #13: BoundedChecker [FAIL]
16:13:06.812 [main] INFO  a.f.a.t.Tool$ - Checker has found an error
16:13:06.816 [main] INFO  a.f.a.t.Tool$ - It took me 0 days  0 hours  0 min  6 sec
16:13:06.816 [main] INFO  a.f.a.t.Tool$ - Total time: 6.458 sec
