15:57:16.929 [main] INFO  a.f.a.t.Tool$ - Checker options: filename=multiple_traces.tla, init=, next=, inv=ImportantIntIs6
15:57:16.938 [main] INFO  a.f.a.t.Tool$ - Tuning: 
15:57:16.944 [main] INFO  a.f.a.i.p.PassChainExecutor - PASS #0: SanyParser
15:57:17.670 [main] DEBUG a.f.a.i.p.PassChainExecutor - PASS #0: SanyParser [OK]
15:57:17.671 [main] INFO  a.f.a.i.p.PassChainExecutor - PASS #1: TypeCheckerSnowcat
15:57:17.671 [main] INFO  a.f.a.t.t.p.EtcTypeCheckerPassImpl -  > Running Snowcat .::.
15:57:18.491 [main] INFO  a.f.a.t.t.p.EtcTypeCheckerPassImpl -  > Your types are great!
15:57:18.491 [main] INFO  a.f.a.t.t.p.EtcTypeCheckerPassImpl -  > All expressions are typed
15:57:18.491 [main] DEBUG a.f.a.i.p.PassChainExecutor - PASS #1: TypeCheckerSnowcat [OK]
15:57:18.492 [main] INFO  a.f.a.i.p.PassChainExecutor - PASS #2: ConfigurationPass
15:57:18.496 [main] INFO  a.f.a.t.p.p.ConfigurationPassImpl -   > multiple_traces.cfg: Loading TLC configuration
15:57:18.504 [main] INFO  a.f.a.t.p.p.ConfigurationPassImpl -   > No TLC configuration found. Skipping.
15:57:18.504 [main] INFO  a.f.a.t.p.p.ConfigurationPassImpl -   > Command line option --init is not set. Using Init
15:57:18.504 [main] INFO  a.f.a.t.p.p.ConfigurationPassImpl -   > Command line option --next is not set. Using Next
15:57:18.504 [main] INFO  a.f.a.t.p.p.ConfigurationPassImpl -   > Set the initialization predicate to Init
15:57:18.506 [main] INFO  a.f.a.t.p.p.ConfigurationPassImpl -   > Set the transition predicate to Next
15:57:18.506 [main] INFO  a.f.a.t.p.p.ConfigurationPassImpl -   > Set an invariant to ImportantIntIs6
15:57:18.512 [main] DEBUG a.f.a.i.p.PassChainExecutor - PASS #2: ConfigurationPass [OK]
15:57:18.513 [main] INFO  a.f.a.i.p.PassChainExecutor - PASS #3: DesugarerPass
15:57:18.513 [main] INFO  a.f.a.t.p.p.DesugarerPassImpl -   > Desugaring...
15:57:18.540 [main] DEBUG a.f.a.i.p.PassChainExecutor - PASS #3: DesugarerPass [OK]
15:57:18.541 [main] INFO  a.f.a.i.p.PassChainExecutor - PASS #4: UnrollPass
15:57:18.659 [main] INFO  a.f.a.t.p.p.UnrollPassImpl -   > Unroller
15:57:18.681 [main] DEBUG a.f.a.i.p.PassChainExecutor - PASS #4: UnrollPass [OK]
15:57:18.682 [main] INFO  a.f.a.i.p.PassChainExecutor - PASS #5: InlinePass
15:57:18.690 [main] INFO  a.f.a.t.p.p.InlinePassImpl -   > InlinerOfUserOper
15:57:18.705 [main] INFO  a.f.a.t.p.p.InlinePassImpl -   > Wrap
15:57:18.714 [main] INFO  a.f.a.t.p.p.InlinePassImpl -   > CallByNameOperatorEmbedder
15:57:18.721 [main] INFO  a.f.a.t.p.p.InlinePassImpl -   > LetInExpander
15:57:18.729 [main] INFO  a.f.a.t.p.p.InlinePassImpl -   > Unwrap
15:57:18.731 [main] INFO  a.f.a.t.p.p.InlinePassImpl -   > InlinerOfUserOper
15:57:18.741 [main] INFO  a.f.a.t.p.p.InlinePassImpl - Leaving only relevant operators: CInitPrimed, ImportantIntIs6, Init, InitPrimed, Next, View
15:57:18.749 [main] DEBUG a.f.a.i.p.PassChainExecutor - PASS #5: InlinePass [OK]
15:57:18.750 [main] INFO  a.f.a.i.p.PassChainExecutor - PASS #6: PrimingPass
15:57:18.754 [main] INFO  a.f.a.t.a.p.PrimingPassImpl -   > Introducing InitPrimed for Init'
15:57:18.757 [main] DEBUG a.f.a.i.p.PassChainExecutor - PASS #6: PrimingPass [OK]
15:57:18.758 [main] INFO  a.f.a.i.p.PassChainExecutor - PASS #7: VCGen
15:57:18.765 [main] INFO  a.f.a.t.b.p.VCGenPassImpl -   > Producing verification conditions from the invariant ImportantIntIs6
15:57:18.766 [main] INFO  a.f.a.t.b.p.VCGenPassImpl -   > Using state view View
15:57:18.800 [main] INFO  a.f.a.t.b.VCGenerator -   > VCGen produced 1 verification condition(s)
15:57:18.803 [main] DEBUG a.f.a.i.p.PassChainExecutor - PASS #7: VCGen [OK]
15:57:18.804 [main] INFO  a.f.a.i.p.PassChainExecutor - PASS #8: PreprocessingPass
15:57:18.804 [main] INFO  a.f.a.t.p.p.PreproPassImpl -   > Before preprocessing: unique renaming
15:57:18.817 [main] INFO  a.f.a.t.p.p.PreproPassImpl -  > Applying standard transformations:
15:57:18.819 [main] INFO  a.f.a.t.p.p.PreproPassImpl -   > PrimePropagation
15:57:18.827 [main] INFO  a.f.a.t.p.p.PreproPassImpl -   > Desugarer
15:57:18.829 [main] INFO  a.f.a.t.p.p.PreproPassImpl -   > UniqueRenamer
15:57:18.842 [main] INFO  a.f.a.t.p.p.PreproPassImpl -   > Normalizer
15:57:18.855 [main] INFO  a.f.a.t.p.p.PreproPassImpl -   > Keramelizer
15:57:18.868 [main] INFO  a.f.a.t.p.p.PreproPassImpl -   > After preprocessing: UniqueRenamer
15:57:18.900 [main] DEBUG a.f.a.i.p.PassChainExecutor - PASS #8: PreprocessingPass [OK]
15:57:18.901 [main] INFO  a.f.a.i.p.PassChainExecutor - PASS #9: TransitionFinderPass
15:57:18.948 [main] INFO  a.f.a.t.a.p.TransitionPassImpl -   > Found 1 initializing transitions
15:57:18.971 [main] INFO  a.f.a.t.a.p.TransitionPassImpl -   > Found 2 transitions
15:57:18.972 [main] INFO  a.f.a.t.a.p.TransitionPassImpl -   > No constant initializer
15:57:18.974 [main] INFO  a.f.a.t.a.p.TransitionPassImpl -   > Applying unique renaming
15:57:18.982 [main] DEBUG a.f.a.i.p.PassChainExecutor - PASS #9: TransitionFinderPass [OK]
15:57:18.985 [main] INFO  a.f.a.i.p.PassChainExecutor - PASS #10: OptimizationPass
15:57:19.000 [main] INFO  a.f.a.t.p.p.OptPassImpl -  > Applying optimizations:
15:57:19.002 [main] INFO  a.f.a.t.p.p.OptPassImpl -   > ConstSimplifier
15:57:19.006 [main] INFO  a.f.a.t.p.p.OptPassImpl -   > ExprOptimizer
15:57:19.008 [main] INFO  a.f.a.t.p.p.OptPassImpl -   > ConstSimplifier
15:57:19.011 [main] DEBUG a.f.a.i.p.PassChainExecutor - PASS #10: OptimizationPass [OK]
15:57:19.012 [main] INFO  a.f.a.i.p.PassChainExecutor - PASS #11: AnalysisPass
15:57:19.059 [main] INFO  a.f.a.t.b.p.AnalysisPassImpl -  > Marking skolemizable existentials and sets to be expanded...
15:57:19.060 [main] INFO  a.f.a.t.b.p.AnalysisPassImpl -   > Skolemization
15:57:19.065 [main] INFO  a.f.a.t.b.p.AnalysisPassImpl -   > Expansion
15:57:19.078 [main] INFO  a.f.a.t.b.p.AnalysisPassImpl -   > Remove unused let-in defs
15:57:19.091 [main] INFO  a.f.a.t.b.p.AnalysisPassImpl -  > Running analyzers...
15:57:19.100 [main] INFO  a.f.a.t.b.p.AnalysisPassImpl -   > Introduced expression grades
15:57:19.101 [main] INFO  a.f.a.t.b.p.AnalysisPassImpl -   > Introduced 3 formula hints
15:57:19.102 [main] DEBUG a.f.a.i.p.PassChainExecutor - PASS #11: AnalysisPass [OK]
15:57:19.103 [main] INFO  a.f.a.i.p.PassChainExecutor - PASS #12: PostTypeCheckerSnowcat
15:57:19.103 [main] INFO  a.f.a.t.b.p.PostTypeCheckerPassImpl -  > Running Snowcat .::.
15:57:19.275 [main] INFO  a.f.a.t.b.p.PostTypeCheckerPassImpl -  > Your types are great!
15:57:19.276 [main] INFO  a.f.a.t.b.p.PostTypeCheckerPassImpl -  > All expressions are typed
15:57:19.278 [main] DEBUG a.f.a.i.p.PassChainExecutor - PASS #12: PostTypeCheckerSnowcat [OK]
15:57:19.278 [main] INFO  a.f.a.i.p.PassChainExecutor - PASS #13: BoundedChecker
15:57:20.879 [main] DEBUG a.f.a.t.b.t.TransitionExecutorImpl - Step #0, transition #0
15:57:20.880 [main] DEBUG a.f.a.t.b.t.TransitionExecutorImpl - Translating to SMT...
15:57:20.962 [main] DEBUG a.f.a.t.b.SeqModelChecker - Step 0: Transition #0. Is it enabled?
15:57:20.965 [main] DEBUG a.f.a.t.b.SeqModelChecker - Step 0: Transition #0 is enabled
15:57:20.966 [main] INFO  a.f.a.t.b.SeqModelChecker - State 0: Checking 1 state invariants
15:57:20.969 [main] DEBUG a.f.a.t.b.SeqModelChecker - State 0: Checking state invariant 0
15:57:20.983 [main] INFO  a.f.a.t.b.t.TransitionExecutorImpl - Step 0: picking a transition out of 1 transition(s)
15:57:20.995 [main] DEBUG a.f.a.t.b.t.TransitionExecutorImpl - Step #1, transition #0
15:57:20.996 [main] DEBUG a.f.a.t.b.t.TransitionExecutorImpl - Translating to SMT...
15:57:21.039 [main] DEBUG a.f.a.t.b.SeqModelChecker - Step 1: Transition #0. Is it enabled?
15:57:21.040 [main] DEBUG a.f.a.t.b.SeqModelChecker - Step 1: Transition #0 is enabled
15:57:21.041 [main] DEBUG a.f.a.t.b.t.TransitionExecutorImpl - Step #1, transition #1
15:57:21.042 [main] DEBUG a.f.a.t.b.t.TransitionExecutorImpl - Translating to SMT...
15:57:21.056 [main] DEBUG a.f.a.t.b.SeqModelChecker - Step 1: Transition #1. Is it enabled?
15:57:21.056 [main] DEBUG a.f.a.t.b.SeqModelChecker - Step 1: Transition #1 is enabled
15:57:21.057 [main] INFO  a.f.a.t.b.SeqModelChecker - State 1: Checking 1 state invariants
15:57:21.057 [main] DEBUG a.f.a.t.b.SeqModelChecker - State 1: Checking state invariant 0
15:57:21.060 [main] INFO  a.f.a.t.b.t.TransitionExecutorImpl - Step 1: picking a transition out of 2 transition(s)
15:57:21.069 [main] DEBUG a.f.a.t.b.t.TransitionExecutorImpl - Step #2, transition #0
15:57:21.069 [main] DEBUG a.f.a.t.b.t.TransitionExecutorImpl - Translating to SMT...
15:57:21.081 [main] DEBUG a.f.a.t.b.SeqModelChecker - Step 2: Transition #0. Is it enabled?
15:57:21.081 [main] DEBUG a.f.a.t.b.SeqModelChecker - Step 2: Transition #0 is enabled
15:57:21.082 [main] DEBUG a.f.a.t.b.t.TransitionExecutorImpl - Step #2, transition #1
15:57:21.082 [main] DEBUG a.f.a.t.b.t.TransitionExecutorImpl - Translating to SMT...
15:57:21.087 [main] DEBUG a.f.a.t.b.SeqModelChecker - Step 2: Transition #1. Is it enabled?
15:57:21.088 [main] DEBUG a.f.a.t.b.SeqModelChecker - Step 2: Transition #1 is enabled
15:57:21.088 [main] INFO  a.f.a.t.b.SeqModelChecker - State 2: Checking 1 state invariants
15:57:21.088 [main] DEBUG a.f.a.t.b.SeqModelChecker - State 2: Checking state invariant 0
15:57:21.352 [main] ERROR a.f.a.t.b.SeqModelChecker - State 2: state invariant 0 violated. Check the counterexample in: 
  /Users/gavran/Documents/informal/tlaplusTutorial/hello_world_tutorial/generatingTraces/_apalache-out/multiple_traces.tla/2021-12-03T15-57-16_3835286226649467623/counterexample1.tla
  /Users/gavran/Documents/informal/tlaplusTutorial/hello_world_tutorial/generatingTraces/_apalache-out/multiple_traces.tla/2021-12-03T15-57-16_3835286226649467623/MC1.out
  /Users/gavran/Documents/informal/tlaplusTutorial/hello_world_tutorial/generatingTraces/_apalache-out/multiple_traces.tla/2021-12-03T15-57-16_3835286226649467623/counterexample1.json
15:57:21.473 [main] ERROR a.f.a.t.b.SeqModelChecker - State 2: state invariant 0 violated. Check the counterexample in: 
  /Users/gavran/Documents/informal/tlaplusTutorial/hello_world_tutorial/generatingTraces/_apalache-out/multiple_traces.tla/2021-12-03T15-57-16_3835286226649467623/counterexample2.tla
  /Users/gavran/Documents/informal/tlaplusTutorial/hello_world_tutorial/generatingTraces/_apalache-out/multiple_traces.tla/2021-12-03T15-57-16_3835286226649467623/MC2.out
  /Users/gavran/Documents/informal/tlaplusTutorial/hello_world_tutorial/generatingTraces/_apalache-out/multiple_traces.tla/2021-12-03T15-57-16_3835286226649467623/counterexample2.json
15:57:21.550 [main] ERROR a.f.a.t.b.SeqModelChecker - State 2: state invariant 0 violated. Check the counterexample in: 
  /Users/gavran/Documents/informal/tlaplusTutorial/hello_world_tutorial/generatingTraces/_apalache-out/multiple_traces.tla/2021-12-03T15-57-16_3835286226649467623/counterexample3.tla
  /Users/gavran/Documents/informal/tlaplusTutorial/hello_world_tutorial/generatingTraces/_apalache-out/multiple_traces.tla/2021-12-03T15-57-16_3835286226649467623/MC3.out
  /Users/gavran/Documents/informal/tlaplusTutorial/hello_world_tutorial/generatingTraces/_apalache-out/multiple_traces.tla/2021-12-03T15-57-16_3835286226649467623/counterexample3.json
15:57:21.616 [main] INFO  a.f.a.t.b.t.TransitionExecutorImpl - Step 2: picking a transition out of 2 transition(s)
15:57:21.690 [main] DEBUG a.f.a.t.b.t.TransitionExecutorImpl - Step #3, transition #0
15:57:21.690 [main] DEBUG a.f.a.t.b.t.TransitionExecutorImpl - Translating to SMT...
15:57:21.697 [main] DEBUG a.f.a.t.b.SeqModelChecker - Step 3: Transition #0. Is it enabled?
15:57:21.698 [main] DEBUG a.f.a.t.b.SeqModelChecker - Step 3: Transition #0 is enabled
15:57:21.700 [main] DEBUG a.f.a.t.b.t.TransitionExecutorImpl - Step #3, transition #1
15:57:21.700 [main] DEBUG a.f.a.t.b.t.TransitionExecutorImpl - Translating to SMT...
15:57:21.706 [main] DEBUG a.f.a.t.b.SeqModelChecker - Step 3: Transition #1. Is it enabled?
15:57:21.706 [main] DEBUG a.f.a.t.b.SeqModelChecker - Step 3: Transition #1 is enabled
15:57:21.707 [main] INFO  a.f.a.t.b.SeqModelChecker - State 3: Checking 1 state invariants
15:57:21.708 [main] DEBUG a.f.a.t.b.SeqModelChecker - State 3: Checking state invariant 0
15:57:21.804 [main] ERROR a.f.a.t.b.SeqModelChecker - State 3: state invariant 0 violated. Check the counterexample in: 
  /Users/gavran/Documents/informal/tlaplusTutorial/hello_world_tutorial/generatingTraces/_apalache-out/multiple_traces.tla/2021-12-03T15-57-16_3835286226649467623/counterexample4.tla
  /Users/gavran/Documents/informal/tlaplusTutorial/hello_world_tutorial/generatingTraces/_apalache-out/multiple_traces.tla/2021-12-03T15-57-16_3835286226649467623/MC4.out
  /Users/gavran/Documents/informal/tlaplusTutorial/hello_world_tutorial/generatingTraces/_apalache-out/multiple_traces.tla/2021-12-03T15-57-16_3835286226649467623/counterexample4.json
15:57:21.947 [main] ERROR a.f.a.t.b.SeqModelChecker - State 3: state invariant 0 violated. Check the counterexample in: 
  /Users/gavran/Documents/informal/tlaplusTutorial/hello_world_tutorial/generatingTraces/_apalache-out/multiple_traces.tla/2021-12-03T15-57-16_3835286226649467623/counterexample5.tla
  /Users/gavran/Documents/informal/tlaplusTutorial/hello_world_tutorial/generatingTraces/_apalache-out/multiple_traces.tla/2021-12-03T15-57-16_3835286226649467623/MC5.out
  /Users/gavran/Documents/informal/tlaplusTutorial/hello_world_tutorial/generatingTraces/_apalache-out/multiple_traces.tla/2021-12-03T15-57-16_3835286226649467623/counterexample5.json
15:57:22.089 [main] ERROR a.f.a.t.b.SeqModelChecker - State 3: state invariant 0 violated. Check the counterexample in: 
  /Users/gavran/Documents/informal/tlaplusTutorial/hello_world_tutorial/generatingTraces/_apalache-out/multiple_traces.tla/2021-12-03T15-57-16_3835286226649467623/counterexample6.tla
  /Users/gavran/Documents/informal/tlaplusTutorial/hello_world_tutorial/generatingTraces/_apalache-out/multiple_traces.tla/2021-12-03T15-57-16_3835286226649467623/MC6.out
  /Users/gavran/Documents/informal/tlaplusTutorial/hello_world_tutorial/generatingTraces/_apalache-out/multiple_traces.tla/2021-12-03T15-57-16_3835286226649467623/counterexample6.json
15:57:22.245 [main] ERROR a.f.a.t.b.SeqModelChecker - State 3: state invariant 0 violated. Check the counterexample in: 
  /Users/gavran/Documents/informal/tlaplusTutorial/hello_world_tutorial/generatingTraces/_apalache-out/multiple_traces.tla/2021-12-03T15-57-16_3835286226649467623/counterexample7.tla
  /Users/gavran/Documents/informal/tlaplusTutorial/hello_world_tutorial/generatingTraces/_apalache-out/multiple_traces.tla/2021-12-03T15-57-16_3835286226649467623/MC7.out
  /Users/gavran/Documents/informal/tlaplusTutorial/hello_world_tutorial/generatingTraces/_apalache-out/multiple_traces.tla/2021-12-03T15-57-16_3835286226649467623/counterexample7.json
15:57:22.363 [main] ERROR a.f.a.t.b.SeqModelChecker - State 3: state invariant 0 violated. Check the counterexample in: 
  /Users/gavran/Documents/informal/tlaplusTutorial/hello_world_tutorial/generatingTraces/_apalache-out/multiple_traces.tla/2021-12-03T15-57-16_3835286226649467623/counterexample8.tla
  /Users/gavran/Documents/informal/tlaplusTutorial/hello_world_tutorial/generatingTraces/_apalache-out/multiple_traces.tla/2021-12-03T15-57-16_3835286226649467623/MC8.out
  /Users/gavran/Documents/informal/tlaplusTutorial/hello_world_tutorial/generatingTraces/_apalache-out/multiple_traces.tla/2021-12-03T15-57-16_3835286226649467623/counterexample8.json
15:57:22.440 [main] ERROR a.f.a.t.b.SeqModelChecker - State 3: state invariant 0 violated. Check the counterexample in: 
  /Users/gavran/Documents/informal/tlaplusTutorial/hello_world_tutorial/generatingTraces/_apalache-out/multiple_traces.tla/2021-12-03T15-57-16_3835286226649467623/counterexample9.tla
  /Users/gavran/Documents/informal/tlaplusTutorial/hello_world_tutorial/generatingTraces/_apalache-out/multiple_traces.tla/2021-12-03T15-57-16_3835286226649467623/MC9.out
  /Users/gavran/Documents/informal/tlaplusTutorial/hello_world_tutorial/generatingTraces/_apalache-out/multiple_traces.tla/2021-12-03T15-57-16_3835286226649467623/counterexample9.json
15:57:22.538 [main] ERROR a.f.a.t.b.SeqModelChecker - State 3: state invariant 0 violated. Check the counterexample in: 
  /Users/gavran/Documents/informal/tlaplusTutorial/hello_world_tutorial/generatingTraces/_apalache-out/multiple_traces.tla/2021-12-03T15-57-16_3835286226649467623/counterexample10.tla
  /Users/gavran/Documents/informal/tlaplusTutorial/hello_world_tutorial/generatingTraces/_apalache-out/multiple_traces.tla/2021-12-03T15-57-16_3835286226649467623/MC10.out
  /Users/gavran/Documents/informal/tlaplusTutorial/hello_world_tutorial/generatingTraces/_apalache-out/multiple_traces.tla/2021-12-03T15-57-16_3835286226649467623/counterexample10.json
15:57:22.554 [main] INFO  a.f.a.t.b.SeqModelChecker - Found 10 error(s)
15:57:22.567 [main] INFO  a.f.a.t.b.p.BoundedCheckerPassImpl - The outcome is: Error
15:57:22.567 [main] DEBUG a.f.a.i.p.PassChainExecutor - PASS #13: BoundedChecker [FAIL]
15:57:22.567 [main] INFO  a.f.a.t.Tool$ - Checker has found an error
15:57:22.571 [main] INFO  a.f.a.t.Tool$ - It took me 0 days  0 hours  0 min  6 sec
15:57:22.571 [main] INFO  a.f.a.t.Tool$ - Total time: 6.270 sec
