15:59:45.303 [main] INFO  a.f.a.t.Tool$ - Checker options: filename=multiple_traces.tla, init=, next=, inv=ImportantIntIsOddUntil6
15:59:45.308 [main] INFO  a.f.a.t.Tool$ - Tuning: 
15:59:45.313 [main] INFO  a.f.a.i.p.PassChainExecutor - PASS #0: SanyParser
15:59:45.825 [main] DEBUG a.f.a.i.p.PassChainExecutor - PASS #0: SanyParser [OK]
15:59:45.826 [main] INFO  a.f.a.i.p.PassChainExecutor - PASS #1: TypeCheckerSnowcat
15:59:45.826 [main] INFO  a.f.a.t.t.p.EtcTypeCheckerPassImpl -  > Running Snowcat .::.
15:59:46.335 [main] INFO  a.f.a.t.t.p.EtcTypeCheckerPassImpl -  > Your types are great!
15:59:46.335 [main] INFO  a.f.a.t.t.p.EtcTypeCheckerPassImpl -  > All expressions are typed
15:59:46.336 [main] DEBUG a.f.a.i.p.PassChainExecutor - PASS #1: TypeCheckerSnowcat [OK]
15:59:46.337 [main] INFO  a.f.a.i.p.PassChainExecutor - PASS #2: ConfigurationPass
15:59:46.340 [main] INFO  a.f.a.t.p.p.ConfigurationPassImpl -   > multiple_traces.cfg: Loading TLC configuration
15:59:46.346 [main] INFO  a.f.a.t.p.p.ConfigurationPassImpl -   > No TLC configuration found. Skipping.
15:59:46.346 [main] INFO  a.f.a.t.p.p.ConfigurationPassImpl -   > Command line option --init is not set. Using Init
15:59:46.346 [main] INFO  a.f.a.t.p.p.ConfigurationPassImpl -   > Command line option --next is not set. Using Next
15:59:46.346 [main] INFO  a.f.a.t.p.p.ConfigurationPassImpl -   > Set the initialization predicate to Init
15:59:46.347 [main] INFO  a.f.a.t.p.p.ConfigurationPassImpl -   > Set the transition predicate to Next
15:59:46.348 [main] INFO  a.f.a.t.p.p.ConfigurationPassImpl -   > Set an invariant to ImportantIntIsOddUntil6
15:59:46.355 [main] DEBUG a.f.a.i.p.PassChainExecutor - PASS #2: ConfigurationPass [OK]
15:59:46.355 [main] INFO  a.f.a.i.p.PassChainExecutor - PASS #3: DesugarerPass
15:59:46.356 [main] INFO  a.f.a.t.p.p.DesugarerPassImpl -   > Desugaring...
15:59:46.382 [main] DEBUG a.f.a.i.p.PassChainExecutor - PASS #3: DesugarerPass [OK]
15:59:46.383 [main] INFO  a.f.a.i.p.PassChainExecutor - PASS #4: UnrollPass
15:59:46.417 [main] INFO  a.f.a.t.p.p.UnrollPassImpl -   > Unroller
15:59:46.443 [main] DEBUG a.f.a.i.p.PassChainExecutor - PASS #4: UnrollPass [OK]
15:59:46.444 [main] INFO  a.f.a.i.p.PassChainExecutor - PASS #5: InlinePass
15:59:46.450 [main] INFO  a.f.a.t.p.p.InlinePassImpl -   > InlinerOfUserOper
15:59:46.463 [main] INFO  a.f.a.t.p.p.InlinePassImpl -   > Wrap
15:59:46.466 [main] INFO  a.f.a.t.p.p.InlinePassImpl -   > CallByNameOperatorEmbedder
15:59:46.473 [main] INFO  a.f.a.t.p.p.InlinePassImpl -   > LetInExpander
15:59:46.479 [main] INFO  a.f.a.t.p.p.InlinePassImpl -   > Unwrap
15:59:46.481 [main] INFO  a.f.a.t.p.p.InlinePassImpl -   > InlinerOfUserOper
15:59:46.507 [main] INFO  a.f.a.t.p.p.InlinePassImpl - Leaving only relevant operators: CInitPrimed, ImportantIntIsOddUntil6, Init, InitPrimed, Next, View
15:59:46.515 [main] DEBUG a.f.a.i.p.PassChainExecutor - PASS #5: InlinePass [OK]
15:59:46.516 [main] INFO  a.f.a.i.p.PassChainExecutor - PASS #6: PrimingPass
15:59:46.520 [main] INFO  a.f.a.t.a.p.PrimingPassImpl -   > Introducing InitPrimed for Init'
15:59:46.522 [main] DEBUG a.f.a.i.p.PassChainExecutor - PASS #6: PrimingPass [OK]
15:59:46.523 [main] INFO  a.f.a.i.p.PassChainExecutor - PASS #7: VCGen
15:59:46.525 [main] INFO  a.f.a.t.b.p.VCGenPassImpl -   > Producing verification conditions from the invariant ImportantIntIsOddUntil6
15:59:46.525 [main] INFO  a.f.a.t.b.p.VCGenPassImpl -   > Using state view View
15:59:46.541 [main] DEBUG a.f.a.i.p.PassChainExecutor - PASS #7: VCGen [OK]
15:59:46.542 [main] INFO  a.f.a.i.p.PassChainExecutor - PASS #8: PreprocessingPass
15:59:46.542 [main] INFO  a.f.a.t.p.p.PreproPassImpl -   > Before preprocessing: unique renaming
15:59:46.551 [main] INFO  a.f.a.t.p.p.PreproPassImpl -  > Applying standard transformations:
15:59:46.553 [main] INFO  a.f.a.t.p.p.PreproPassImpl -   > PrimePropagation
15:59:46.556 [main] INFO  a.f.a.t.p.p.PreproPassImpl -   > Desugarer
15:59:46.558 [main] INFO  a.f.a.t.p.p.PreproPassImpl -   > UniqueRenamer
15:59:46.576 [main] INFO  a.f.a.t.p.p.PreproPassImpl -   > Normalizer
15:59:46.589 [main] INFO  a.f.a.t.p.p.PreproPassImpl -   > Keramelizer
15:59:46.602 [main] INFO  a.f.a.t.p.p.PreproPassImpl -   > After preprocessing: UniqueRenamer
15:59:46.627 [main] DEBUG a.f.a.i.p.PassChainExecutor - PASS #8: PreprocessingPass [OK]
15:59:46.631 [main] INFO  a.f.a.i.p.PassChainExecutor - PASS #9: TransitionFinderPass
15:59:46.665 [main] INFO  a.f.a.t.a.p.TransitionPassImpl -   > Found 1 initializing transitions
15:59:46.684 [main] INFO  a.f.a.t.a.p.TransitionPassImpl -   > Found 2 transitions
15:59:46.684 [main] INFO  a.f.a.t.a.p.TransitionPassImpl -   > No constant initializer
15:59:46.686 [main] INFO  a.f.a.t.a.p.TransitionPassImpl -   > Applying unique renaming
15:59:46.694 [main] DEBUG a.f.a.i.p.PassChainExecutor - PASS #9: TransitionFinderPass [OK]
15:59:46.696 [main] INFO  a.f.a.i.p.PassChainExecutor - PASS #10: OptimizationPass
15:59:46.703 [main] INFO  a.f.a.t.p.p.OptPassImpl -  > Applying optimizations:
15:59:46.704 [main] INFO  a.f.a.t.p.p.OptPassImpl -   > ConstSimplifier
15:59:46.710 [main] INFO  a.f.a.t.p.p.OptPassImpl -   > ExprOptimizer
15:59:46.712 [main] INFO  a.f.a.t.p.p.OptPassImpl -   > ConstSimplifier
15:59:46.714 [main] DEBUG a.f.a.i.p.PassChainExecutor - PASS #10: OptimizationPass [OK]
15:59:46.715 [main] INFO  a.f.a.i.p.PassChainExecutor - PASS #11: AnalysisPass
15:59:46.722 [main] INFO  a.f.a.t.b.p.AnalysisPassImpl -  > Marking skolemizable existentials and sets to be expanded...
15:59:46.723 [main] INFO  a.f.a.t.b.p.AnalysisPassImpl -   > Skolemization
15:59:46.727 [main] INFO  a.f.a.t.b.p.AnalysisPassImpl -   > Expansion
15:59:46.738 [main] INFO  a.f.a.t.b.p.AnalysisPassImpl -   > Remove unused let-in defs
15:59:46.745 [main] INFO  a.f.a.t.b.p.AnalysisPassImpl -  > Running analyzers...
15:59:46.750 [main] INFO  a.f.a.t.b.p.AnalysisPassImpl -   > Introduced expression grades
15:59:46.751 [main] INFO  a.f.a.t.b.p.AnalysisPassImpl -   > Introduced 3 formula hints
15:59:46.751 [main] DEBUG a.f.a.i.p.PassChainExecutor - PASS #11: AnalysisPass [OK]
15:59:46.752 [main] INFO  a.f.a.i.p.PassChainExecutor - PASS #12: PostTypeCheckerSnowcat
15:59:46.752 [main] INFO  a.f.a.t.b.p.PostTypeCheckerPassImpl -  > Running Snowcat .::.
15:59:47.022 [main] INFO  a.f.a.t.b.p.PostTypeCheckerPassImpl -  > Your types are great!
15:59:47.023 [main] INFO  a.f.a.t.b.p.PostTypeCheckerPassImpl -  > All expressions are typed
15:59:47.023 [main] DEBUG a.f.a.i.p.PassChainExecutor - PASS #12: PostTypeCheckerSnowcat [OK]
15:59:47.024 [main] INFO  a.f.a.i.p.PassChainExecutor - PASS #13: BoundedChecker
15:59:48.278 [main] DEBUG a.f.a.t.b.t.TransitionExecutorImpl - Step #0, transition #0
15:59:48.279 [main] DEBUG a.f.a.t.b.t.TransitionExecutorImpl - Translating to SMT...
15:59:48.351 [main] DEBUG a.f.a.t.b.SeqModelChecker - Step 0: Transition #0. Is it enabled?
15:59:48.354 [main] DEBUG a.f.a.t.b.SeqModelChecker - Step 0: Transition #0 is enabled
15:59:48.361 [main] INFO  a.f.a.t.b.t.TransitionExecutorImpl - Step 0: picking a transition out of 1 transition(s)
15:59:48.369 [main] INFO  a.f.a.t.b.SeqModelChecker - State 0: Checking 1 trace invariant(s)
15:59:48.370 [main] DEBUG a.f.a.t.b.SeqModelChecker - State 0: Checking trace invariant 0
15:59:48.438 [main] DEBUG a.f.a.t.b.t.TransitionExecutorImpl - Step #1, transition #0
15:59:48.438 [main] DEBUG a.f.a.t.b.t.TransitionExecutorImpl - Translating to SMT...
15:59:48.457 [main] DEBUG a.f.a.t.b.SeqModelChecker - Step 1: Transition #0. Is it enabled?
15:59:48.458 [main] DEBUG a.f.a.t.b.SeqModelChecker - Step 1: Transition #0 is enabled
15:59:48.458 [main] DEBUG a.f.a.t.b.t.TransitionExecutorImpl - Step #1, transition #1
15:59:48.459 [main] DEBUG a.f.a.t.b.t.TransitionExecutorImpl - Translating to SMT...
15:59:48.465 [main] DEBUG a.f.a.t.b.SeqModelChecker - Step 1: Transition #1. Is it enabled?
15:59:48.465 [main] DEBUG a.f.a.t.b.SeqModelChecker - Step 1: Transition #1 is enabled
15:59:48.467 [main] INFO  a.f.a.t.b.t.TransitionExecutorImpl - Step 1: picking a transition out of 2 transition(s)
15:59:48.473 [main] INFO  a.f.a.t.b.SeqModelChecker - State 1: Checking 1 trace invariant(s)
15:59:48.473 [main] DEBUG a.f.a.t.b.SeqModelChecker - State 1: Checking trace invariant 0
15:59:48.522 [main] DEBUG a.f.a.t.b.t.TransitionExecutorImpl - Step #2, transition #0
15:59:48.522 [main] DEBUG a.f.a.t.b.t.TransitionExecutorImpl - Translating to SMT...
15:59:48.532 [main] DEBUG a.f.a.t.b.SeqModelChecker - Step 2: Transition #0. Is it enabled?
15:59:48.533 [main] DEBUG a.f.a.t.b.SeqModelChecker - Step 2: Transition #0 is enabled
15:59:48.533 [main] DEBUG a.f.a.t.b.t.TransitionExecutorImpl - Step #2, transition #1
15:59:48.534 [main] DEBUG a.f.a.t.b.t.TransitionExecutorImpl - Translating to SMT...
15:59:48.537 [main] DEBUG a.f.a.t.b.SeqModelChecker - Step 2: Transition #1. Is it enabled?
15:59:48.537 [main] DEBUG a.f.a.t.b.SeqModelChecker - Step 2: Transition #1 is enabled
15:59:48.538 [main] INFO  a.f.a.t.b.t.TransitionExecutorImpl - Step 2: picking a transition out of 2 transition(s)
15:59:48.541 [main] INFO  a.f.a.t.b.SeqModelChecker - State 2: Checking 1 trace invariant(s)
15:59:48.541 [main] DEBUG a.f.a.t.b.SeqModelChecker - State 2: Checking trace invariant 0
15:59:48.835 [main] ERROR a.f.a.t.b.SeqModelChecker - State 2: trace invariant 0 violated. Check the counterexample in: 
  /Users/gavran/Documents/informal/tlaplusTutorial/hello_world_tutorial/generatingTraces/_apalache-out/multiple_traces.tla/2021-12-03T15-59-45_1888092123563871334/counterexample1.tla
  /Users/gavran/Documents/informal/tlaplusTutorial/hello_world_tutorial/generatingTraces/_apalache-out/multiple_traces.tla/2021-12-03T15-59-45_1888092123563871334/MC1.out
  /Users/gavran/Documents/informal/tlaplusTutorial/hello_world_tutorial/generatingTraces/_apalache-out/multiple_traces.tla/2021-12-03T15-59-45_1888092123563871334/counterexample1.json
15:59:48.929 [main] DEBUG a.f.a.t.b.t.TransitionExecutorImpl - Step #3, transition #0
15:59:48.929 [main] DEBUG a.f.a.t.b.t.TransitionExecutorImpl - Translating to SMT...
15:59:48.932 [main] DEBUG a.f.a.t.b.SeqModelChecker - Step 3: Transition #0. Is it enabled?
15:59:48.933 [main] DEBUG a.f.a.t.b.SeqModelChecker - Step 3: Transition #0 is enabled
15:59:48.934 [main] DEBUG a.f.a.t.b.t.TransitionExecutorImpl - Step #3, transition #1
15:59:48.934 [main] DEBUG a.f.a.t.b.t.TransitionExecutorImpl - Translating to SMT...
15:59:48.936 [main] DEBUG a.f.a.t.b.SeqModelChecker - Step 3: Transition #1. Is it enabled?
15:59:48.937 [main] DEBUG a.f.a.t.b.SeqModelChecker - Step 3: Transition #1 is enabled
15:59:48.938 [main] INFO  a.f.a.t.b.t.TransitionExecutorImpl - Step 3: picking a transition out of 2 transition(s)
15:59:48.940 [main] INFO  a.f.a.t.b.SeqModelChecker - State 3: Checking 1 trace invariant(s)
15:59:48.941 [main] DEBUG a.f.a.t.b.SeqModelChecker - State 3: Checking trace invariant 0
15:59:49.059 [main] ERROR a.f.a.t.b.SeqModelChecker - State 3: trace invariant 0 violated. Check the counterexample in: 
  /Users/gavran/Documents/informal/tlaplusTutorial/hello_world_tutorial/generatingTraces/_apalache-out/multiple_traces.tla/2021-12-03T15-59-45_1888092123563871334/counterexample2.tla
  /Users/gavran/Documents/informal/tlaplusTutorial/hello_world_tutorial/generatingTraces/_apalache-out/multiple_traces.tla/2021-12-03T15-59-45_1888092123563871334/MC2.out
  /Users/gavran/Documents/informal/tlaplusTutorial/hello_world_tutorial/generatingTraces/_apalache-out/multiple_traces.tla/2021-12-03T15-59-45_1888092123563871334/counterexample2.json
15:59:49.177 [main] ERROR a.f.a.t.b.SeqModelChecker - State 3: trace invariant 0 violated. Check the counterexample in: 
  /Users/gavran/Documents/informal/tlaplusTutorial/hello_world_tutorial/generatingTraces/_apalache-out/multiple_traces.tla/2021-12-03T15-59-45_1888092123563871334/counterexample3.tla
  /Users/gavran/Documents/informal/tlaplusTutorial/hello_world_tutorial/generatingTraces/_apalache-out/multiple_traces.tla/2021-12-03T15-59-45_1888092123563871334/MC3.out
  /Users/gavran/Documents/informal/tlaplusTutorial/hello_world_tutorial/generatingTraces/_apalache-out/multiple_traces.tla/2021-12-03T15-59-45_1888092123563871334/counterexample3.json
15:59:49.347 [main] ERROR a.f.a.t.b.SeqModelChecker - State 3: trace invariant 0 violated. Check the counterexample in: 
  /Users/gavran/Documents/informal/tlaplusTutorial/hello_world_tutorial/generatingTraces/_apalache-out/multiple_traces.tla/2021-12-03T15-59-45_1888092123563871334/counterexample4.tla
  /Users/gavran/Documents/informal/tlaplusTutorial/hello_world_tutorial/generatingTraces/_apalache-out/multiple_traces.tla/2021-12-03T15-59-45_1888092123563871334/MC4.out
  /Users/gavran/Documents/informal/tlaplusTutorial/hello_world_tutorial/generatingTraces/_apalache-out/multiple_traces.tla/2021-12-03T15-59-45_1888092123563871334/counterexample4.json
15:59:49.476 [main] ERROR a.f.a.t.b.SeqModelChecker - State 3: trace invariant 0 violated. Check the counterexample in: 
  /Users/gavran/Documents/informal/tlaplusTutorial/hello_world_tutorial/generatingTraces/_apalache-out/multiple_traces.tla/2021-12-03T15-59-45_1888092123563871334/counterexample5.tla
  /Users/gavran/Documents/informal/tlaplusTutorial/hello_world_tutorial/generatingTraces/_apalache-out/multiple_traces.tla/2021-12-03T15-59-45_1888092123563871334/MC5.out
  /Users/gavran/Documents/informal/tlaplusTutorial/hello_world_tutorial/generatingTraces/_apalache-out/multiple_traces.tla/2021-12-03T15-59-45_1888092123563871334/counterexample5.json
15:59:49.539 [main] DEBUG a.f.a.t.b.t.TransitionExecutorImpl - Step #4, transition #0
15:59:49.539 [main] DEBUG a.f.a.t.b.t.TransitionExecutorImpl - Translating to SMT...
15:59:49.542 [main] DEBUG a.f.a.t.b.SeqModelChecker - Step 4: Transition #0. Is it enabled?
15:59:49.543 [main] DEBUG a.f.a.t.b.SeqModelChecker - Step 4: Transition #0 is enabled
15:59:49.544 [main] DEBUG a.f.a.t.b.t.TransitionExecutorImpl - Step #4, transition #1
15:59:49.544 [main] DEBUG a.f.a.t.b.t.TransitionExecutorImpl - Translating to SMT...
15:59:49.545 [main] DEBUG a.f.a.t.b.SeqModelChecker - Step 4: Transition #1. Is it enabled?
15:59:49.547 [main] DEBUG a.f.a.t.b.SeqModelChecker - Step 4: Transition #1 is enabled
15:59:49.548 [main] INFO  a.f.a.t.b.t.TransitionExecutorImpl - Step 4: picking a transition out of 2 transition(s)
15:59:49.550 [main] INFO  a.f.a.t.b.SeqModelChecker - State 4: Checking 1 trace invariant(s)
15:59:49.550 [main] DEBUG a.f.a.t.b.SeqModelChecker - State 4: Checking trace invariant 0
15:59:49.647 [main] ERROR a.f.a.t.b.SeqModelChecker - State 4: trace invariant 0 violated. Check the counterexample in: 
  /Users/gavran/Documents/informal/tlaplusTutorial/hello_world_tutorial/generatingTraces/_apalache-out/multiple_traces.tla/2021-12-03T15-59-45_1888092123563871334/counterexample6.tla
  /Users/gavran/Documents/informal/tlaplusTutorial/hello_world_tutorial/generatingTraces/_apalache-out/multiple_traces.tla/2021-12-03T15-59-45_1888092123563871334/MC6.out
  /Users/gavran/Documents/informal/tlaplusTutorial/hello_world_tutorial/generatingTraces/_apalache-out/multiple_traces.tla/2021-12-03T15-59-45_1888092123563871334/counterexample6.json
15:59:49.763 [main] ERROR a.f.a.t.b.SeqModelChecker - State 4: trace invariant 0 violated. Check the counterexample in: 
  /Users/gavran/Documents/informal/tlaplusTutorial/hello_world_tutorial/generatingTraces/_apalache-out/multiple_traces.tla/2021-12-03T15-59-45_1888092123563871334/counterexample7.tla
  /Users/gavran/Documents/informal/tlaplusTutorial/hello_world_tutorial/generatingTraces/_apalache-out/multiple_traces.tla/2021-12-03T15-59-45_1888092123563871334/MC7.out
  /Users/gavran/Documents/informal/tlaplusTutorial/hello_world_tutorial/generatingTraces/_apalache-out/multiple_traces.tla/2021-12-03T15-59-45_1888092123563871334/counterexample7.json
15:59:49.844 [main] ERROR a.f.a.t.b.SeqModelChecker - State 4: trace invariant 0 violated. Check the counterexample in: 
  /Users/gavran/Documents/informal/tlaplusTutorial/hello_world_tutorial/generatingTraces/_apalache-out/multiple_traces.tla/2021-12-03T15-59-45_1888092123563871334/counterexample8.tla
  /Users/gavran/Documents/informal/tlaplusTutorial/hello_world_tutorial/generatingTraces/_apalache-out/multiple_traces.tla/2021-12-03T15-59-45_1888092123563871334/MC8.out
  /Users/gavran/Documents/informal/tlaplusTutorial/hello_world_tutorial/generatingTraces/_apalache-out/multiple_traces.tla/2021-12-03T15-59-45_1888092123563871334/counterexample8.json
15:59:49.936 [main] ERROR a.f.a.t.b.SeqModelChecker - State 4: trace invariant 0 violated. Check the counterexample in: 
  /Users/gavran/Documents/informal/tlaplusTutorial/hello_world_tutorial/generatingTraces/_apalache-out/multiple_traces.tla/2021-12-03T15-59-45_1888092123563871334/counterexample9.tla
  /Users/gavran/Documents/informal/tlaplusTutorial/hello_world_tutorial/generatingTraces/_apalache-out/multiple_traces.tla/2021-12-03T15-59-45_1888092123563871334/MC9.out
  /Users/gavran/Documents/informal/tlaplusTutorial/hello_world_tutorial/generatingTraces/_apalache-out/multiple_traces.tla/2021-12-03T15-59-45_1888092123563871334/counterexample9.json
15:59:50.022 [main] ERROR a.f.a.t.b.SeqModelChecker - State 4: trace invariant 0 violated. Check the counterexample in: 
  /Users/gavran/Documents/informal/tlaplusTutorial/hello_world_tutorial/generatingTraces/_apalache-out/multiple_traces.tla/2021-12-03T15-59-45_1888092123563871334/counterexample10.tla
  /Users/gavran/Documents/informal/tlaplusTutorial/hello_world_tutorial/generatingTraces/_apalache-out/multiple_traces.tla/2021-12-03T15-59-45_1888092123563871334/MC10.out
  /Users/gavran/Documents/informal/tlaplusTutorial/hello_world_tutorial/generatingTraces/_apalache-out/multiple_traces.tla/2021-12-03T15-59-45_1888092123563871334/counterexample10.json
15:59:50.031 [main] INFO  a.f.a.t.b.SeqModelChecker - Found 10 error(s)
15:59:50.046 [main] INFO  a.f.a.t.b.p.BoundedCheckerPassImpl - The outcome is: Error
15:59:50.047 [main] DEBUG a.f.a.i.p.PassChainExecutor - PASS #13: BoundedChecker [FAIL]
15:59:50.047 [main] INFO  a.f.a.t.Tool$ - Checker has found an error
15:59:50.051 [main] INFO  a.f.a.t.Tool$ - It took me 0 days  0 hours  0 min  5 sec
15:59:50.051 [main] INFO  a.f.a.t.Tool$ - Total time: 5.213 sec
