22:19:59.604 [main] INFO  a.f.a.t.Tool$ - Checker options: filename=jugs.tla, init=, next=, inv=
22:19:59.610 [main] INFO  a.f.a.t.Tool$ - Tuning: 
22:19:59.616 [main] INFO  a.f.a.i.p.PassChainExecutor - PASS #0: SanyParser
22:20:00.196 [main] DEBUG a.f.a.i.p.PassChainExecutor - PASS #0: SanyParser [OK]
22:20:00.197 [main] INFO  a.f.a.i.p.PassChainExecutor - PASS #1: TypeCheckerSnowcat
22:20:00.197 [main] INFO  a.f.a.t.t.p.EtcTypeCheckerPassImpl -  > Running Snowcat .::.
22:20:00.553 [main] INFO  a.f.a.t.t.p.EtcTypeCheckerPassImpl -  > Your types are great!
22:20:00.553 [main] INFO  a.f.a.t.t.p.EtcTypeCheckerPassImpl -  > All expressions are typed
22:20:00.554 [main] DEBUG a.f.a.i.p.PassChainExecutor - PASS #1: TypeCheckerSnowcat [OK]
22:20:00.555 [main] INFO  a.f.a.i.p.PassChainExecutor - PASS #2: ConfigurationPass
22:20:00.559 [main] INFO  a.f.a.t.p.p.ConfigurationPassImpl -   > jugs.cfg: Loading TLC configuration
22:20:00.657 [main] INFO  a.f.a.t.p.p.ConfigurationPassImpl -   > Using the init predicate Init from the TLC config
22:20:00.658 [main] INFO  a.f.a.t.p.p.ConfigurationPassImpl -   > Using the next predicate Next from the TLC config
22:20:00.658 [main] INFO  a.f.a.t.p.p.ConfigurationPassImpl -   > jugs.cfg: found INVARIANTS: NoFourLiters
22:20:00.660 [main] INFO  a.f.a.t.p.p.ConfigurationPassImpl -   > Set the initialization predicate to Init
22:20:00.661 [main] INFO  a.f.a.t.p.p.ConfigurationPassImpl -   > Set the transition predicate to Next
22:20:00.662 [main] INFO  a.f.a.t.p.p.ConfigurationPassImpl -   > Set an invariant to NoFourLiters
22:20:00.670 [main] DEBUG a.f.a.i.p.PassChainExecutor - PASS #2: ConfigurationPass [OK]
22:20:00.670 [main] INFO  a.f.a.i.p.PassChainExecutor - PASS #3: DesugarerPass
22:20:00.671 [main] INFO  a.f.a.t.p.p.DesugarerPassImpl -   > Desugaring...
22:20:00.691 [main] DEBUG a.f.a.i.p.PassChainExecutor - PASS #3: DesugarerPass [OK]
22:20:00.694 [main] INFO  a.f.a.i.p.PassChainExecutor - PASS #4: UnrollPass
22:20:00.727 [main] INFO  a.f.a.t.p.p.UnrollPassImpl -   > Unroller
22:20:00.746 [main] DEBUG a.f.a.i.p.PassChainExecutor - PASS #4: UnrollPass [OK]
22:20:00.748 [main] INFO  a.f.a.i.p.PassChainExecutor - PASS #5: InlinePass
22:20:00.755 [main] INFO  a.f.a.t.p.p.InlinePassImpl -   > InlinerOfUserOper
22:20:00.768 [main] INFO  a.f.a.t.p.p.InlinePassImpl -   > Wrap
22:20:00.771 [main] INFO  a.f.a.t.p.p.InlinePassImpl -   > CallByNameOperatorEmbedder
22:20:00.775 [main] INFO  a.f.a.t.p.p.InlinePassImpl -   > LetInExpander
22:20:00.778 [main] INFO  a.f.a.t.p.p.InlinePassImpl -   > Unwrap
22:20:00.780 [main] INFO  a.f.a.t.p.p.InlinePassImpl -   > InlinerOfUserOper
22:20:00.795 [main] INFO  a.f.a.t.p.p.InlinePassImpl - Leaving only relevant operators: CInitPrimed, Init, InitPrimed, Next, NoFourLiters
22:20:00.803 [main] DEBUG a.f.a.i.p.PassChainExecutor - PASS #5: InlinePass [OK]
22:20:00.804 [main] INFO  a.f.a.i.p.PassChainExecutor - PASS #6: PrimingPass
22:20:00.808 [main] INFO  a.f.a.t.a.p.PrimingPassImpl -   > Introducing InitPrimed for Init'
22:20:00.812 [main] DEBUG a.f.a.i.p.PassChainExecutor - PASS #6: PrimingPass [OK]
22:20:00.814 [main] INFO  a.f.a.i.p.PassChainExecutor - PASS #7: VCGen
22:20:00.815 [main] INFO  a.f.a.t.b.p.VCGenPassImpl -   > Producing verification conditions from the invariant NoFourLiters
22:20:00.830 [main] INFO  a.f.a.t.b.VCGenerator -   > VCGen produced 1 verification condition(s)
22:20:00.832 [main] DEBUG a.f.a.i.p.PassChainExecutor - PASS #7: VCGen [OK]
22:20:00.832 [main] INFO  a.f.a.i.p.PassChainExecutor - PASS #8: PreprocessingPass
22:20:00.832 [main] INFO  a.f.a.t.p.p.PreproPassImpl -   > Before preprocessing: unique renaming
22:20:00.846 [main] INFO  a.f.a.t.p.p.PreproPassImpl -  > Applying standard transformations:
22:20:00.848 [main] INFO  a.f.a.t.p.p.PreproPassImpl -   > PrimePropagation
22:20:00.853 [main] INFO  a.f.a.t.p.p.PreproPassImpl -   > Desugarer
22:20:00.861 [main] INFO  a.f.a.t.p.p.PreproPassImpl -   > UniqueRenamer
22:20:00.883 [main] INFO  a.f.a.t.p.p.PreproPassImpl -   > Normalizer
22:20:00.895 [main] INFO  a.f.a.t.p.p.PreproPassImpl -   > Keramelizer
22:20:00.909 [main] INFO  a.f.a.t.p.p.PreproPassImpl -   > After preprocessing: UniqueRenamer
22:20:00.924 [main] DEBUG a.f.a.i.p.PassChainExecutor - PASS #8: PreprocessingPass [OK]
22:20:00.926 [main] INFO  a.f.a.i.p.PassChainExecutor - PASS #9: TransitionFinderPass
22:20:01.023 [main] INFO  a.f.a.t.a.p.TransitionPassImpl -   > Found 1 initializing transitions
22:20:01.062 [main] INFO  a.f.a.t.a.p.TransitionPassImpl -   > Found 8 transitions
22:20:01.063 [main] INFO  a.f.a.t.a.p.TransitionPassImpl -   > No constant initializer
22:20:01.066 [main] INFO  a.f.a.t.a.p.TransitionPassImpl -   > Applying unique renaming
22:20:01.077 [main] DEBUG a.f.a.i.p.PassChainExecutor - PASS #9: TransitionFinderPass [OK]
22:20:01.079 [main] INFO  a.f.a.i.p.PassChainExecutor - PASS #10: OptimizationPass
22:20:01.092 [main] INFO  a.f.a.t.p.p.OptPassImpl -  > Applying optimizations:
22:20:01.095 [main] INFO  a.f.a.t.p.p.OptPassImpl -   > ConstSimplifier
22:20:01.108 [main] INFO  a.f.a.t.p.p.OptPassImpl -   > ExprOptimizer
22:20:01.113 [main] INFO  a.f.a.t.p.p.OptPassImpl -   > ConstSimplifier
22:20:01.117 [main] DEBUG a.f.a.i.p.PassChainExecutor - PASS #10: OptimizationPass [OK]
22:20:01.120 [main] INFO  a.f.a.i.p.PassChainExecutor - PASS #11: AnalysisPass
22:20:01.125 [main] INFO  a.f.a.t.b.p.AnalysisPassImpl -  > Marking skolemizable existentials and sets to be expanded...
22:20:01.126 [main] INFO  a.f.a.t.b.p.AnalysisPassImpl -   > Skolemization
22:20:01.128 [main] INFO  a.f.a.t.b.p.AnalysisPassImpl -   > Expansion
22:20:01.133 [main] INFO  a.f.a.t.b.p.AnalysisPassImpl -   > Remove unused let-in defs
22:20:01.136 [main] INFO  a.f.a.t.b.p.AnalysisPassImpl -  > Running analyzers...
22:20:01.142 [main] INFO  a.f.a.t.b.p.AnalysisPassImpl -   > Introduced expression grades
22:20:01.142 [main] INFO  a.f.a.t.b.p.AnalysisPassImpl -   > Introduced 9 formula hints
22:20:01.143 [main] DEBUG a.f.a.i.p.PassChainExecutor - PASS #11: AnalysisPass [OK]
22:20:01.143 [main] INFO  a.f.a.i.p.PassChainExecutor - PASS #12: PostTypeCheckerSnowcat
22:20:01.143 [main] INFO  a.f.a.t.b.p.PostTypeCheckerPassImpl -  > Running Snowcat .::.
22:20:01.306 [main] INFO  a.f.a.t.b.p.PostTypeCheckerPassImpl -  > Your types are great!
22:20:01.307 [main] INFO  a.f.a.t.b.p.PostTypeCheckerPassImpl -  > All expressions are typed
22:20:01.307 [main] DEBUG a.f.a.i.p.PassChainExecutor - PASS #12: PostTypeCheckerSnowcat [OK]
22:20:01.308 [main] INFO  a.f.a.i.p.PassChainExecutor - PASS #13: BoundedChecker
22:20:02.765 [main] DEBUG a.f.a.t.b.t.TransitionExecutorImpl - Step #0, transition #0
22:20:02.766 [main] DEBUG a.f.a.t.b.t.TransitionExecutorImpl - Translating to SMT...
22:20:02.835 [main] DEBUG a.f.a.t.b.SeqModelChecker - Step 0: Transition #0. Is it enabled?
22:20:02.838 [main] DEBUG a.f.a.t.b.SeqModelChecker - Step 0: Transition #0 is enabled
22:20:02.838 [main] INFO  a.f.a.t.b.SeqModelChecker - State 0: Checking 1 state invariants
22:20:02.841 [main] DEBUG a.f.a.t.b.SeqModelChecker - State 0: Checking state invariant 0
22:20:02.850 [main] INFO  a.f.a.t.b.t.TransitionExecutorImpl - Step 0: picking a transition out of 1 transition(s)
22:20:02.860 [main] DEBUG a.f.a.t.b.t.TransitionExecutorImpl - Step #1, transition #0
22:20:02.860 [main] DEBUG a.f.a.t.b.t.TransitionExecutorImpl - Translating to SMT...
22:20:02.863 [main] DEBUG a.f.a.t.b.SeqModelChecker - Step 1: Transition #0. Is it enabled?
22:20:02.863 [main] DEBUG a.f.a.t.b.SeqModelChecker - Step 1: Transition #0 is enabled
22:20:02.864 [main] DEBUG a.f.a.t.b.t.TransitionExecutorImpl - Step #1, transition #1
22:20:02.864 [main] DEBUG a.f.a.t.b.t.TransitionExecutorImpl - Translating to SMT...
22:20:02.866 [main] DEBUG a.f.a.t.b.SeqModelChecker - Step 1: Transition #1. Is it enabled?
22:20:02.866 [main] DEBUG a.f.a.t.b.SeqModelChecker - Step 1: Transition #1 is enabled
22:20:02.866 [main] DEBUG a.f.a.t.b.t.TransitionExecutorImpl - Step #1, transition #2
22:20:02.867 [main] DEBUG a.f.a.t.b.t.TransitionExecutorImpl - Translating to SMT...
22:20:02.868 [main] DEBUG a.f.a.t.b.SeqModelChecker - Step 1: Transition #2. Is it enabled?
22:20:02.868 [main] DEBUG a.f.a.t.b.SeqModelChecker - Step 1: Transition #2 is enabled
22:20:02.869 [main] DEBUG a.f.a.t.b.t.TransitionExecutorImpl - Step #1, transition #3
22:20:02.869 [main] DEBUG a.f.a.t.b.t.TransitionExecutorImpl - Translating to SMT...
22:20:02.871 [main] DEBUG a.f.a.t.b.SeqModelChecker - Step 1: Transition #3. Is it enabled?
22:20:02.871 [main] DEBUG a.f.a.t.b.SeqModelChecker - Step 1: Transition #3 is enabled
22:20:02.872 [main] DEBUG a.f.a.t.b.t.TransitionExecutorImpl - Step #1, transition #4
22:20:02.872 [main] DEBUG a.f.a.t.b.t.TransitionExecutorImpl - Translating to SMT...
22:20:02.881 [main] DEBUG a.f.a.t.b.SeqModelChecker - Step 1: Transition #4. Is it enabled?
22:20:02.881 [main] DEBUG a.f.a.t.b.SeqModelChecker - Step 1: Transition #4 is enabled
22:20:02.881 [main] INFO  a.f.a.t.b.SeqModelChecker - State 1: Checking 1 state invariants
22:20:02.882 [main] DEBUG a.f.a.t.b.SeqModelChecker - State 1: Checking state invariant 0
22:20:02.884 [main] DEBUG a.f.a.t.b.t.TransitionExecutorImpl - Step #1, transition #5
22:20:02.884 [main] DEBUG a.f.a.t.b.t.TransitionExecutorImpl - Translating to SMT...
22:20:02.892 [main] DEBUG a.f.a.t.b.SeqModelChecker - Step 1: Transition #5. Is it enabled?
22:20:02.894 [main] INFO  a.f.a.t.b.SeqModelChecker - Step 1: Transition #5 is disabled
22:20:02.895 [main] DEBUG a.f.a.t.b.t.TransitionExecutorImpl - Step #1, transition #6
22:20:02.895 [main] DEBUG a.f.a.t.b.t.TransitionExecutorImpl - Translating to SMT...
22:20:02.898 [main] DEBUG a.f.a.t.b.SeqModelChecker - Step 1: Transition #6. Is it enabled?
22:20:02.898 [main] DEBUG a.f.a.t.b.SeqModelChecker - Step 1: Transition #6 is enabled
22:20:02.899 [main] DEBUG a.f.a.t.b.t.TransitionExecutorImpl - Step #1, transition #7
22:20:02.899 [main] DEBUG a.f.a.t.b.t.TransitionExecutorImpl - Translating to SMT...
22:20:02.902 [main] DEBUG a.f.a.t.b.SeqModelChecker - Step 1: Transition #7. Is it enabled?
22:20:02.902 [main] INFO  a.f.a.t.b.SeqModelChecker - Step 1: Transition #7 is disabled
22:20:02.903 [main] INFO  a.f.a.t.b.t.TransitionExecutorImpl - Step 1: picking a transition out of 6 transition(s)
22:20:02.925 [main] DEBUG a.f.a.t.b.t.TransitionExecutorImpl - Step #2, transition #0
22:20:02.925 [main] DEBUG a.f.a.t.b.t.TransitionExecutorImpl - Translating to SMT...
22:20:02.927 [main] DEBUG a.f.a.t.b.SeqModelChecker - Step 2: Transition #0. Is it enabled?
22:20:02.927 [main] DEBUG a.f.a.t.b.SeqModelChecker - Step 2: Transition #0 is enabled
22:20:02.927 [main] INFO  a.f.a.t.b.SeqModelChecker - State 2: Checking 1 state invariants
22:20:02.927 [main] DEBUG a.f.a.t.b.SeqModelChecker - State 2: Checking state invariant 0
22:20:02.929 [main] DEBUG a.f.a.t.b.t.TransitionExecutorImpl - Step #2, transition #1
22:20:02.929 [main] DEBUG a.f.a.t.b.t.TransitionExecutorImpl - Translating to SMT...
22:20:02.930 [main] DEBUG a.f.a.t.b.SeqModelChecker - Step 2: Transition #1. Is it enabled?
22:20:02.931 [main] DEBUG a.f.a.t.b.SeqModelChecker - Step 2: Transition #1 is enabled
22:20:02.931 [main] DEBUG a.f.a.t.b.t.TransitionExecutorImpl - Step #2, transition #2
22:20:02.931 [main] DEBUG a.f.a.t.b.t.TransitionExecutorImpl - Translating to SMT...
22:20:02.933 [main] DEBUG a.f.a.t.b.SeqModelChecker - Step 2: Transition #2. Is it enabled?
22:20:02.933 [main] DEBUG a.f.a.t.b.SeqModelChecker - Step 2: Transition #2 is enabled
22:20:02.933 [main] INFO  a.f.a.t.b.SeqModelChecker - State 2: Checking 1 state invariants
22:20:02.933 [main] DEBUG a.f.a.t.b.SeqModelChecker - State 2: Checking state invariant 0
22:20:02.935 [main] DEBUG a.f.a.t.b.t.TransitionExecutorImpl - Step #2, transition #3
22:20:02.935 [main] DEBUG a.f.a.t.b.t.TransitionExecutorImpl - Translating to SMT...
22:20:02.938 [main] DEBUG a.f.a.t.b.SeqModelChecker - Step 2: Transition #3. Is it enabled?
22:20:02.939 [main] DEBUG a.f.a.t.b.SeqModelChecker - Step 2: Transition #3 is enabled
22:20:02.940 [main] DEBUG a.f.a.t.b.t.TransitionExecutorImpl - Step #2, transition #4
22:20:02.940 [main] DEBUG a.f.a.t.b.t.TransitionExecutorImpl - Translating to SMT...
22:20:02.946 [main] DEBUG a.f.a.t.b.SeqModelChecker - Step 2: Transition #4. Is it enabled?
22:20:02.947 [main] DEBUG a.f.a.t.b.SeqModelChecker - Step 2: Transition #4 is enabled
22:20:02.948 [main] INFO  a.f.a.t.b.SeqModelChecker - State 2: Checking 1 state invariants
22:20:02.948 [main] DEBUG a.f.a.t.b.SeqModelChecker - State 2: Checking state invariant 0
22:20:02.952 [main] DEBUG a.f.a.t.b.t.TransitionExecutorImpl - Step #2, transition #5
22:20:02.952 [main] DEBUG a.f.a.t.b.t.TransitionExecutorImpl - Translating to SMT...
22:20:02.959 [main] DEBUG a.f.a.t.b.SeqModelChecker - Step 2: Transition #5. Is it enabled?
22:20:02.960 [main] INFO  a.f.a.t.b.SeqModelChecker - Step 2: Transition #5 is disabled
22:20:02.962 [main] DEBUG a.f.a.t.b.t.TransitionExecutorImpl - Step #2, transition #6
22:20:02.962 [main] DEBUG a.f.a.t.b.t.TransitionExecutorImpl - Translating to SMT...
22:20:02.971 [main] DEBUG a.f.a.t.b.SeqModelChecker - Step 2: Transition #6. Is it enabled?
22:20:02.972 [main] DEBUG a.f.a.t.b.SeqModelChecker - Step 2: Transition #6 is enabled
22:20:02.973 [main] INFO  a.f.a.t.b.SeqModelChecker - State 2: Checking 1 state invariants
22:20:02.973 [main] DEBUG a.f.a.t.b.SeqModelChecker - State 2: Checking state invariant 0
22:20:02.976 [main] DEBUG a.f.a.t.b.t.TransitionExecutorImpl - Step #2, transition #7
22:20:02.976 [main] DEBUG a.f.a.t.b.t.TransitionExecutorImpl - Translating to SMT...
22:20:02.982 [main] DEBUG a.f.a.t.b.SeqModelChecker - Step 2: Transition #7. Is it enabled?
22:20:02.983 [main] INFO  a.f.a.t.b.SeqModelChecker - Step 2: Transition #7 is disabled
22:20:02.984 [main] INFO  a.f.a.t.b.t.TransitionExecutorImpl - Step 2: picking a transition out of 6 transition(s)
22:20:02.995 [main] DEBUG a.f.a.t.b.t.TransitionExecutorImpl - Step #3, transition #0
22:20:02.995 [main] DEBUG a.f.a.t.b.t.TransitionExecutorImpl - Translating to SMT...
22:20:02.997 [main] DEBUG a.f.a.t.b.SeqModelChecker - Step 3: Transition #0. Is it enabled?
22:20:02.997 [main] DEBUG a.f.a.t.b.SeqModelChecker - Step 3: Transition #0 is enabled
22:20:02.997 [main] INFO  a.f.a.t.b.SeqModelChecker - State 3: Checking 1 state invariants
22:20:02.998 [main] DEBUG a.f.a.t.b.SeqModelChecker - State 3: Checking state invariant 0
22:20:02.999 [main] DEBUG a.f.a.t.b.t.TransitionExecutorImpl - Step #3, transition #1
22:20:02.999 [main] DEBUG a.f.a.t.b.t.TransitionExecutorImpl - Translating to SMT...
22:20:03.001 [main] DEBUG a.f.a.t.b.SeqModelChecker - Step 3: Transition #1. Is it enabled?
22:20:03.002 [main] DEBUG a.f.a.t.b.SeqModelChecker - Step 3: Transition #1 is enabled
22:20:03.003 [main] DEBUG a.f.a.t.b.t.TransitionExecutorImpl - Step #3, transition #2
22:20:03.003 [main] DEBUG a.f.a.t.b.t.TransitionExecutorImpl - Translating to SMT...
22:20:03.006 [main] DEBUG a.f.a.t.b.SeqModelChecker - Step 3: Transition #2. Is it enabled?
22:20:03.006 [main] DEBUG a.f.a.t.b.SeqModelChecker - Step 3: Transition #2 is enabled
22:20:03.006 [main] INFO  a.f.a.t.b.SeqModelChecker - State 3: Checking 1 state invariants
22:20:03.007 [main] DEBUG a.f.a.t.b.SeqModelChecker - State 3: Checking state invariant 0
22:20:03.008 [main] DEBUG a.f.a.t.b.t.TransitionExecutorImpl - Step #3, transition #3
22:20:03.008 [main] DEBUG a.f.a.t.b.t.TransitionExecutorImpl - Translating to SMT...
22:20:03.010 [main] DEBUG a.f.a.t.b.SeqModelChecker - Step 3: Transition #3. Is it enabled?
22:20:03.010 [main] DEBUG a.f.a.t.b.SeqModelChecker - Step 3: Transition #3 is enabled
22:20:03.011 [main] DEBUG a.f.a.t.b.t.TransitionExecutorImpl - Step #3, transition #4
22:20:03.011 [main] DEBUG a.f.a.t.b.t.TransitionExecutorImpl - Translating to SMT...
22:20:03.018 [main] DEBUG a.f.a.t.b.SeqModelChecker - Step 3: Transition #4. Is it enabled?
22:20:03.018 [main] DEBUG a.f.a.t.b.SeqModelChecker - Step 3: Transition #4 is enabled
22:20:03.018 [main] INFO  a.f.a.t.b.SeqModelChecker - State 3: Checking 1 state invariants
22:20:03.019 [main] DEBUG a.f.a.t.b.SeqModelChecker - State 3: Checking state invariant 0
22:20:03.023 [main] DEBUG a.f.a.t.b.t.TransitionExecutorImpl - Step #3, transition #5
22:20:03.023 [main] DEBUG a.f.a.t.b.t.TransitionExecutorImpl - Translating to SMT...
22:20:03.026 [main] DEBUG a.f.a.t.b.SeqModelChecker - Step 3: Transition #5. Is it enabled?
22:20:03.026 [main] INFO  a.f.a.t.b.SeqModelChecker - Step 3: Transition #5 is disabled
22:20:03.027 [main] DEBUG a.f.a.t.b.t.TransitionExecutorImpl - Step #3, transition #6
22:20:03.027 [main] DEBUG a.f.a.t.b.t.TransitionExecutorImpl - Translating to SMT...
22:20:03.029 [main] DEBUG a.f.a.t.b.SeqModelChecker - Step 3: Transition #6. Is it enabled?
22:20:03.030 [main] DEBUG a.f.a.t.b.SeqModelChecker - Step 3: Transition #6 is enabled
22:20:03.030 [main] INFO  a.f.a.t.b.SeqModelChecker - State 3: Checking 1 state invariants
22:20:03.030 [main] DEBUG a.f.a.t.b.SeqModelChecker - State 3: Checking state invariant 0
22:20:03.032 [main] DEBUG a.f.a.t.b.t.TransitionExecutorImpl - Step #3, transition #7
22:20:03.032 [main] DEBUG a.f.a.t.b.t.TransitionExecutorImpl - Translating to SMT...
22:20:03.035 [main] DEBUG a.f.a.t.b.SeqModelChecker - Step 3: Transition #7. Is it enabled?
22:20:03.036 [main] INFO  a.f.a.t.b.SeqModelChecker - Step 3: Transition #7 is disabled
22:20:03.037 [main] INFO  a.f.a.t.b.t.TransitionExecutorImpl - Step 3: picking a transition out of 6 transition(s)
22:20:03.042 [main] DEBUG a.f.a.t.b.t.TransitionExecutorImpl - Step #4, transition #0
22:20:03.042 [main] DEBUG a.f.a.t.b.t.TransitionExecutorImpl - Translating to SMT...
22:20:03.043 [main] DEBUG a.f.a.t.b.SeqModelChecker - Step 4: Transition #0. Is it enabled?
22:20:03.044 [main] DEBUG a.f.a.t.b.SeqModelChecker - Step 4: Transition #0 is enabled
22:20:03.044 [main] INFO  a.f.a.t.b.SeqModelChecker - State 4: Checking 1 state invariants
22:20:03.044 [main] DEBUG a.f.a.t.b.SeqModelChecker - State 4: Checking state invariant 0
22:20:03.046 [main] DEBUG a.f.a.t.b.t.TransitionExecutorImpl - Step #4, transition #1
22:20:03.046 [main] DEBUG a.f.a.t.b.t.TransitionExecutorImpl - Translating to SMT...
22:20:03.047 [main] DEBUG a.f.a.t.b.SeqModelChecker - Step 4: Transition #1. Is it enabled?
22:20:03.048 [main] DEBUG a.f.a.t.b.SeqModelChecker - Step 4: Transition #1 is enabled
22:20:03.048 [main] DEBUG a.f.a.t.b.t.TransitionExecutorImpl - Step #4, transition #2
22:20:03.049 [main] DEBUG a.f.a.t.b.t.TransitionExecutorImpl - Translating to SMT...
22:20:03.050 [main] DEBUG a.f.a.t.b.SeqModelChecker - Step 4: Transition #2. Is it enabled?
22:20:03.050 [main] DEBUG a.f.a.t.b.SeqModelChecker - Step 4: Transition #2 is enabled
22:20:03.050 [main] INFO  a.f.a.t.b.SeqModelChecker - State 4: Checking 1 state invariants
22:20:03.051 [main] DEBUG a.f.a.t.b.SeqModelChecker - State 4: Checking state invariant 0
22:20:03.053 [main] DEBUG a.f.a.t.b.t.TransitionExecutorImpl - Step #4, transition #3
22:20:03.053 [main] DEBUG a.f.a.t.b.t.TransitionExecutorImpl - Translating to SMT...
22:20:03.055 [main] DEBUG a.f.a.t.b.SeqModelChecker - Step 4: Transition #3. Is it enabled?
22:20:03.056 [main] DEBUG a.f.a.t.b.SeqModelChecker - Step 4: Transition #3 is enabled
22:20:03.057 [main] DEBUG a.f.a.t.b.t.TransitionExecutorImpl - Step #4, transition #4
22:20:03.057 [main] DEBUG a.f.a.t.b.t.TransitionExecutorImpl - Translating to SMT...
22:20:03.061 [main] DEBUG a.f.a.t.b.SeqModelChecker - Step 4: Transition #4. Is it enabled?
22:20:03.061 [main] DEBUG a.f.a.t.b.SeqModelChecker - Step 4: Transition #4 is enabled
22:20:03.061 [main] INFO  a.f.a.t.b.SeqModelChecker - State 4: Checking 1 state invariants
22:20:03.062 [main] DEBUG a.f.a.t.b.SeqModelChecker - State 4: Checking state invariant 0
22:20:03.065 [main] DEBUG a.f.a.t.b.t.TransitionExecutorImpl - Step #4, transition #5
22:20:03.066 [main] DEBUG a.f.a.t.b.t.TransitionExecutorImpl - Translating to SMT...
22:20:03.070 [main] DEBUG a.f.a.t.b.SeqModelChecker - Step 4: Transition #5. Is it enabled?
22:20:03.073 [main] DEBUG a.f.a.t.b.SeqModelChecker - Step 4: Transition #5 is enabled
22:20:03.073 [main] INFO  a.f.a.t.b.SeqModelChecker - State 4: Checking 1 state invariants
22:20:03.074 [main] DEBUG a.f.a.t.b.SeqModelChecker - State 4: Checking state invariant 0
22:20:03.076 [main] DEBUG a.f.a.t.b.t.TransitionExecutorImpl - Step #4, transition #6
22:20:03.076 [main] DEBUG a.f.a.t.b.t.TransitionExecutorImpl - Translating to SMT...
22:20:03.078 [main] DEBUG a.f.a.t.b.SeqModelChecker - Step 4: Transition #6. Is it enabled?
22:20:03.079 [main] DEBUG a.f.a.t.b.SeqModelChecker - Step 4: Transition #6 is enabled
22:20:03.079 [main] INFO  a.f.a.t.b.SeqModelChecker - State 4: Checking 1 state invariants
22:20:03.079 [main] DEBUG a.f.a.t.b.SeqModelChecker - State 4: Checking state invariant 0
22:20:03.081 [main] DEBUG a.f.a.t.b.t.TransitionExecutorImpl - Step #4, transition #7
22:20:03.082 [main] DEBUG a.f.a.t.b.t.TransitionExecutorImpl - Translating to SMT...
22:20:03.084 [main] DEBUG a.f.a.t.b.SeqModelChecker - Step 4: Transition #7. Is it enabled?
22:20:03.087 [main] DEBUG a.f.a.t.b.SeqModelChecker - Step 4: Transition #7 is enabled
22:20:03.088 [main] INFO  a.f.a.t.b.SeqModelChecker - State 4: Checking 1 state invariants
22:20:03.088 [main] DEBUG a.f.a.t.b.SeqModelChecker - State 4: Checking state invariant 0
22:20:03.091 [main] INFO  a.f.a.t.b.t.TransitionExecutorImpl - Step 4: picking a transition out of 8 transition(s)
22:20:03.102 [main] DEBUG a.f.a.t.b.t.TransitionExecutorImpl - Step #5, transition #0
22:20:03.102 [main] DEBUG a.f.a.t.b.t.TransitionExecutorImpl - Translating to SMT...
22:20:03.103 [main] DEBUG a.f.a.t.b.SeqModelChecker - Step 5: Transition #0. Is it enabled?
22:20:03.105 [main] DEBUG a.f.a.t.b.SeqModelChecker - Step 5: Transition #0 is enabled
22:20:03.105 [main] INFO  a.f.a.t.b.SeqModelChecker - State 5: Checking 1 state invariants
22:20:03.105 [main] DEBUG a.f.a.t.b.SeqModelChecker - State 5: Checking state invariant 0
22:20:03.109 [main] DEBUG a.f.a.t.b.t.TransitionExecutorImpl - Step #5, transition #1
22:20:03.109 [main] DEBUG a.f.a.t.b.t.TransitionExecutorImpl - Translating to SMT...
22:20:03.111 [main] DEBUG a.f.a.t.b.SeqModelChecker - Step 5: Transition #1. Is it enabled?
22:20:03.113 [main] DEBUG a.f.a.t.b.SeqModelChecker - Step 5: Transition #1 is enabled
22:20:03.114 [main] DEBUG a.f.a.t.b.t.TransitionExecutorImpl - Step #5, transition #2
22:20:03.115 [main] DEBUG a.f.a.t.b.t.TransitionExecutorImpl - Translating to SMT...
22:20:03.116 [main] DEBUG a.f.a.t.b.SeqModelChecker - Step 5: Transition #2. Is it enabled?
22:20:03.118 [main] DEBUG a.f.a.t.b.SeqModelChecker - Step 5: Transition #2 is enabled
22:20:03.118 [main] INFO  a.f.a.t.b.SeqModelChecker - State 5: Checking 1 state invariants
22:20:03.118 [main] DEBUG a.f.a.t.b.SeqModelChecker - State 5: Checking state invariant 0
22:20:03.122 [main] DEBUG a.f.a.t.b.t.TransitionExecutorImpl - Step #5, transition #3
22:20:03.122 [main] DEBUG a.f.a.t.b.t.TransitionExecutorImpl - Translating to SMT...
22:20:03.123 [main] DEBUG a.f.a.t.b.SeqModelChecker - Step 5: Transition #3. Is it enabled?
22:20:03.125 [main] DEBUG a.f.a.t.b.SeqModelChecker - Step 5: Transition #3 is enabled
22:20:03.126 [main] DEBUG a.f.a.t.b.t.TransitionExecutorImpl - Step #5, transition #4
22:20:03.126 [main] DEBUG a.f.a.t.b.t.TransitionExecutorImpl - Translating to SMT...
22:20:03.130 [main] DEBUG a.f.a.t.b.SeqModelChecker - Step 5: Transition #4. Is it enabled?
22:20:03.131 [main] DEBUG a.f.a.t.b.SeqModelChecker - Step 5: Transition #4 is enabled
22:20:03.131 [main] INFO  a.f.a.t.b.SeqModelChecker - State 5: Checking 1 state invariants
22:20:03.131 [main] DEBUG a.f.a.t.b.SeqModelChecker - State 5: Checking state invariant 0
22:20:03.144 [main] DEBUG a.f.a.t.b.t.TransitionExecutorImpl - Step #5, transition #5
22:20:03.144 [main] DEBUG a.f.a.t.b.t.TransitionExecutorImpl - Translating to SMT...
22:20:03.148 [main] DEBUG a.f.a.t.b.SeqModelChecker - Step 5: Transition #5. Is it enabled?
22:20:03.157 [main] DEBUG a.f.a.t.b.SeqModelChecker - Step 5: Transition #5 is enabled
22:20:03.157 [main] INFO  a.f.a.t.b.SeqModelChecker - State 5: Checking 1 state invariants
22:20:03.157 [main] DEBUG a.f.a.t.b.SeqModelChecker - State 5: Checking state invariant 0
22:20:03.159 [main] DEBUG a.f.a.t.b.t.TransitionExecutorImpl - Step #5, transition #6
22:20:03.160 [main] DEBUG a.f.a.t.b.t.TransitionExecutorImpl - Translating to SMT...
22:20:03.163 [main] DEBUG a.f.a.t.b.SeqModelChecker - Step 5: Transition #6. Is it enabled?
22:20:03.164 [main] DEBUG a.f.a.t.b.SeqModelChecker - Step 5: Transition #6 is enabled
22:20:03.164 [main] INFO  a.f.a.t.b.SeqModelChecker - State 5: Checking 1 state invariants
22:20:03.164 [main] DEBUG a.f.a.t.b.SeqModelChecker - State 5: Checking state invariant 0
22:20:03.167 [main] DEBUG a.f.a.t.b.t.TransitionExecutorImpl - Step #5, transition #7
22:20:03.167 [main] DEBUG a.f.a.t.b.t.TransitionExecutorImpl - Translating to SMT...
22:20:03.170 [main] DEBUG a.f.a.t.b.SeqModelChecker - Step 5: Transition #7. Is it enabled?
22:20:03.172 [main] DEBUG a.f.a.t.b.SeqModelChecker - Step 5: Transition #7 is enabled
22:20:03.172 [main] INFO  a.f.a.t.b.SeqModelChecker - State 5: Checking 1 state invariants
22:20:03.173 [main] DEBUG a.f.a.t.b.SeqModelChecker - State 5: Checking state invariant 0
22:20:03.183 [main] INFO  a.f.a.t.b.t.TransitionExecutorImpl - Step 5: picking a transition out of 8 transition(s)
22:20:03.192 [main] DEBUG a.f.a.t.b.t.TransitionExecutorImpl - Step #6, transition #0
22:20:03.192 [main] DEBUG a.f.a.t.b.t.TransitionExecutorImpl - Translating to SMT...
22:20:03.195 [main] DEBUG a.f.a.t.b.SeqModelChecker - Step 6: Transition #0. Is it enabled?
22:20:03.197 [main] DEBUG a.f.a.t.b.SeqModelChecker - Step 6: Transition #0 is enabled
22:20:03.197 [main] INFO  a.f.a.t.b.SeqModelChecker - State 6: Checking 1 state invariants
22:20:03.197 [main] DEBUG a.f.a.t.b.SeqModelChecker - State 6: Checking state invariant 0
22:20:03.199 [main] DEBUG a.f.a.t.b.t.TransitionExecutorImpl - Step #6, transition #1
22:20:03.199 [main] DEBUG a.f.a.t.b.t.TransitionExecutorImpl - Translating to SMT...
22:20:03.200 [main] DEBUG a.f.a.t.b.SeqModelChecker - Step 6: Transition #1. Is it enabled?
22:20:03.201 [main] DEBUG a.f.a.t.b.SeqModelChecker - Step 6: Transition #1 is enabled
22:20:03.202 [main] DEBUG a.f.a.t.b.t.TransitionExecutorImpl - Step #6, transition #2
22:20:03.203 [main] DEBUG a.f.a.t.b.t.TransitionExecutorImpl - Translating to SMT...
22:20:03.205 [main] DEBUG a.f.a.t.b.SeqModelChecker - Step 6: Transition #2. Is it enabled?
22:20:03.206 [main] DEBUG a.f.a.t.b.SeqModelChecker - Step 6: Transition #2 is enabled
22:20:03.206 [main] INFO  a.f.a.t.b.SeqModelChecker - State 6: Checking 1 state invariants
22:20:03.206 [main] DEBUG a.f.a.t.b.SeqModelChecker - State 6: Checking state invariant 0
22:20:03.208 [main] DEBUG a.f.a.t.b.t.TransitionExecutorImpl - Step #6, transition #3
22:20:03.208 [main] DEBUG a.f.a.t.b.t.TransitionExecutorImpl - Translating to SMT...
22:20:03.209 [main] DEBUG a.f.a.t.b.SeqModelChecker - Step 6: Transition #3. Is it enabled?
22:20:03.210 [main] DEBUG a.f.a.t.b.SeqModelChecker - Step 6: Transition #3 is enabled
22:20:03.210 [main] DEBUG a.f.a.t.b.t.TransitionExecutorImpl - Step #6, transition #4
22:20:03.210 [main] DEBUG a.f.a.t.b.t.TransitionExecutorImpl - Translating to SMT...
22:20:03.213 [main] DEBUG a.f.a.t.b.SeqModelChecker - Step 6: Transition #4. Is it enabled?
22:20:03.213 [main] DEBUG a.f.a.t.b.SeqModelChecker - Step 6: Transition #4 is enabled
22:20:03.214 [main] INFO  a.f.a.t.b.SeqModelChecker - State 6: Checking 1 state invariants
22:20:03.214 [main] DEBUG a.f.a.t.b.SeqModelChecker - State 6: Checking state invariant 0
22:20:03.239 [main] DEBUG a.f.a.t.b.t.TransitionExecutorImpl - Step #6, transition #5
22:20:03.239 [main] DEBUG a.f.a.t.b.t.TransitionExecutorImpl - Translating to SMT...
22:20:03.241 [main] DEBUG a.f.a.t.b.SeqModelChecker - Step 6: Transition #5. Is it enabled?
22:20:03.244 [main] DEBUG a.f.a.t.b.SeqModelChecker - Step 6: Transition #5 is enabled
22:20:03.244 [main] INFO  a.f.a.t.b.SeqModelChecker - State 6: Checking 1 state invariants
22:20:03.244 [main] DEBUG a.f.a.t.b.SeqModelChecker - State 6: Checking state invariant 0
22:20:03.259 [main] DEBUG a.f.a.t.b.t.TransitionExecutorImpl - Step #6, transition #6
22:20:03.260 [main] DEBUG a.f.a.t.b.t.TransitionExecutorImpl - Translating to SMT...
22:20:03.263 [main] DEBUG a.f.a.t.b.SeqModelChecker - Step 6: Transition #6. Is it enabled?
22:20:03.264 [main] DEBUG a.f.a.t.b.SeqModelChecker - Step 6: Transition #6 is enabled
22:20:03.264 [main] INFO  a.f.a.t.b.SeqModelChecker - State 6: Checking 1 state invariants
22:20:03.265 [main] DEBUG a.f.a.t.b.SeqModelChecker - State 6: Checking state invariant 0
22:20:03.266 [main] DEBUG a.f.a.t.b.t.TransitionExecutorImpl - Step #6, transition #7
22:20:03.267 [main] DEBUG a.f.a.t.b.t.TransitionExecutorImpl - Translating to SMT...
22:20:03.269 [main] DEBUG a.f.a.t.b.SeqModelChecker - Step 6: Transition #7. Is it enabled?
22:20:03.270 [main] DEBUG a.f.a.t.b.SeqModelChecker - Step 6: Transition #7 is enabled
22:20:03.271 [main] INFO  a.f.a.t.b.SeqModelChecker - State 6: Checking 1 state invariants
22:20:03.271 [main] DEBUG a.f.a.t.b.SeqModelChecker - State 6: Checking state invariant 0
22:20:03.296 [main] INFO  a.f.a.t.b.t.TransitionExecutorImpl - Step 6: picking a transition out of 8 transition(s)
22:20:03.302 [main] DEBUG a.f.a.t.b.t.TransitionExecutorImpl - Step #7, transition #0
22:20:03.302 [main] DEBUG a.f.a.t.b.t.TransitionExecutorImpl - Translating to SMT...
22:20:03.303 [main] DEBUG a.f.a.t.b.SeqModelChecker - Step 7: Transition #0. Is it enabled?
22:20:03.307 [main] DEBUG a.f.a.t.b.SeqModelChecker - Step 7: Transition #0 is enabled
22:20:03.307 [main] INFO  a.f.a.t.b.SeqModelChecker - State 7: Checking 1 state invariants
22:20:03.307 [main] DEBUG a.f.a.t.b.SeqModelChecker - State 7: Checking state invariant 0
22:20:03.309 [main] DEBUG a.f.a.t.b.t.TransitionExecutorImpl - Step #7, transition #1
22:20:03.309 [main] DEBUG a.f.a.t.b.t.TransitionExecutorImpl - Translating to SMT...
22:20:03.310 [main] DEBUG a.f.a.t.b.SeqModelChecker - Step 7: Transition #1. Is it enabled?
22:20:03.311 [main] DEBUG a.f.a.t.b.SeqModelChecker - Step 7: Transition #1 is enabled
22:20:03.312 [main] DEBUG a.f.a.t.b.t.TransitionExecutorImpl - Step #7, transition #2
22:20:03.312 [main] DEBUG a.f.a.t.b.t.TransitionExecutorImpl - Translating to SMT...
22:20:03.313 [main] DEBUG a.f.a.t.b.SeqModelChecker - Step 7: Transition #2. Is it enabled?
22:20:03.314 [main] DEBUG a.f.a.t.b.SeqModelChecker - Step 7: Transition #2 is enabled
22:20:03.314 [main] INFO  a.f.a.t.b.SeqModelChecker - State 7: Checking 1 state invariants
22:20:03.314 [main] DEBUG a.f.a.t.b.SeqModelChecker - State 7: Checking state invariant 0
22:20:03.315 [main] DEBUG a.f.a.t.b.t.TransitionExecutorImpl - Step #7, transition #3
22:20:03.316 [main] DEBUG a.f.a.t.b.t.TransitionExecutorImpl - Translating to SMT...
22:20:03.317 [main] DEBUG a.f.a.t.b.SeqModelChecker - Step 7: Transition #3. Is it enabled?
22:20:03.318 [main] DEBUG a.f.a.t.b.SeqModelChecker - Step 7: Transition #3 is enabled
22:20:03.318 [main] DEBUG a.f.a.t.b.t.TransitionExecutorImpl - Step #7, transition #4
22:20:03.318 [main] DEBUG a.f.a.t.b.t.TransitionExecutorImpl - Translating to SMT...
22:20:03.320 [main] DEBUG a.f.a.t.b.SeqModelChecker - Step 7: Transition #4. Is it enabled?
22:20:03.321 [main] DEBUG a.f.a.t.b.SeqModelChecker - Step 7: Transition #4 is enabled
22:20:03.321 [main] INFO  a.f.a.t.b.SeqModelChecker - State 7: Checking 1 state invariants
22:20:03.322 [main] DEBUG a.f.a.t.b.SeqModelChecker - State 7: Checking state invariant 0
22:20:03.366 [main] DEBUG a.f.a.t.b.t.TransitionExecutorImpl - Step #7, transition #5
22:20:03.366 [main] DEBUG a.f.a.t.b.t.TransitionExecutorImpl - Translating to SMT...
22:20:03.368 [main] DEBUG a.f.a.t.b.SeqModelChecker - Step 7: Transition #5. Is it enabled?
22:20:03.374 [main] DEBUG a.f.a.t.b.SeqModelChecker - Step 7: Transition #5 is enabled
22:20:03.374 [main] INFO  a.f.a.t.b.SeqModelChecker - State 7: Checking 1 state invariants
22:20:03.374 [main] DEBUG a.f.a.t.b.SeqModelChecker - State 7: Checking state invariant 0
22:20:03.376 [main] DEBUG a.f.a.t.b.t.TransitionExecutorImpl - Step #7, transition #6
22:20:03.376 [main] DEBUG a.f.a.t.b.t.TransitionExecutorImpl - Translating to SMT...
22:20:03.378 [main] DEBUG a.f.a.t.b.SeqModelChecker - Step 7: Transition #6. Is it enabled?
22:20:03.387 [main] DEBUG a.f.a.t.b.SeqModelChecker - Step 7: Transition #6 is enabled
22:20:03.387 [main] INFO  a.f.a.t.b.SeqModelChecker - State 7: Checking 1 state invariants
22:20:03.387 [main] DEBUG a.f.a.t.b.SeqModelChecker - State 7: Checking state invariant 0
22:20:03.388 [main] DEBUG a.f.a.t.b.t.TransitionExecutorImpl - Step #7, transition #7
22:20:03.389 [main] DEBUG a.f.a.t.b.t.TransitionExecutorImpl - Translating to SMT...
22:20:03.395 [main] DEBUG a.f.a.t.b.SeqModelChecker - Step 7: Transition #7. Is it enabled?
22:20:03.397 [main] DEBUG a.f.a.t.b.SeqModelChecker - Step 7: Transition #7 is enabled
22:20:03.398 [main] INFO  a.f.a.t.b.SeqModelChecker - State 7: Checking 1 state invariants
22:20:03.398 [main] DEBUG a.f.a.t.b.SeqModelChecker - State 7: Checking state invariant 0
22:20:03.448 [main] INFO  a.f.a.t.b.t.TransitionExecutorImpl - Step 7: picking a transition out of 8 transition(s)
22:20:03.452 [main] DEBUG a.f.a.t.b.t.TransitionExecutorImpl - Step #8, transition #0
22:20:03.452 [main] DEBUG a.f.a.t.b.t.TransitionExecutorImpl - Translating to SMT...
22:20:03.453 [main] DEBUG a.f.a.t.b.SeqModelChecker - Step 8: Transition #0. Is it enabled?
22:20:03.457 [main] DEBUG a.f.a.t.b.SeqModelChecker - Step 8: Transition #0 is enabled
22:20:03.457 [main] INFO  a.f.a.t.b.SeqModelChecker - State 8: Checking 1 state invariants
22:20:03.457 [main] DEBUG a.f.a.t.b.SeqModelChecker - State 8: Checking state invariant 0
22:20:03.460 [main] DEBUG a.f.a.t.b.t.TransitionExecutorImpl - Step #8, transition #1
22:20:03.460 [main] DEBUG a.f.a.t.b.t.TransitionExecutorImpl - Translating to SMT...
22:20:03.461 [main] DEBUG a.f.a.t.b.SeqModelChecker - Step 8: Transition #1. Is it enabled?
22:20:03.462 [main] DEBUG a.f.a.t.b.SeqModelChecker - Step 8: Transition #1 is enabled
22:20:03.463 [main] DEBUG a.f.a.t.b.t.TransitionExecutorImpl - Step #8, transition #2
22:20:03.463 [main] DEBUG a.f.a.t.b.t.TransitionExecutorImpl - Translating to SMT...
22:20:03.464 [main] DEBUG a.f.a.t.b.SeqModelChecker - Step 8: Transition #2. Is it enabled?
22:20:03.466 [main] DEBUG a.f.a.t.b.SeqModelChecker - Step 8: Transition #2 is enabled
22:20:03.466 [main] INFO  a.f.a.t.b.SeqModelChecker - State 8: Checking 1 state invariants
22:20:03.466 [main] DEBUG a.f.a.t.b.SeqModelChecker - State 8: Checking state invariant 0
22:20:03.467 [main] DEBUG a.f.a.t.b.t.TransitionExecutorImpl - Step #8, transition #3
22:20:03.467 [main] DEBUG a.f.a.t.b.t.TransitionExecutorImpl - Translating to SMT...
22:20:03.468 [main] DEBUG a.f.a.t.b.SeqModelChecker - Step 8: Transition #3. Is it enabled?
22:20:03.470 [main] DEBUG a.f.a.t.b.SeqModelChecker - Step 8: Transition #3 is enabled
22:20:03.470 [main] DEBUG a.f.a.t.b.t.TransitionExecutorImpl - Step #8, transition #4
22:20:03.470 [main] DEBUG a.f.a.t.b.t.TransitionExecutorImpl - Translating to SMT...
22:20:03.472 [main] DEBUG a.f.a.t.b.SeqModelChecker - Step 8: Transition #4. Is it enabled?
22:20:03.473 [main] DEBUG a.f.a.t.b.SeqModelChecker - Step 8: Transition #4 is enabled
22:20:03.474 [main] INFO  a.f.a.t.b.SeqModelChecker - State 8: Checking 1 state invariants
22:20:03.474 [main] DEBUG a.f.a.t.b.SeqModelChecker - State 8: Checking state invariant 0
22:20:03.750 [main] ERROR a.f.a.t.b.SeqModelChecker - State 8: state invariant 0 violated. Check the counterexample in: 
  /Users/gavran/Documents/informal/tlaplusTutorial/jugs/_apalache-out/jugs.tla/2021-12-10T22-19-59_862346357733748472/counterexample1.tla
  /Users/gavran/Documents/informal/tlaplusTutorial/jugs/_apalache-out/jugs.tla/2021-12-10T22-19-59_862346357733748472/MC1.out
  /Users/gavran/Documents/informal/tlaplusTutorial/jugs/_apalache-out/jugs.tla/2021-12-10T22-19-59_862346357733748472/counterexample1.json
22:20:03.752 [main] INFO  a.f.a.t.b.SeqModelChecker - Found 1 error(s)
22:20:03.758 [main] INFO  a.f.a.t.b.p.BoundedCheckerPassImpl - The outcome is: Error
22:20:03.758 [main] DEBUG a.f.a.i.p.PassChainExecutor - PASS #13: BoundedChecker [FAIL]
22:20:03.758 [main] INFO  a.f.a.t.Tool$ - Checker has found an error
22:20:03.760 [main] INFO  a.f.a.t.Tool$ - It took me 0 days  0 hours  0 min  4 sec
22:20:03.761 [main] INFO  a.f.a.t.Tool$ - Total time: 4.702 sec
