12:15:50.887 [main] INFO  a.f.a.t.Tool$ - Checker options: filename=types.tla, init=, next=, inv=
12:15:50.891 [main] INFO  a.f.a.t.Tool$ - Tuning: 
12:15:50.898 [main] INFO  a.f.a.i.p.PassChainExecutor - PASS #0: SanyParser
12:15:51.358 [main] DEBUG a.f.a.i.p.PassChainExecutor - PASS #0: SanyParser [OK]
12:15:51.359 [main] INFO  a.f.a.i.p.PassChainExecutor - PASS #1: TypeCheckerSnowcat
12:15:51.359 [main] INFO  a.f.a.t.t.p.EtcTypeCheckerPassImpl -  > Running Snowcat .::.
12:15:51.854 [main] INFO  a.f.a.t.t.p.EtcTypeCheckerPassImpl -  > Your types are great!
12:15:51.854 [main] INFO  a.f.a.t.t.p.EtcTypeCheckerPassImpl -  > All expressions are typed
12:15:51.855 [main] DEBUG a.f.a.i.p.PassChainExecutor - PASS #1: TypeCheckerSnowcat [OK]
12:15:51.856 [main] INFO  a.f.a.i.p.PassChainExecutor - PASS #2: ConfigurationPass
12:15:51.860 [main] INFO  a.f.a.t.p.p.ConfigurationPassImpl -   > types.cfg: Loading TLC configuration
12:15:51.946 [main] INFO  a.f.a.t.p.p.ConfigurationPassImpl -   > Using the init predicate Init from the TLC config
12:15:51.946 [main] INFO  a.f.a.t.p.p.ConfigurationPassImpl -   > Using the next predicate Next from the TLC config
12:15:51.947 [main] INFO  a.f.a.t.p.p.ConfigurationPassImpl -   > types.cfg: found INVARIANTS: NotBobIsHappy
12:15:51.949 [main] INFO  a.f.a.t.p.p.ConfigurationPassImpl -   > Set the initialization predicate to Init
12:15:51.951 [main] INFO  a.f.a.t.p.p.ConfigurationPassImpl -   > Set the transition predicate to Next
12:15:51.953 [main] INFO  a.f.a.t.p.p.ConfigurationPassImpl -   > Set an invariant to NotBobIsHappy
12:15:51.960 [main] DEBUG a.f.a.i.p.PassChainExecutor - PASS #2: ConfigurationPass [OK]
12:15:51.961 [main] INFO  a.f.a.i.p.PassChainExecutor - PASS #3: DesugarerPass
12:15:51.961 [main] INFO  a.f.a.t.p.p.DesugarerPassImpl -   > Desugaring...
12:15:51.982 [main] DEBUG a.f.a.i.p.PassChainExecutor - PASS #3: DesugarerPass [OK]
12:15:51.984 [main] INFO  a.f.a.i.p.PassChainExecutor - PASS #4: UnrollPass
12:15:52.035 [main] INFO  a.f.a.t.p.p.UnrollPassImpl -   > Unroller
12:15:52.055 [main] DEBUG a.f.a.i.p.PassChainExecutor - PASS #4: UnrollPass [OK]
12:15:52.056 [main] INFO  a.f.a.i.p.PassChainExecutor - PASS #5: InlinePass
12:15:52.059 [main] INFO  a.f.a.t.p.p.InlinePassImpl -   > InlinerOfUserOper
12:15:52.081 [main] INFO  a.f.a.t.p.p.InlinePassImpl -   > Wrap
12:15:52.087 [main] INFO  a.f.a.t.p.p.InlinePassImpl -   > CallByNameOperatorEmbedder
12:15:52.091 [main] INFO  a.f.a.t.p.p.InlinePassImpl -   > LetInExpander
12:15:52.098 [main] INFO  a.f.a.t.p.p.InlinePassImpl -   > Unwrap
12:15:52.101 [main] INFO  a.f.a.t.p.p.InlinePassImpl -   > InlinerOfUserOper
12:15:52.122 [main] INFO  a.f.a.t.p.p.InlinePassImpl - Leaving only relevant operators: CInitPrimed, Init, InitPrimed, Next, NotBobIsHappy
12:15:52.135 [main] DEBUG a.f.a.i.p.PassChainExecutor - PASS #5: InlinePass [OK]
12:15:52.136 [main] INFO  a.f.a.i.p.PassChainExecutor - PASS #6: PrimingPass
12:15:52.141 [main] INFO  a.f.a.t.a.p.PrimingPassImpl -   > Introducing InitPrimed for Init'
12:15:52.143 [main] DEBUG a.f.a.i.p.PassChainExecutor - PASS #6: PrimingPass [OK]
12:15:52.144 [main] INFO  a.f.a.i.p.PassChainExecutor - PASS #7: VCGen
12:15:52.146 [main] INFO  a.f.a.t.b.p.VCGenPassImpl -   > Producing verification conditions from the invariant NotBobIsHappy
12:15:52.159 [main] INFO  a.f.a.t.b.VCGenerator -   > VCGen produced 1 verification condition(s)
12:15:52.162 [main] DEBUG a.f.a.i.p.PassChainExecutor - PASS #7: VCGen [OK]
12:15:52.162 [main] INFO  a.f.a.i.p.PassChainExecutor - PASS #8: PreprocessingPass
12:15:52.164 [main] INFO  a.f.a.t.p.p.PreproPassImpl -   > Before preprocessing: unique renaming
12:15:52.175 [main] INFO  a.f.a.t.p.p.PreproPassImpl -  > Applying standard transformations:
12:15:52.176 [main] INFO  a.f.a.t.p.p.PreproPassImpl -   > PrimePropagation
12:15:52.182 [main] INFO  a.f.a.t.p.p.PreproPassImpl -   > Desugarer
12:15:52.186 [main] INFO  a.f.a.t.p.p.PreproPassImpl -   > UniqueRenamer
12:15:52.214 [main] INFO  a.f.a.t.p.p.PreproPassImpl -   > Normalizer
12:15:52.231 [main] INFO  a.f.a.t.p.p.PreproPassImpl -   > Keramelizer
12:15:52.240 [main] INFO  a.f.a.t.p.p.PreproPassImpl -   > After preprocessing: UniqueRenamer
12:15:52.250 [main] DEBUG a.f.a.i.p.PassChainExecutor - PASS #8: PreprocessingPass [OK]
12:15:52.251 [main] INFO  a.f.a.i.p.PassChainExecutor - PASS #9: TransitionFinderPass
12:15:52.285 [main] INFO  a.f.a.t.a.p.TransitionPassImpl -   > Found 1 initializing transitions
12:15:52.307 [main] INFO  a.f.a.t.a.p.TransitionPassImpl -   > Found 6 transitions
12:15:52.307 [main] INFO  a.f.a.t.a.p.TransitionPassImpl -   > No constant initializer
12:15:52.308 [main] INFO  a.f.a.t.a.p.TransitionPassImpl -   > Applying unique renaming
12:15:52.321 [main] DEBUG a.f.a.i.p.PassChainExecutor - PASS #9: TransitionFinderPass [OK]
12:15:52.322 [main] INFO  a.f.a.i.p.PassChainExecutor - PASS #10: OptimizationPass
12:15:52.333 [main] INFO  a.f.a.t.p.p.OptPassImpl -  > Applying optimizations:
12:15:52.334 [main] INFO  a.f.a.t.p.p.OptPassImpl -   > ConstSimplifier
12:15:52.343 [main] INFO  a.f.a.t.p.p.OptPassImpl -   > ExprOptimizer
12:15:52.354 [main] INFO  a.f.a.t.p.p.OptPassImpl -   > ConstSimplifier
12:15:52.378 [main] DEBUG a.f.a.i.p.PassChainExecutor - PASS #10: OptimizationPass [OK]
12:15:52.380 [main] INFO  a.f.a.i.p.PassChainExecutor - PASS #11: AnalysisPass
12:15:52.391 [main] INFO  a.f.a.t.b.p.AnalysisPassImpl -  > Marking skolemizable existentials and sets to be expanded...
12:15:52.392 [main] INFO  a.f.a.t.b.p.AnalysisPassImpl -   > Skolemization
12:15:52.394 [main] INFO  a.f.a.t.b.p.AnalysisPassImpl -   > Expansion
12:15:52.409 [main] INFO  a.f.a.t.b.p.AnalysisPassImpl -   > Remove unused let-in defs
12:15:52.419 [main] INFO  a.f.a.t.b.p.AnalysisPassImpl -  > Running analyzers...
12:15:52.426 [main] INFO  a.f.a.t.b.p.AnalysisPassImpl -   > Introduced expression grades
12:15:52.427 [main] INFO  a.f.a.t.b.p.AnalysisPassImpl -   > Introduced 15 formula hints
12:15:52.428 [main] DEBUG a.f.a.i.p.PassChainExecutor - PASS #11: AnalysisPass [OK]
12:15:52.429 [main] INFO  a.f.a.i.p.PassChainExecutor - PASS #12: PostTypeCheckerSnowcat
12:15:52.429 [main] INFO  a.f.a.t.b.p.PostTypeCheckerPassImpl -  > Running Snowcat .::.
12:15:52.752 [main] INFO  a.f.a.t.b.p.PostTypeCheckerPassImpl -  > Your types are great!
12:15:52.752 [main] INFO  a.f.a.t.b.p.PostTypeCheckerPassImpl -  > All expressions are typed
12:15:52.753 [main] DEBUG a.f.a.i.p.PassChainExecutor - PASS #12: PostTypeCheckerSnowcat [OK]
12:15:52.753 [main] INFO  a.f.a.i.p.PassChainExecutor - PASS #13: BoundedChecker
12:15:54.333 [main] DEBUG a.f.a.t.b.t.TransitionExecutorImpl - Step #0, transition #0
12:15:54.333 [main] DEBUG a.f.a.t.b.t.TransitionExecutorImpl - Translating to SMT...
12:15:54.420 [main] DEBUG a.f.a.t.b.SeqModelChecker - Step 0: Transition #0. Is it enabled?
12:15:54.423 [main] DEBUG a.f.a.t.b.SeqModelChecker - Step 0: Transition #0 is enabled
12:15:54.424 [main] INFO  a.f.a.t.b.SeqModelChecker - State 0: Checking 1 state invariants
12:15:54.426 [main] DEBUG a.f.a.t.b.SeqModelChecker - State 0: Checking state invariant 0
12:15:54.440 [main] INFO  a.f.a.t.b.t.TransitionExecutorImpl - Step 0: picking a transition out of 1 transition(s)
12:15:54.448 [main] DEBUG a.f.a.t.b.t.TransitionExecutorImpl - Step #1, transition #0
12:15:54.448 [main] DEBUG a.f.a.t.b.t.TransitionExecutorImpl - Translating to SMT...
12:15:54.458 [main] DEBUG a.f.a.t.b.SeqModelChecker - Step 1: Transition #0. Is it enabled?
12:15:54.458 [main] DEBUG a.f.a.t.b.SeqModelChecker - Step 1: Transition #0 is enabled
12:15:54.460 [main] DEBUG a.f.a.t.b.t.TransitionExecutorImpl - Step #1, transition #1
12:15:54.462 [main] DEBUG a.f.a.t.b.t.TransitionExecutorImpl - Translating to SMT...
12:15:54.468 [main] DEBUG a.f.a.t.b.SeqModelChecker - Step 1: Transition #1. Is it enabled?
12:15:54.469 [main] DEBUG a.f.a.t.b.SeqModelChecker - Step 1: Transition #1 is enabled
12:15:54.470 [main] DEBUG a.f.a.t.b.t.TransitionExecutorImpl - Step #1, transition #2
12:15:54.470 [main] DEBUG a.f.a.t.b.t.TransitionExecutorImpl - Translating to SMT...
12:15:54.471 [main] DEBUG a.f.a.t.b.t.TransitionExecutorImpl - Transition 2 produces partial assignment. Disabled.
12:15:54.472 [main] DEBUG a.f.a.t.b.t.TransitionExecutorImpl - Step #1, transition #3
12:15:54.472 [main] DEBUG a.f.a.t.b.t.TransitionExecutorImpl - Translating to SMT...
12:15:54.474 [main] DEBUG a.f.a.t.b.t.TransitionExecutorImpl - Transition 3 produces partial assignment. Disabled.
12:15:54.474 [main] DEBUG a.f.a.t.b.t.TransitionExecutorImpl - Step #1, transition #4
12:15:54.474 [main] DEBUG a.f.a.t.b.t.TransitionExecutorImpl - Translating to SMT...
12:15:54.484 [main] DEBUG a.f.a.t.b.SeqModelChecker - Step 1: Transition #4. Is it enabled?
12:15:54.484 [main] INFO  a.f.a.t.b.SeqModelChecker - Step 1: Transition #4 is disabled
12:15:54.485 [main] DEBUG a.f.a.t.b.t.TransitionExecutorImpl - Step #1, transition #5
12:15:54.485 [main] DEBUG a.f.a.t.b.t.TransitionExecutorImpl - Translating to SMT...
12:15:54.489 [main] DEBUG a.f.a.t.b.SeqModelChecker - Step 1: Transition #5. Is it enabled?
12:15:54.489 [main] DEBUG a.f.a.t.b.SeqModelChecker - Step 1: Transition #5 is enabled
12:15:54.490 [main] INFO  a.f.a.t.b.t.TransitionExecutorImpl - Step 1: picking a transition out of 3 transition(s)
12:15:54.512 [main] DEBUG a.f.a.t.b.t.TransitionExecutorImpl - Step #2, transition #0
12:15:54.512 [main] DEBUG a.f.a.t.b.t.TransitionExecutorImpl - Translating to SMT...
12:15:54.521 [main] DEBUG a.f.a.t.b.SeqModelChecker - Step 2: Transition #0. Is it enabled?
12:15:54.522 [main] DEBUG a.f.a.t.b.SeqModelChecker - Step 2: Transition #0 is enabled
12:15:54.526 [main] DEBUG a.f.a.t.b.t.TransitionExecutorImpl - Step #2, transition #1
12:15:54.527 [main] DEBUG a.f.a.t.b.t.TransitionExecutorImpl - Translating to SMT...
12:15:54.536 [main] DEBUG a.f.a.t.b.SeqModelChecker - Step 2: Transition #1. Is it enabled?
12:15:54.536 [main] DEBUG a.f.a.t.b.SeqModelChecker - Step 2: Transition #1 is enabled
12:15:54.537 [main] DEBUG a.f.a.t.b.t.TransitionExecutorImpl - Step #2, transition #2
12:15:54.537 [main] DEBUG a.f.a.t.b.t.TransitionExecutorImpl - Translating to SMT...
12:15:54.549 [main] DEBUG a.f.a.t.b.SeqModelChecker - Step 2: Transition #2. Is it enabled?
12:15:54.549 [main] DEBUG a.f.a.t.b.SeqModelChecker - Step 2: Transition #2 is enabled
12:15:54.550 [main] DEBUG a.f.a.t.b.t.TransitionExecutorImpl - Step #2, transition #3
12:15:54.550 [main] DEBUG a.f.a.t.b.t.TransitionExecutorImpl - Translating to SMT...
12:15:54.572 [main] DEBUG a.f.a.t.b.SeqModelChecker - Step 2: Transition #3. Is it enabled?
12:15:54.572 [main] DEBUG a.f.a.t.b.SeqModelChecker - Step 2: Transition #3 is enabled
12:15:54.573 [main] DEBUG a.f.a.t.b.t.TransitionExecutorImpl - Step #2, transition #4
12:15:54.574 [main] DEBUG a.f.a.t.b.t.TransitionExecutorImpl - Translating to SMT...
12:15:54.581 [main] DEBUG a.f.a.t.b.SeqModelChecker - Step 2: Transition #4. Is it enabled?
12:15:54.581 [main] INFO  a.f.a.t.b.SeqModelChecker - Step 2: Transition #4 is disabled
12:15:54.582 [main] DEBUG a.f.a.t.b.t.TransitionExecutorImpl - Step #2, transition #5
12:15:54.582 [main] DEBUG a.f.a.t.b.t.TransitionExecutorImpl - Translating to SMT...
12:15:54.586 [main] DEBUG a.f.a.t.b.SeqModelChecker - Step 2: Transition #5. Is it enabled?
12:15:54.586 [main] DEBUG a.f.a.t.b.SeqModelChecker - Step 2: Transition #5 is enabled
12:15:54.587 [main] INFO  a.f.a.t.b.t.TransitionExecutorImpl - Step 2: picking a transition out of 5 transition(s)
12:15:54.613 [main] DEBUG a.f.a.t.b.t.TransitionExecutorImpl - Step #3, transition #0
12:15:54.613 [main] DEBUG a.f.a.t.b.t.TransitionExecutorImpl - Translating to SMT...
12:15:54.622 [main] DEBUG a.f.a.t.b.SeqModelChecker - Step 3: Transition #0. Is it enabled?
12:15:54.623 [main] DEBUG a.f.a.t.b.SeqModelChecker - Step 3: Transition #0 is enabled
12:15:54.624 [main] DEBUG a.f.a.t.b.t.TransitionExecutorImpl - Step #3, transition #1
12:15:54.624 [main] DEBUG a.f.a.t.b.t.TransitionExecutorImpl - Translating to SMT...
12:15:54.633 [main] DEBUG a.f.a.t.b.SeqModelChecker - Step 3: Transition #1. Is it enabled?
12:15:54.633 [main] DEBUG a.f.a.t.b.SeqModelChecker - Step 3: Transition #1 is enabled
12:15:54.634 [main] DEBUG a.f.a.t.b.t.TransitionExecutorImpl - Step #3, transition #2
12:15:54.634 [main] DEBUG a.f.a.t.b.t.TransitionExecutorImpl - Translating to SMT...
12:15:54.639 [main] DEBUG a.f.a.t.b.SeqModelChecker - Step 3: Transition #2. Is it enabled?
12:15:54.639 [main] DEBUG a.f.a.t.b.SeqModelChecker - Step 3: Transition #2 is enabled
12:15:54.640 [main] DEBUG a.f.a.t.b.t.TransitionExecutorImpl - Step #3, transition #3
12:15:54.640 [main] DEBUG a.f.a.t.b.t.TransitionExecutorImpl - Translating to SMT...
12:15:54.655 [main] DEBUG a.f.a.t.b.SeqModelChecker - Step 3: Transition #3. Is it enabled?
12:15:54.656 [main] DEBUG a.f.a.t.b.SeqModelChecker - Step 3: Transition #3 is enabled
12:15:54.657 [main] DEBUG a.f.a.t.b.t.TransitionExecutorImpl - Step #3, transition #4
12:15:54.657 [main] DEBUG a.f.a.t.b.t.TransitionExecutorImpl - Translating to SMT...
12:15:54.666 [main] DEBUG a.f.a.t.b.SeqModelChecker - Step 3: Transition #4. Is it enabled?
12:15:54.666 [main] INFO  a.f.a.t.b.SeqModelChecker - Step 3: Transition #4 is disabled
12:15:54.667 [main] DEBUG a.f.a.t.b.t.TransitionExecutorImpl - Step #3, transition #5
12:15:54.667 [main] DEBUG a.f.a.t.b.t.TransitionExecutorImpl - Translating to SMT...
12:15:54.674 [main] DEBUG a.f.a.t.b.SeqModelChecker - Step 3: Transition #5. Is it enabled?
12:15:54.674 [main] DEBUG a.f.a.t.b.SeqModelChecker - Step 3: Transition #5 is enabled
12:15:54.675 [main] INFO  a.f.a.t.b.t.TransitionExecutorImpl - Step 3: picking a transition out of 5 transition(s)
12:15:54.688 [main] DEBUG a.f.a.t.b.t.TransitionExecutorImpl - Step #4, transition #0
12:15:54.688 [main] DEBUG a.f.a.t.b.t.TransitionExecutorImpl - Translating to SMT...
12:15:54.692 [main] DEBUG a.f.a.t.b.SeqModelChecker - Step 4: Transition #0. Is it enabled?
12:15:54.693 [main] DEBUG a.f.a.t.b.SeqModelChecker - Step 4: Transition #0 is enabled
12:15:54.694 [main] DEBUG a.f.a.t.b.t.TransitionExecutorImpl - Step #4, transition #1
12:15:54.694 [main] DEBUG a.f.a.t.b.t.TransitionExecutorImpl - Translating to SMT...
12:15:54.698 [main] DEBUG a.f.a.t.b.SeqModelChecker - Step 4: Transition #1. Is it enabled?
12:15:54.698 [main] DEBUG a.f.a.t.b.SeqModelChecker - Step 4: Transition #1 is enabled
12:15:54.699 [main] DEBUG a.f.a.t.b.t.TransitionExecutorImpl - Step #4, transition #2
12:15:54.699 [main] DEBUG a.f.a.t.b.t.TransitionExecutorImpl - Translating to SMT...
12:15:54.708 [main] DEBUG a.f.a.t.b.SeqModelChecker - Step 4: Transition #2. Is it enabled?
12:15:54.709 [main] DEBUG a.f.a.t.b.SeqModelChecker - Step 4: Transition #2 is enabled
12:15:54.710 [main] DEBUG a.f.a.t.b.t.TransitionExecutorImpl - Step #4, transition #3
12:15:54.710 [main] DEBUG a.f.a.t.b.t.TransitionExecutorImpl - Translating to SMT...
12:15:54.742 [main] DEBUG a.f.a.t.b.SeqModelChecker - Step 4: Transition #3. Is it enabled?
12:15:54.744 [main] DEBUG a.f.a.t.b.SeqModelChecker - Step 4: Transition #3 is enabled
12:15:54.746 [main] DEBUG a.f.a.t.b.t.TransitionExecutorImpl - Step #4, transition #4
12:15:54.746 [main] DEBUG a.f.a.t.b.t.TransitionExecutorImpl - Translating to SMT...
12:15:54.757 [main] DEBUG a.f.a.t.b.SeqModelChecker - Step 4: Transition #4. Is it enabled?
12:15:54.758 [main] INFO  a.f.a.t.b.SeqModelChecker - Step 4: Transition #4 is disabled
12:15:54.759 [main] DEBUG a.f.a.t.b.t.TransitionExecutorImpl - Step #4, transition #5
12:15:54.759 [main] DEBUG a.f.a.t.b.t.TransitionExecutorImpl - Translating to SMT...
12:15:54.770 [main] DEBUG a.f.a.t.b.SeqModelChecker - Step 4: Transition #5. Is it enabled?
12:15:54.770 [main] DEBUG a.f.a.t.b.SeqModelChecker - Step 4: Transition #5 is enabled
12:15:54.771 [main] INFO  a.f.a.t.b.t.TransitionExecutorImpl - Step 4: picking a transition out of 5 transition(s)
12:15:54.785 [main] DEBUG a.f.a.t.b.t.TransitionExecutorImpl - Step #5, transition #0
12:15:54.786 [main] DEBUG a.f.a.t.b.t.TransitionExecutorImpl - Translating to SMT...
12:15:54.790 [main] DEBUG a.f.a.t.b.SeqModelChecker - Step 5: Transition #0. Is it enabled?
12:15:54.791 [main] DEBUG a.f.a.t.b.SeqModelChecker - Step 5: Transition #0 is enabled
12:15:54.792 [main] DEBUG a.f.a.t.b.t.TransitionExecutorImpl - Step #5, transition #1
12:15:54.792 [main] DEBUG a.f.a.t.b.t.TransitionExecutorImpl - Translating to SMT...
12:15:54.799 [main] DEBUG a.f.a.t.b.SeqModelChecker - Step 5: Transition #1. Is it enabled?
12:15:54.802 [main] DEBUG a.f.a.t.b.SeqModelChecker - Step 5: Transition #1 is enabled
12:15:54.803 [main] DEBUG a.f.a.t.b.t.TransitionExecutorImpl - Step #5, transition #2
12:15:54.803 [main] DEBUG a.f.a.t.b.t.TransitionExecutorImpl - Translating to SMT...
12:15:54.807 [main] DEBUG a.f.a.t.b.SeqModelChecker - Step 5: Transition #2. Is it enabled?
12:15:54.809 [main] DEBUG a.f.a.t.b.SeqModelChecker - Step 5: Transition #2 is enabled
12:15:54.810 [main] DEBUG a.f.a.t.b.t.TransitionExecutorImpl - Step #5, transition #3
12:15:54.810 [main] DEBUG a.f.a.t.b.t.TransitionExecutorImpl - Translating to SMT...
12:15:54.834 [main] DEBUG a.f.a.t.b.SeqModelChecker - Step 5: Transition #3. Is it enabled?
12:15:54.836 [main] DEBUG a.f.a.t.b.SeqModelChecker - Step 5: Transition #3 is enabled
12:15:54.837 [main] DEBUG a.f.a.t.b.t.TransitionExecutorImpl - Step #5, transition #4
12:15:54.837 [main] DEBUG a.f.a.t.b.t.TransitionExecutorImpl - Translating to SMT...
12:15:54.846 [main] DEBUG a.f.a.t.b.SeqModelChecker - Step 5: Transition #4. Is it enabled?
12:15:54.848 [main] DEBUG a.f.a.t.b.SeqModelChecker - Step 5: Transition #4 is enabled
12:15:54.849 [main] INFO  a.f.a.t.b.SeqModelChecker - State 5: Checking 1 state invariants
12:15:54.849 [main] DEBUG a.f.a.t.b.SeqModelChecker - State 5: Checking state invariant 0
12:15:55.177 [main] ERROR a.f.a.t.b.SeqModelChecker - State 5: state invariant 0 violated. Check the counterexample in: 
  /Users/gavran/Documents/informal/tlaplusTutorial/hello_world_tutorial/_apalache-out/types.tla/2021-12-03T12-15-50_7641282769802594620/counterexample1.tla
  /Users/gavran/Documents/informal/tlaplusTutorial/hello_world_tutorial/_apalache-out/types.tla/2021-12-03T12-15-50_7641282769802594620/MC1.out
  /Users/gavran/Documents/informal/tlaplusTutorial/hello_world_tutorial/_apalache-out/types.tla/2021-12-03T12-15-50_7641282769802594620/counterexample1.json
12:15:55.179 [main] INFO  a.f.a.t.b.SeqModelChecker - Found 1 error(s)
12:15:55.193 [main] INFO  a.f.a.t.b.p.BoundedCheckerPassImpl - The outcome is: Error
12:15:55.193 [main] DEBUG a.f.a.i.p.PassChainExecutor - PASS #13: BoundedChecker [FAIL]
12:15:55.193 [main] INFO  a.f.a.t.Tool$ - Checker has found an error
12:15:55.196 [main] INFO  a.f.a.t.Tool$ - It took me 0 days  0 hours  0 min  4 sec
12:15:55.197 [main] INFO  a.f.a.t.Tool$ - Total time: 4.747 sec
