15:54:58.794 [main] INFO  a.f.a.t.Tool$ - Checker options: filename=multiple_traces.tla, init=, next=, inv=ImportantIntIs6
15:54:58.799 [main] INFO  a.f.a.t.Tool$ - Tuning: 
15:54:58.803 [main] INFO  a.f.a.i.p.PassChainExecutor - PASS #0: SanyParser
15:54:59.414 [main] DEBUG a.f.a.i.p.PassChainExecutor - PASS #0: SanyParser [OK]
15:54:59.415 [main] INFO  a.f.a.i.p.PassChainExecutor - PASS #1: TypeCheckerSnowcat
15:54:59.416 [main] INFO  a.f.a.t.t.p.EtcTypeCheckerPassImpl -  > Running Snowcat .::.
15:55:00.078 [main] INFO  a.f.a.t.t.p.EtcTypeCheckerPassImpl -  > Your types are great!
15:55:00.079 [main] INFO  a.f.a.t.t.p.EtcTypeCheckerPassImpl -  > All expressions are typed
15:55:00.079 [main] DEBUG a.f.a.i.p.PassChainExecutor - PASS #1: TypeCheckerSnowcat [OK]
15:55:00.080 [main] INFO  a.f.a.i.p.PassChainExecutor - PASS #2: ConfigurationPass
15:55:00.084 [main] INFO  a.f.a.t.p.p.ConfigurationPassImpl -   > multiple_traces.cfg: Loading TLC configuration
15:55:00.091 [main] INFO  a.f.a.t.p.p.ConfigurationPassImpl -   > No TLC configuration found. Skipping.
15:55:00.091 [main] INFO  a.f.a.t.p.p.ConfigurationPassImpl -   > Command line option --init is not set. Using Init
15:55:00.092 [main] INFO  a.f.a.t.p.p.ConfigurationPassImpl -   > Command line option --next is not set. Using Next
15:55:00.092 [main] INFO  a.f.a.t.p.p.ConfigurationPassImpl -   > Set the initialization predicate to Init
15:55:00.093 [main] INFO  a.f.a.t.p.p.ConfigurationPassImpl -   > Set the transition predicate to Next
15:55:00.094 [main] INFO  a.f.a.t.p.p.ConfigurationPassImpl -   > Set an invariant to ImportantIntIs6
15:55:00.101 [main] DEBUG a.f.a.i.p.PassChainExecutor - PASS #2: ConfigurationPass [OK]
15:55:00.101 [main] INFO  a.f.a.i.p.PassChainExecutor - PASS #3: DesugarerPass
15:55:00.101 [main] INFO  a.f.a.t.p.p.DesugarerPassImpl -   > Desugaring...
15:55:00.129 [main] DEBUG a.f.a.i.p.PassChainExecutor - PASS #3: DesugarerPass [OK]
15:55:00.130 [main] INFO  a.f.a.i.p.PassChainExecutor - PASS #4: UnrollPass
15:55:00.158 [main] INFO  a.f.a.t.p.p.UnrollPassImpl -   > Unroller
15:55:00.181 [main] DEBUG a.f.a.i.p.PassChainExecutor - PASS #4: UnrollPass [OK]
15:55:00.182 [main] INFO  a.f.a.i.p.PassChainExecutor - PASS #5: InlinePass
15:55:00.187 [main] INFO  a.f.a.t.p.p.InlinePassImpl -   > InlinerOfUserOper
15:55:00.199 [main] INFO  a.f.a.t.p.p.InlinePassImpl -   > Wrap
15:55:00.202 [main] INFO  a.f.a.t.p.p.InlinePassImpl -   > CallByNameOperatorEmbedder
15:55:00.206 [main] INFO  a.f.a.t.p.p.InlinePassImpl -   > LetInExpander
15:55:00.220 [main] INFO  a.f.a.t.p.p.InlinePassImpl -   > Unwrap
15:55:00.224 [main] INFO  a.f.a.t.p.p.InlinePassImpl -   > InlinerOfUserOper
15:55:00.237 [main] INFO  a.f.a.t.p.p.InlinePassImpl - Leaving only relevant operators: CInitPrimed, ImportantIntIs6, Init, InitPrimed, Next
15:55:00.247 [main] DEBUG a.f.a.i.p.PassChainExecutor - PASS #5: InlinePass [OK]
15:55:00.248 [main] INFO  a.f.a.i.p.PassChainExecutor - PASS #6: PrimingPass
15:55:00.252 [main] INFO  a.f.a.t.a.p.PrimingPassImpl -   > Introducing InitPrimed for Init'
15:55:00.254 [main] DEBUG a.f.a.i.p.PassChainExecutor - PASS #6: PrimingPass [OK]
15:55:00.255 [main] INFO  a.f.a.i.p.PassChainExecutor - PASS #7: VCGen
15:55:00.256 [main] INFO  a.f.a.t.b.p.VCGenPassImpl -   > Producing verification conditions from the invariant ImportantIntIs6
15:55:00.270 [main] INFO  a.f.a.t.b.VCGenerator -   > VCGen produced 1 verification condition(s)
15:55:00.273 [main] DEBUG a.f.a.i.p.PassChainExecutor - PASS #7: VCGen [OK]
15:55:00.273 [main] INFO  a.f.a.i.p.PassChainExecutor - PASS #8: PreprocessingPass
15:55:00.273 [main] INFO  a.f.a.t.p.p.PreproPassImpl -   > Before preprocessing: unique renaming
15:55:00.285 [main] INFO  a.f.a.t.p.p.PreproPassImpl -  > Applying standard transformations:
15:55:00.286 [main] INFO  a.f.a.t.p.p.PreproPassImpl -   > PrimePropagation
15:55:00.288 [main] INFO  a.f.a.t.p.p.PreproPassImpl -   > Desugarer
15:55:00.290 [main] INFO  a.f.a.t.p.p.PreproPassImpl -   > UniqueRenamer
15:55:00.296 [main] INFO  a.f.a.t.p.p.PreproPassImpl -   > Normalizer
15:55:00.308 [main] INFO  a.f.a.t.p.p.PreproPassImpl -   > Keramelizer
15:55:00.316 [main] INFO  a.f.a.t.p.p.PreproPassImpl -   > After preprocessing: UniqueRenamer
15:55:00.325 [main] DEBUG a.f.a.i.p.PassChainExecutor - PASS #8: PreprocessingPass [OK]
15:55:00.326 [main] INFO  a.f.a.i.p.PassChainExecutor - PASS #9: TransitionFinderPass
15:55:00.363 [main] INFO  a.f.a.t.a.p.TransitionPassImpl -   > Found 1 initializing transitions
15:55:00.376 [main] INFO  a.f.a.t.a.p.TransitionPassImpl -   > Found 2 transitions
15:55:00.377 [main] INFO  a.f.a.t.a.p.TransitionPassImpl -   > No constant initializer
15:55:00.378 [main] INFO  a.f.a.t.a.p.TransitionPassImpl -   > Applying unique renaming
15:55:00.383 [main] DEBUG a.f.a.i.p.PassChainExecutor - PASS #9: TransitionFinderPass [OK]
15:55:00.389 [main] INFO  a.f.a.i.p.PassChainExecutor - PASS #10: OptimizationPass
15:55:00.396 [main] INFO  a.f.a.t.p.p.OptPassImpl -  > Applying optimizations:
15:55:00.397 [main] INFO  a.f.a.t.p.p.OptPassImpl -   > ConstSimplifier
15:55:00.403 [main] INFO  a.f.a.t.p.p.OptPassImpl -   > ExprOptimizer
15:55:00.405 [main] INFO  a.f.a.t.p.p.OptPassImpl -   > ConstSimplifier
15:55:00.407 [main] DEBUG a.f.a.i.p.PassChainExecutor - PASS #10: OptimizationPass [OK]
15:55:00.409 [main] INFO  a.f.a.i.p.PassChainExecutor - PASS #11: AnalysisPass
15:55:00.414 [main] INFO  a.f.a.t.b.p.AnalysisPassImpl -  > Marking skolemizable existentials and sets to be expanded...
15:55:00.415 [main] INFO  a.f.a.t.b.p.AnalysisPassImpl -   > Skolemization
15:55:00.417 [main] INFO  a.f.a.t.b.p.AnalysisPassImpl -   > Expansion
15:55:00.422 [main] INFO  a.f.a.t.b.p.AnalysisPassImpl -   > Remove unused let-in defs
15:55:00.428 [main] INFO  a.f.a.t.b.p.AnalysisPassImpl -  > Running analyzers...
15:55:00.433 [main] INFO  a.f.a.t.b.p.AnalysisPassImpl -   > Introduced expression grades
15:55:00.433 [main] INFO  a.f.a.t.b.p.AnalysisPassImpl -   > Introduced 3 formula hints
15:55:00.433 [main] DEBUG a.f.a.i.p.PassChainExecutor - PASS #11: AnalysisPass [OK]
15:55:00.434 [main] INFO  a.f.a.i.p.PassChainExecutor - PASS #12: PostTypeCheckerSnowcat
15:55:00.434 [main] INFO  a.f.a.t.b.p.PostTypeCheckerPassImpl -  > Running Snowcat .::.
15:55:00.539 [main] INFO  a.f.a.t.b.p.PostTypeCheckerPassImpl -  > Your types are great!
15:55:00.539 [main] INFO  a.f.a.t.b.p.PostTypeCheckerPassImpl -  > All expressions are typed
15:55:00.539 [main] DEBUG a.f.a.i.p.PassChainExecutor - PASS #12: PostTypeCheckerSnowcat [OK]
15:55:00.540 [main] INFO  a.f.a.i.p.PassChainExecutor - PASS #13: BoundedChecker
15:55:02.041 [main] DEBUG a.f.a.t.b.t.TransitionExecutorImpl - Step #0, transition #0
15:55:02.042 [main] DEBUG a.f.a.t.b.t.TransitionExecutorImpl - Translating to SMT...
15:55:02.123 [main] DEBUG a.f.a.t.b.SeqModelChecker - Step 0: Transition #0. Is it enabled?
15:55:02.126 [main] DEBUG a.f.a.t.b.SeqModelChecker - Step 0: Transition #0 is enabled
15:55:02.127 [main] INFO  a.f.a.t.b.SeqModelChecker - State 0: Checking 1 state invariants
15:55:02.130 [main] DEBUG a.f.a.t.b.SeqModelChecker - State 0: Checking state invariant 0
15:55:02.146 [main] INFO  a.f.a.t.b.t.TransitionExecutorImpl - Step 0: picking a transition out of 1 transition(s)
15:55:02.156 [main] DEBUG a.f.a.t.b.t.TransitionExecutorImpl - Step #1, transition #0
15:55:02.156 [main] DEBUG a.f.a.t.b.t.TransitionExecutorImpl - Translating to SMT...
15:55:02.184 [main] DEBUG a.f.a.t.b.SeqModelChecker - Step 1: Transition #0. Is it enabled?
15:55:02.184 [main] DEBUG a.f.a.t.b.SeqModelChecker - Step 1: Transition #0 is enabled
15:55:02.185 [main] DEBUG a.f.a.t.b.t.TransitionExecutorImpl - Step #1, transition #1
15:55:02.185 [main] DEBUG a.f.a.t.b.t.TransitionExecutorImpl - Translating to SMT...
15:55:02.195 [main] DEBUG a.f.a.t.b.SeqModelChecker - Step 1: Transition #1. Is it enabled?
15:55:02.196 [main] DEBUG a.f.a.t.b.SeqModelChecker - Step 1: Transition #1 is enabled
15:55:02.196 [main] INFO  a.f.a.t.b.SeqModelChecker - State 1: Checking 1 state invariants
15:55:02.196 [main] DEBUG a.f.a.t.b.SeqModelChecker - State 1: Checking state invariant 0
15:55:02.199 [main] INFO  a.f.a.t.b.t.TransitionExecutorImpl - Step 1: picking a transition out of 2 transition(s)
15:55:02.207 [main] DEBUG a.f.a.t.b.t.TransitionExecutorImpl - Step #2, transition #0
15:55:02.207 [main] DEBUG a.f.a.t.b.t.TransitionExecutorImpl - Translating to SMT...
15:55:02.215 [main] DEBUG a.f.a.t.b.SeqModelChecker - Step 2: Transition #0. Is it enabled?
15:55:02.216 [main] DEBUG a.f.a.t.b.SeqModelChecker - Step 2: Transition #0 is enabled
15:55:02.217 [main] DEBUG a.f.a.t.b.t.TransitionExecutorImpl - Step #2, transition #1
15:55:02.218 [main] DEBUG a.f.a.t.b.t.TransitionExecutorImpl - Translating to SMT...
15:55:02.222 [main] DEBUG a.f.a.t.b.SeqModelChecker - Step 2: Transition #1. Is it enabled?
15:55:02.222 [main] DEBUG a.f.a.t.b.SeqModelChecker - Step 2: Transition #1 is enabled
15:55:02.222 [main] INFO  a.f.a.t.b.SeqModelChecker - State 2: Checking 1 state invariants
15:55:02.222 [main] DEBUG a.f.a.t.b.SeqModelChecker - State 2: Checking state invariant 0
15:55:02.416 [main] ERROR a.f.a.t.b.SeqModelChecker - State 2: state invariant 0 violated. Check the counterexample in: 
  /Users/gavran/Documents/informal/tlaplusTutorial/hello_world_tutorial/generatingTraces/_apalache-out/multiple_traces.tla/2021-12-03T15-54-58_7430657312228231193/counterexample1.tla
  /Users/gavran/Documents/informal/tlaplusTutorial/hello_world_tutorial/generatingTraces/_apalache-out/multiple_traces.tla/2021-12-03T15-54-58_7430657312228231193/MC1.out
  /Users/gavran/Documents/informal/tlaplusTutorial/hello_world_tutorial/generatingTraces/_apalache-out/multiple_traces.tla/2021-12-03T15-54-58_7430657312228231193/counterexample1.json
15:55:02.418 [main] INFO  a.f.a.t.b.SeqModelChecker - Found 1 error(s)
15:55:02.426 [main] INFO  a.f.a.t.b.p.BoundedCheckerPassImpl - The outcome is: Error
15:55:02.427 [main] DEBUG a.f.a.i.p.PassChainExecutor - PASS #13: BoundedChecker [FAIL]
15:55:02.427 [main] INFO  a.f.a.t.Tool$ - Checker has found an error
15:55:02.429 [main] INFO  a.f.a.t.Tool$ - It took me 0 days  0 hours  0 min  4 sec
15:55:02.430 [main] INFO  a.f.a.t.Tool$ - Total time: 4.113 sec
