15:58:35.443 [main] INFO  a.f.a.t.Tool$ - Checker options: filename=multiple_traces.tla, init=, next=, inv=ImportantIntIsOddUntil16
15:58:35.447 [main] INFO  a.f.a.t.Tool$ - Tuning: 
15:58:35.452 [main] INFO  a.f.a.i.p.PassChainExecutor - PASS #0: SanyParser
15:58:35.994 [main] DEBUG a.f.a.i.p.PassChainExecutor - PASS #0: SanyParser [OK]
15:58:35.996 [main] INFO  a.f.a.i.p.PassChainExecutor - PASS #1: TypeCheckerSnowcat
15:58:35.996 [main] INFO  a.f.a.t.t.p.EtcTypeCheckerPassImpl -  > Running Snowcat .::.
15:58:36.664 [main] INFO  a.f.a.t.t.p.EtcTypeCheckerPassImpl -  > Your types are great!
15:58:36.664 [main] INFO  a.f.a.t.t.p.EtcTypeCheckerPassImpl -  > All expressions are typed
15:58:36.665 [main] DEBUG a.f.a.i.p.PassChainExecutor - PASS #1: TypeCheckerSnowcat [OK]
15:58:36.666 [main] INFO  a.f.a.i.p.PassChainExecutor - PASS #2: ConfigurationPass
15:58:36.673 [main] INFO  a.f.a.t.p.p.ConfigurationPassImpl -   > multiple_traces.cfg: Loading TLC configuration
15:58:36.680 [main] INFO  a.f.a.t.p.p.ConfigurationPassImpl -   > No TLC configuration found. Skipping.
15:58:36.680 [main] INFO  a.f.a.t.p.p.ConfigurationPassImpl -   > Command line option --init is not set. Using Init
15:58:36.681 [main] INFO  a.f.a.t.p.p.ConfigurationPassImpl -   > Command line option --next is not set. Using Next
15:58:36.681 [main] INFO  a.f.a.t.p.p.ConfigurationPassImpl -   > Set the initialization predicate to Init
15:58:36.682 [main] INFO  a.f.a.t.p.p.ConfigurationPassImpl -   > Set the transition predicate to Next
15:58:36.683 [main] INFO  a.f.a.t.p.p.ConfigurationPassImpl -   > Set an invariant to ImportantIntIsOddUntil16
15:58:36.684 [main] ERROR a.f.a.t.Tool$ - Configuration error (see the manual): Operator ImportantIntIsOddUntil16 not found (used as an invariant)
15:58:36.687 [main] INFO  a.f.a.t.Tool$ - It took me 0 days  0 hours  0 min  1 sec
15:58:36.687 [main] INFO  a.f.a.t.Tool$ - Total time: 1.714 sec
