22:10:43.408 [main] INFO  a.f.a.t.Tool$ - Checker options: filename=jugs.tla, init=, next=, inv=
22:10:43.412 [main] INFO  a.f.a.t.Tool$ - Tuning: 
22:10:43.417 [main] INFO  a.f.a.i.p.PassChainExecutor - PASS #0: SanyParser
22:10:43.875 [main] DEBUG a.f.a.i.p.PassChainExecutor - PASS #0: SanyParser [OK]
22:10:43.876 [main] INFO  a.f.a.i.p.PassChainExecutor - PASS #1: TypeCheckerSnowcat
22:10:43.877 [main] INFO  a.f.a.t.t.p.EtcTypeCheckerPassImpl -  > Running Snowcat .::.
22:10:44.245 [main] INFO  a.f.a.t.t.p.EtcTypeCheckerPassImpl -  > Your types are great!
22:10:44.245 [main] INFO  a.f.a.t.t.p.EtcTypeCheckerPassImpl -  > All expressions are typed
22:10:44.246 [main] DEBUG a.f.a.i.p.PassChainExecutor - PASS #1: TypeCheckerSnowcat [OK]
22:10:44.247 [main] INFO  a.f.a.i.p.PassChainExecutor - PASS #2: ConfigurationPass
22:10:44.252 [main] INFO  a.f.a.t.p.p.ConfigurationPassImpl -   > jugs.cfg: Loading TLC configuration
22:10:44.344 [main] INFO  a.f.a.t.p.p.ConfigurationPassImpl -   > Using the init predicate Init from the TLC config
22:10:44.345 [main] INFO  a.f.a.t.p.p.ConfigurationPassImpl -   > Using the next predicate Next from the TLC config
22:10:44.346 [main] INFO  a.f.a.t.p.p.ConfigurationPassImpl -   > jugs.cfg: found INVARIANTS: NoFourLiters
22:10:44.349 [main] INFO  a.f.a.t.p.p.ConfigurationPassImpl -   > Set the initialization predicate to Init
22:10:44.350 [main] INFO  a.f.a.t.p.p.ConfigurationPassImpl -   > Set the transition predicate to Next
22:10:44.351 [main] INFO  a.f.a.t.p.p.ConfigurationPassImpl -   > Set an invariant to NoFourLiters
22:10:44.361 [main] DEBUG a.f.a.i.p.PassChainExecutor - PASS #2: ConfigurationPass [OK]
22:10:44.362 [main] INFO  a.f.a.i.p.PassChainExecutor - PASS #3: DesugarerPass
22:10:44.362 [main] INFO  a.f.a.t.p.p.DesugarerPassImpl -   > Desugaring...
22:10:44.390 [main] DEBUG a.f.a.i.p.PassChainExecutor - PASS #3: DesugarerPass [OK]
22:10:44.391 [main] INFO  a.f.a.i.p.PassChainExecutor - PASS #4: UnrollPass
22:10:44.427 [main] INFO  a.f.a.t.p.p.UnrollPassImpl -   > Unroller
22:10:44.444 [main] DEBUG a.f.a.i.p.PassChainExecutor - PASS #4: UnrollPass [OK]
22:10:44.445 [main] INFO  a.f.a.i.p.PassChainExecutor - PASS #5: InlinePass
22:10:44.449 [main] INFO  a.f.a.t.p.p.InlinePassImpl -   > InlinerOfUserOper
22:10:44.459 [main] INFO  a.f.a.t.p.p.InlinePassImpl -   > Wrap
22:10:44.462 [main] INFO  a.f.a.t.p.p.InlinePassImpl -   > CallByNameOperatorEmbedder
22:10:44.465 [main] INFO  a.f.a.t.p.p.InlinePassImpl -   > LetInExpander
22:10:44.469 [main] INFO  a.f.a.t.p.p.InlinePassImpl -   > Unwrap
22:10:44.470 [main] INFO  a.f.a.t.p.p.InlinePassImpl -   > InlinerOfUserOper
22:10:44.482 [main] INFO  a.f.a.t.p.p.InlinePassImpl - Leaving only relevant operators: CInitPrimed, Init, InitPrimed, Next, NoFourLiters
22:10:44.491 [main] DEBUG a.f.a.i.p.PassChainExecutor - PASS #5: InlinePass [OK]
22:10:44.492 [main] INFO  a.f.a.i.p.PassChainExecutor - PASS #6: PrimingPass
22:10:44.495 [main] INFO  a.f.a.t.a.p.PrimingPassImpl -   > Introducing InitPrimed for Init'
22:10:44.497 [main] DEBUG a.f.a.i.p.PassChainExecutor - PASS #6: PrimingPass [OK]
22:10:44.498 [main] INFO  a.f.a.i.p.PassChainExecutor - PASS #7: VCGen
22:10:44.499 [main] INFO  a.f.a.t.b.p.VCGenPassImpl -   > Producing verification conditions from the invariant NoFourLiters
22:10:44.519 [main] INFO  a.f.a.t.b.VCGenerator -   > VCGen produced 1 verification condition(s)
22:10:44.521 [main] DEBUG a.f.a.i.p.PassChainExecutor - PASS #7: VCGen [OK]
22:10:44.521 [main] INFO  a.f.a.i.p.PassChainExecutor - PASS #8: PreprocessingPass
22:10:44.521 [main] INFO  a.f.a.t.p.p.PreproPassImpl -   > Before preprocessing: unique renaming
22:10:44.530 [main] INFO  a.f.a.t.p.p.PreproPassImpl -  > Applying standard transformations:
22:10:44.531 [main] INFO  a.f.a.t.p.p.PreproPassImpl -   > PrimePropagation
22:10:44.534 [main] INFO  a.f.a.t.p.p.PreproPassImpl -   > Desugarer
22:10:44.539 [main] INFO  a.f.a.t.p.p.PreproPassImpl -   > UniqueRenamer
22:10:44.548 [main] INFO  a.f.a.t.p.p.PreproPassImpl -   > Normalizer
22:10:44.557 [main] INFO  a.f.a.t.p.p.PreproPassImpl -   > Keramelizer
22:10:44.568 [main] INFO  a.f.a.t.p.p.PreproPassImpl -   > After preprocessing: UniqueRenamer
22:10:44.574 [main] DEBUG a.f.a.i.p.PassChainExecutor - PASS #8: PreprocessingPass [OK]
22:10:44.575 [main] INFO  a.f.a.i.p.PassChainExecutor - PASS #9: TransitionFinderPass
22:10:44.607 [main] INFO  a.f.a.t.a.p.TransitionPassImpl -   > Found 1 initializing transitions
22:10:44.627 [main] INFO  a.f.a.t.a.p.TransitionPassImpl -   > Found 8 transitions
22:10:44.627 [main] INFO  a.f.a.t.a.p.TransitionPassImpl -   > No constant initializer
22:10:44.629 [main] INFO  a.f.a.t.a.p.TransitionPassImpl -   > Applying unique renaming
22:10:44.635 [main] DEBUG a.f.a.i.p.PassChainExecutor - PASS #9: TransitionFinderPass [OK]
22:10:44.636 [main] INFO  a.f.a.i.p.PassChainExecutor - PASS #10: OptimizationPass
22:10:44.655 [main] INFO  a.f.a.t.p.p.OptPassImpl -  > Applying optimizations:
22:10:44.657 [main] INFO  a.f.a.t.p.p.OptPassImpl -   > ConstSimplifier
22:10:44.665 [main] INFO  a.f.a.t.p.p.OptPassImpl -   > ExprOptimizer
22:10:44.669 [main] INFO  a.f.a.t.p.p.OptPassImpl -   > ConstSimplifier
22:10:44.671 [main] DEBUG a.f.a.i.p.PassChainExecutor - PASS #10: OptimizationPass [OK]
22:10:44.672 [main] INFO  a.f.a.i.p.PassChainExecutor - PASS #11: AnalysisPass
22:10:44.677 [main] INFO  a.f.a.t.b.p.AnalysisPassImpl -  > Marking skolemizable existentials and sets to be expanded...
22:10:44.678 [main] INFO  a.f.a.t.b.p.AnalysisPassImpl -   > Skolemization
22:10:44.681 [main] INFO  a.f.a.t.b.p.AnalysisPassImpl -   > Expansion
22:10:44.686 [main] INFO  a.f.a.t.b.p.AnalysisPassImpl -   > Remove unused let-in defs
22:10:44.689 [main] INFO  a.f.a.t.b.p.AnalysisPassImpl -  > Running analyzers...
22:10:44.697 [main] INFO  a.f.a.t.b.p.AnalysisPassImpl -   > Introduced expression grades
22:10:44.697 [main] INFO  a.f.a.t.b.p.AnalysisPassImpl -   > Introduced 9 formula hints
22:10:44.698 [main] DEBUG a.f.a.i.p.PassChainExecutor - PASS #11: AnalysisPass [OK]
22:10:44.698 [main] INFO  a.f.a.i.p.PassChainExecutor - PASS #12: PostTypeCheckerSnowcat
22:10:44.698 [main] INFO  a.f.a.t.b.p.PostTypeCheckerPassImpl -  > Running Snowcat .::.
22:10:44.844 [main] INFO  a.f.a.t.b.p.PostTypeCheckerPassImpl -  > Your types are great!
22:10:44.844 [main] INFO  a.f.a.t.b.p.PostTypeCheckerPassImpl -  > All expressions are typed
22:10:44.845 [main] DEBUG a.f.a.i.p.PassChainExecutor - PASS #12: PostTypeCheckerSnowcat [OK]
22:10:44.845 [main] INFO  a.f.a.i.p.PassChainExecutor - PASS #13: BoundedChecker
22:10:46.421 [main] DEBUG a.f.a.t.b.t.TransitionExecutorImpl - Step #0, transition #0
22:10:46.421 [main] DEBUG a.f.a.t.b.t.TransitionExecutorImpl - Translating to SMT...
22:10:46.506 [main] DEBUG a.f.a.t.b.SeqModelChecker - Step 0: Transition #0. Is it enabled?
22:10:46.508 [main] DEBUG a.f.a.t.b.SeqModelChecker - Step 0: Transition #0 is enabled
22:10:46.509 [main] INFO  a.f.a.t.b.SeqModelChecker - State 0: Checking 1 state invariants
22:10:46.511 [main] DEBUG a.f.a.t.b.SeqModelChecker - State 0: Checking state invariant 0
22:10:46.523 [main] INFO  a.f.a.t.b.t.TransitionExecutorImpl - Step 0: picking a transition out of 1 transition(s)
22:10:46.536 [main] DEBUG a.f.a.t.b.t.TransitionExecutorImpl - Step #1, transition #0
22:10:46.536 [main] DEBUG a.f.a.t.b.t.TransitionExecutorImpl - Translating to SMT...
22:10:46.539 [main] DEBUG a.f.a.t.b.SeqModelChecker - Step 1: Transition #0. Is it enabled?
22:10:46.540 [main] DEBUG a.f.a.t.b.SeqModelChecker - Step 1: Transition #0 is enabled
22:10:46.541 [main] DEBUG a.f.a.t.b.t.TransitionExecutorImpl - Step #1, transition #1
22:10:46.541 [main] DEBUG a.f.a.t.b.t.TransitionExecutorImpl - Translating to SMT...
22:10:46.543 [main] DEBUG a.f.a.t.b.SeqModelChecker - Step 1: Transition #1. Is it enabled?
22:10:46.543 [main] DEBUG a.f.a.t.b.SeqModelChecker - Step 1: Transition #1 is enabled
22:10:46.544 [main] DEBUG a.f.a.t.b.t.TransitionExecutorImpl - Step #1, transition #2
22:10:46.544 [main] DEBUG a.f.a.t.b.t.TransitionExecutorImpl - Translating to SMT...
22:10:46.547 [main] DEBUG a.f.a.t.b.SeqModelChecker - Step 1: Transition #2. Is it enabled?
22:10:46.547 [main] DEBUG a.f.a.t.b.SeqModelChecker - Step 1: Transition #2 is enabled
22:10:46.548 [main] DEBUG a.f.a.t.b.t.TransitionExecutorImpl - Step #1, transition #3
22:10:46.548 [main] DEBUG a.f.a.t.b.t.TransitionExecutorImpl - Translating to SMT...
22:10:46.550 [main] DEBUG a.f.a.t.b.SeqModelChecker - Step 1: Transition #3. Is it enabled?
22:10:46.550 [main] DEBUG a.f.a.t.b.SeqModelChecker - Step 1: Transition #3 is enabled
22:10:46.551 [main] DEBUG a.f.a.t.b.t.TransitionExecutorImpl - Step #1, transition #4
22:10:46.551 [main] DEBUG a.f.a.t.b.t.TransitionExecutorImpl - Translating to SMT...
22:10:46.558 [main] DEBUG a.f.a.t.b.SeqModelChecker - Step 1: Transition #4. Is it enabled?
22:10:46.558 [main] DEBUG a.f.a.t.b.SeqModelChecker - Step 1: Transition #4 is enabled
22:10:46.559 [main] INFO  a.f.a.t.b.SeqModelChecker - State 1: Checking 1 state invariants
22:10:46.559 [main] DEBUG a.f.a.t.b.SeqModelChecker - State 1: Checking state invariant 0
22:10:46.561 [main] DEBUG a.f.a.t.b.t.TransitionExecutorImpl - Step #1, transition #5
22:10:46.561 [main] DEBUG a.f.a.t.b.t.TransitionExecutorImpl - Translating to SMT...
22:10:46.567 [main] DEBUG a.f.a.t.b.SeqModelChecker - Step 1: Transition #5. Is it enabled?
22:10:46.567 [main] INFO  a.f.a.t.b.SeqModelChecker - Step 1: Transition #5 is disabled
22:10:46.568 [main] DEBUG a.f.a.t.b.t.TransitionExecutorImpl - Step #1, transition #6
22:10:46.568 [main] DEBUG a.f.a.t.b.t.TransitionExecutorImpl - Translating to SMT...
22:10:46.570 [main] DEBUG a.f.a.t.b.SeqModelChecker - Step 1: Transition #6. Is it enabled?
22:10:46.570 [main] DEBUG a.f.a.t.b.SeqModelChecker - Step 1: Transition #6 is enabled
22:10:46.571 [main] DEBUG a.f.a.t.b.t.TransitionExecutorImpl - Step #1, transition #7
22:10:46.571 [main] DEBUG a.f.a.t.b.t.TransitionExecutorImpl - Translating to SMT...
22:10:46.575 [main] DEBUG a.f.a.t.b.SeqModelChecker - Step 1: Transition #7. Is it enabled?
22:10:46.575 [main] INFO  a.f.a.t.b.SeqModelChecker - Step 1: Transition #7 is disabled
22:10:46.576 [main] INFO  a.f.a.t.b.t.TransitionExecutorImpl - Step 1: picking a transition out of 6 transition(s)
22:10:46.595 [main] DEBUG a.f.a.t.b.t.TransitionExecutorImpl - Step #2, transition #0
22:10:46.595 [main] DEBUG a.f.a.t.b.t.TransitionExecutorImpl - Translating to SMT...
22:10:46.597 [main] DEBUG a.f.a.t.b.SeqModelChecker - Step 2: Transition #0. Is it enabled?
22:10:46.597 [main] DEBUG a.f.a.t.b.SeqModelChecker - Step 2: Transition #0 is enabled
22:10:46.597 [main] INFO  a.f.a.t.b.SeqModelChecker - State 2: Checking 1 state invariants
22:10:46.598 [main] DEBUG a.f.a.t.b.SeqModelChecker - State 2: Checking state invariant 0
22:10:46.600 [main] DEBUG a.f.a.t.b.t.TransitionExecutorImpl - Step #2, transition #1
22:10:46.600 [main] DEBUG a.f.a.t.b.t.TransitionExecutorImpl - Translating to SMT...
22:10:46.602 [main] DEBUG a.f.a.t.b.SeqModelChecker - Step 2: Transition #1. Is it enabled?
22:10:46.602 [main] DEBUG a.f.a.t.b.SeqModelChecker - Step 2: Transition #1 is enabled
22:10:46.603 [main] DEBUG a.f.a.t.b.t.TransitionExecutorImpl - Step #2, transition #2
22:10:46.603 [main] DEBUG a.f.a.t.b.t.TransitionExecutorImpl - Translating to SMT...
22:10:46.605 [main] DEBUG a.f.a.t.b.SeqModelChecker - Step 2: Transition #2. Is it enabled?
22:10:46.605 [main] DEBUG a.f.a.t.b.SeqModelChecker - Step 2: Transition #2 is enabled
22:10:46.605 [main] INFO  a.f.a.t.b.SeqModelChecker - State 2: Checking 1 state invariants
22:10:46.605 [main] DEBUG a.f.a.t.b.SeqModelChecker - State 2: Checking state invariant 0
22:10:46.607 [main] DEBUG a.f.a.t.b.t.TransitionExecutorImpl - Step #2, transition #3
22:10:46.608 [main] DEBUG a.f.a.t.b.t.TransitionExecutorImpl - Translating to SMT...
22:10:46.609 [main] DEBUG a.f.a.t.b.SeqModelChecker - Step 2: Transition #3. Is it enabled?
22:10:46.609 [main] DEBUG a.f.a.t.b.SeqModelChecker - Step 2: Transition #3 is enabled
22:10:46.610 [main] DEBUG a.f.a.t.b.t.TransitionExecutorImpl - Step #2, transition #4
22:10:46.610 [main] DEBUG a.f.a.t.b.t.TransitionExecutorImpl - Translating to SMT...
22:10:46.613 [main] DEBUG a.f.a.t.b.SeqModelChecker - Step 2: Transition #4. Is it enabled?
22:10:46.613 [main] DEBUG a.f.a.t.b.SeqModelChecker - Step 2: Transition #4 is enabled
22:10:46.613 [main] INFO  a.f.a.t.b.SeqModelChecker - State 2: Checking 1 state invariants
22:10:46.614 [main] DEBUG a.f.a.t.b.SeqModelChecker - State 2: Checking state invariant 0
22:10:46.616 [main] DEBUG a.f.a.t.b.t.TransitionExecutorImpl - Step #2, transition #5
22:10:46.616 [main] DEBUG a.f.a.t.b.t.TransitionExecutorImpl - Translating to SMT...
22:10:46.621 [main] DEBUG a.f.a.t.b.SeqModelChecker - Step 2: Transition #5. Is it enabled?
22:10:46.621 [main] INFO  a.f.a.t.b.SeqModelChecker - Step 2: Transition #5 is disabled
22:10:46.622 [main] DEBUG a.f.a.t.b.t.TransitionExecutorImpl - Step #2, transition #6
22:10:46.622 [main] DEBUG a.f.a.t.b.t.TransitionExecutorImpl - Translating to SMT...
22:10:46.626 [main] DEBUG a.f.a.t.b.SeqModelChecker - Step 2: Transition #6. Is it enabled?
22:10:46.626 [main] DEBUG a.f.a.t.b.SeqModelChecker - Step 2: Transition #6 is enabled
22:10:46.626 [main] INFO  a.f.a.t.b.SeqModelChecker - State 2: Checking 1 state invariants
22:10:46.626 [main] DEBUG a.f.a.t.b.SeqModelChecker - State 2: Checking state invariant 0
22:10:46.628 [main] DEBUG a.f.a.t.b.t.TransitionExecutorImpl - Step #2, transition #7
22:10:46.630 [main] DEBUG a.f.a.t.b.t.TransitionExecutorImpl - Translating to SMT...
22:10:46.634 [main] DEBUG a.f.a.t.b.SeqModelChecker - Step 2: Transition #7. Is it enabled?
22:10:46.635 [main] INFO  a.f.a.t.b.SeqModelChecker - Step 2: Transition #7 is disabled
22:10:46.635 [main] INFO  a.f.a.t.b.t.TransitionExecutorImpl - Step 2: picking a transition out of 6 transition(s)
22:10:46.642 [main] DEBUG a.f.a.t.b.t.TransitionExecutorImpl - Step #3, transition #0
22:10:46.642 [main] DEBUG a.f.a.t.b.t.TransitionExecutorImpl - Translating to SMT...
22:10:46.643 [main] DEBUG a.f.a.t.b.SeqModelChecker - Step 3: Transition #0. Is it enabled?
22:10:46.644 [main] DEBUG a.f.a.t.b.SeqModelChecker - Step 3: Transition #0 is enabled
22:10:46.644 [main] INFO  a.f.a.t.b.SeqModelChecker - State 3: Checking 1 state invariants
22:10:46.644 [main] DEBUG a.f.a.t.b.SeqModelChecker - State 3: Checking state invariant 0
22:10:46.646 [main] DEBUG a.f.a.t.b.t.TransitionExecutorImpl - Step #3, transition #1
22:10:46.646 [main] DEBUG a.f.a.t.b.t.TransitionExecutorImpl - Translating to SMT...
22:10:46.647 [main] DEBUG a.f.a.t.b.SeqModelChecker - Step 3: Transition #1. Is it enabled?
22:10:46.648 [main] DEBUG a.f.a.t.b.SeqModelChecker - Step 3: Transition #1 is enabled
22:10:46.650 [main] DEBUG a.f.a.t.b.t.TransitionExecutorImpl - Step #3, transition #2
22:10:46.650 [main] DEBUG a.f.a.t.b.t.TransitionExecutorImpl - Translating to SMT...
22:10:46.654 [main] DEBUG a.f.a.t.b.SeqModelChecker - Step 3: Transition #2. Is it enabled?
22:10:46.654 [main] DEBUG a.f.a.t.b.SeqModelChecker - Step 3: Transition #2 is enabled
22:10:46.655 [main] INFO  a.f.a.t.b.SeqModelChecker - State 3: Checking 1 state invariants
22:10:46.655 [main] DEBUG a.f.a.t.b.SeqModelChecker - State 3: Checking state invariant 0
22:10:46.657 [main] DEBUG a.f.a.t.b.t.TransitionExecutorImpl - Step #3, transition #3
22:10:46.658 [main] DEBUG a.f.a.t.b.t.TransitionExecutorImpl - Translating to SMT...
22:10:46.660 [main] DEBUG a.f.a.t.b.SeqModelChecker - Step 3: Transition #3. Is it enabled?
22:10:46.660 [main] DEBUG a.f.a.t.b.SeqModelChecker - Step 3: Transition #3 is enabled
22:10:46.661 [main] DEBUG a.f.a.t.b.t.TransitionExecutorImpl - Step #3, transition #4
22:10:46.661 [main] DEBUG a.f.a.t.b.t.TransitionExecutorImpl - Translating to SMT...
22:10:46.669 [main] DEBUG a.f.a.t.b.SeqModelChecker - Step 3: Transition #4. Is it enabled?
22:10:46.670 [main] DEBUG a.f.a.t.b.SeqModelChecker - Step 3: Transition #4 is enabled
22:10:46.670 [main] INFO  a.f.a.t.b.SeqModelChecker - State 3: Checking 1 state invariants
22:10:46.670 [main] DEBUG a.f.a.t.b.SeqModelChecker - State 3: Checking state invariant 0
22:10:46.676 [main] DEBUG a.f.a.t.b.t.TransitionExecutorImpl - Step #3, transition #5
22:10:46.676 [main] DEBUG a.f.a.t.b.t.TransitionExecutorImpl - Translating to SMT...
22:10:46.681 [main] DEBUG a.f.a.t.b.SeqModelChecker - Step 3: Transition #5. Is it enabled?
22:10:46.682 [main] INFO  a.f.a.t.b.SeqModelChecker - Step 3: Transition #5 is disabled
22:10:46.683 [main] DEBUG a.f.a.t.b.t.TransitionExecutorImpl - Step #3, transition #6
22:10:46.683 [main] DEBUG a.f.a.t.b.t.TransitionExecutorImpl - Translating to SMT...
22:10:46.687 [main] DEBUG a.f.a.t.b.SeqModelChecker - Step 3: Transition #6. Is it enabled?
22:10:46.687 [main] DEBUG a.f.a.t.b.SeqModelChecker - Step 3: Transition #6 is enabled
22:10:46.688 [main] INFO  a.f.a.t.b.SeqModelChecker - State 3: Checking 1 state invariants
22:10:46.688 [main] DEBUG a.f.a.t.b.SeqModelChecker - State 3: Checking state invariant 0
22:10:46.690 [main] DEBUG a.f.a.t.b.t.TransitionExecutorImpl - Step #3, transition #7
22:10:46.690 [main] DEBUG a.f.a.t.b.t.TransitionExecutorImpl - Translating to SMT...
22:10:46.693 [main] DEBUG a.f.a.t.b.SeqModelChecker - Step 3: Transition #7. Is it enabled?
22:10:46.695 [main] INFO  a.f.a.t.b.SeqModelChecker - Step 3: Transition #7 is disabled
22:10:46.696 [main] INFO  a.f.a.t.b.t.TransitionExecutorImpl - Step 3: picking a transition out of 6 transition(s)
22:10:46.702 [main] DEBUG a.f.a.t.b.t.TransitionExecutorImpl - Step #4, transition #0
22:10:46.702 [main] DEBUG a.f.a.t.b.t.TransitionExecutorImpl - Translating to SMT...
22:10:46.704 [main] DEBUG a.f.a.t.b.SeqModelChecker - Step 4: Transition #0. Is it enabled?
22:10:46.704 [main] DEBUG a.f.a.t.b.SeqModelChecker - Step 4: Transition #0 is enabled
22:10:46.705 [main] INFO  a.f.a.t.b.SeqModelChecker - State 4: Checking 1 state invariants
22:10:46.705 [main] DEBUG a.f.a.t.b.SeqModelChecker - State 4: Checking state invariant 0
22:10:46.707 [main] DEBUG a.f.a.t.b.t.TransitionExecutorImpl - Step #4, transition #1
22:10:46.707 [main] DEBUG a.f.a.t.b.t.TransitionExecutorImpl - Translating to SMT...
22:10:46.709 [main] DEBUG a.f.a.t.b.SeqModelChecker - Step 4: Transition #1. Is it enabled?
22:10:46.710 [main] DEBUG a.f.a.t.b.SeqModelChecker - Step 4: Transition #1 is enabled
22:10:46.711 [main] DEBUG a.f.a.t.b.t.TransitionExecutorImpl - Step #4, transition #2
22:10:46.711 [main] DEBUG a.f.a.t.b.t.TransitionExecutorImpl - Translating to SMT...
22:10:46.714 [main] DEBUG a.f.a.t.b.SeqModelChecker - Step 4: Transition #2. Is it enabled?
22:10:46.714 [main] DEBUG a.f.a.t.b.SeqModelChecker - Step 4: Transition #2 is enabled
22:10:46.715 [main] INFO  a.f.a.t.b.SeqModelChecker - State 4: Checking 1 state invariants
22:10:46.718 [main] DEBUG a.f.a.t.b.SeqModelChecker - State 4: Checking state invariant 0
22:10:46.721 [main] DEBUG a.f.a.t.b.t.TransitionExecutorImpl - Step #4, transition #3
22:10:46.721 [main] DEBUG a.f.a.t.b.t.TransitionExecutorImpl - Translating to SMT...
22:10:46.723 [main] DEBUG a.f.a.t.b.SeqModelChecker - Step 4: Transition #3. Is it enabled?
22:10:46.724 [main] DEBUG a.f.a.t.b.SeqModelChecker - Step 4: Transition #3 is enabled
22:10:46.725 [main] DEBUG a.f.a.t.b.t.TransitionExecutorImpl - Step #4, transition #4
22:10:46.725 [main] DEBUG a.f.a.t.b.t.TransitionExecutorImpl - Translating to SMT...
22:10:46.729 [main] DEBUG a.f.a.t.b.SeqModelChecker - Step 4: Transition #4. Is it enabled?
22:10:46.730 [main] DEBUG a.f.a.t.b.SeqModelChecker - Step 4: Transition #4 is enabled
22:10:46.730 [main] INFO  a.f.a.t.b.SeqModelChecker - State 4: Checking 1 state invariants
22:10:46.730 [main] DEBUG a.f.a.t.b.SeqModelChecker - State 4: Checking state invariant 0
22:10:46.737 [main] DEBUG a.f.a.t.b.t.TransitionExecutorImpl - Step #4, transition #5
22:10:46.737 [main] DEBUG a.f.a.t.b.t.TransitionExecutorImpl - Translating to SMT...
22:10:46.740 [main] DEBUG a.f.a.t.b.SeqModelChecker - Step 4: Transition #5. Is it enabled?
22:10:46.742 [main] DEBUG a.f.a.t.b.SeqModelChecker - Step 4: Transition #5 is enabled
22:10:46.742 [main] INFO  a.f.a.t.b.SeqModelChecker - State 4: Checking 1 state invariants
22:10:46.743 [main] DEBUG a.f.a.t.b.SeqModelChecker - State 4: Checking state invariant 0
22:10:46.744 [main] DEBUG a.f.a.t.b.t.TransitionExecutorImpl - Step #4, transition #6
22:10:46.744 [main] DEBUG a.f.a.t.b.t.TransitionExecutorImpl - Translating to SMT...
22:10:46.747 [main] DEBUG a.f.a.t.b.SeqModelChecker - Step 4: Transition #6. Is it enabled?
22:10:46.748 [main] DEBUG a.f.a.t.b.SeqModelChecker - Step 4: Transition #6 is enabled
22:10:46.748 [main] INFO  a.f.a.t.b.SeqModelChecker - State 4: Checking 1 state invariants
22:10:46.748 [main] DEBUG a.f.a.t.b.SeqModelChecker - State 4: Checking state invariant 0
22:10:46.750 [main] DEBUG a.f.a.t.b.t.TransitionExecutorImpl - Step #4, transition #7
22:10:46.751 [main] DEBUG a.f.a.t.b.t.TransitionExecutorImpl - Translating to SMT...
22:10:46.754 [main] DEBUG a.f.a.t.b.SeqModelChecker - Step 4: Transition #7. Is it enabled?
22:10:46.759 [main] DEBUG a.f.a.t.b.SeqModelChecker - Step 4: Transition #7 is enabled
22:10:46.759 [main] INFO  a.f.a.t.b.SeqModelChecker - State 4: Checking 1 state invariants
22:10:46.759 [main] DEBUG a.f.a.t.b.SeqModelChecker - State 4: Checking state invariant 0
22:10:46.766 [main] INFO  a.f.a.t.b.t.TransitionExecutorImpl - Step 4: picking a transition out of 8 transition(s)
22:10:46.777 [main] DEBUG a.f.a.t.b.t.TransitionExecutorImpl - Step #5, transition #0
22:10:46.777 [main] DEBUG a.f.a.t.b.t.TransitionExecutorImpl - Translating to SMT...
22:10:46.778 [main] DEBUG a.f.a.t.b.SeqModelChecker - Step 5: Transition #0. Is it enabled?
22:10:46.780 [main] DEBUG a.f.a.t.b.SeqModelChecker - Step 5: Transition #0 is enabled
22:10:46.780 [main] INFO  a.f.a.t.b.SeqModelChecker - State 5: Checking 1 state invariants
22:10:46.780 [main] DEBUG a.f.a.t.b.SeqModelChecker - State 5: Checking state invariant 0
22:10:46.782 [main] DEBUG a.f.a.t.b.t.TransitionExecutorImpl - Step #5, transition #1
22:10:46.783 [main] DEBUG a.f.a.t.b.t.TransitionExecutorImpl - Translating to SMT...
22:10:46.784 [main] DEBUG a.f.a.t.b.SeqModelChecker - Step 5: Transition #1. Is it enabled?
22:10:46.786 [main] DEBUG a.f.a.t.b.SeqModelChecker - Step 5: Transition #1 is enabled
22:10:46.788 [main] DEBUG a.f.a.t.b.t.TransitionExecutorImpl - Step #5, transition #2
22:10:46.788 [main] DEBUG a.f.a.t.b.t.TransitionExecutorImpl - Translating to SMT...
22:10:46.789 [main] DEBUG a.f.a.t.b.SeqModelChecker - Step 5: Transition #2. Is it enabled?
22:10:46.791 [main] DEBUG a.f.a.t.b.SeqModelChecker - Step 5: Transition #2 is enabled
22:10:46.791 [main] INFO  a.f.a.t.b.SeqModelChecker - State 5: Checking 1 state invariants
22:10:46.792 [main] DEBUG a.f.a.t.b.SeqModelChecker - State 5: Checking state invariant 0
22:10:46.795 [main] DEBUG a.f.a.t.b.t.TransitionExecutorImpl - Step #5, transition #3
22:10:46.795 [main] DEBUG a.f.a.t.b.t.TransitionExecutorImpl - Translating to SMT...
22:10:46.797 [main] DEBUG a.f.a.t.b.SeqModelChecker - Step 5: Transition #3. Is it enabled?
22:10:46.799 [main] DEBUG a.f.a.t.b.SeqModelChecker - Step 5: Transition #3 is enabled
22:10:46.799 [main] DEBUG a.f.a.t.b.t.TransitionExecutorImpl - Step #5, transition #4
22:10:46.800 [main] DEBUG a.f.a.t.b.t.TransitionExecutorImpl - Translating to SMT...
22:10:46.804 [main] DEBUG a.f.a.t.b.SeqModelChecker - Step 5: Transition #4. Is it enabled?
22:10:46.805 [main] DEBUG a.f.a.t.b.SeqModelChecker - Step 5: Transition #4 is enabled
22:10:46.805 [main] INFO  a.f.a.t.b.SeqModelChecker - State 5: Checking 1 state invariants
22:10:46.805 [main] DEBUG a.f.a.t.b.SeqModelChecker - State 5: Checking state invariant 0
22:10:46.817 [main] DEBUG a.f.a.t.b.t.TransitionExecutorImpl - Step #5, transition #5
22:10:46.817 [main] DEBUG a.f.a.t.b.t.TransitionExecutorImpl - Translating to SMT...
22:10:46.820 [main] DEBUG a.f.a.t.b.SeqModelChecker - Step 5: Transition #5. Is it enabled?
22:10:46.832 [main] DEBUG a.f.a.t.b.SeqModelChecker - Step 5: Transition #5 is enabled
22:10:46.832 [main] INFO  a.f.a.t.b.SeqModelChecker - State 5: Checking 1 state invariants
22:10:46.833 [main] DEBUG a.f.a.t.b.SeqModelChecker - State 5: Checking state invariant 0
22:10:46.836 [main] DEBUG a.f.a.t.b.t.TransitionExecutorImpl - Step #5, transition #6
22:10:46.836 [main] DEBUG a.f.a.t.b.t.TransitionExecutorImpl - Translating to SMT...
22:10:46.840 [main] DEBUG a.f.a.t.b.SeqModelChecker - Step 5: Transition #6. Is it enabled?
22:10:46.842 [main] DEBUG a.f.a.t.b.SeqModelChecker - Step 5: Transition #6 is enabled
22:10:46.843 [main] INFO  a.f.a.t.b.SeqModelChecker - State 5: Checking 1 state invariants
22:10:46.843 [main] DEBUG a.f.a.t.b.SeqModelChecker - State 5: Checking state invariant 0
22:10:46.846 [main] DEBUG a.f.a.t.b.t.TransitionExecutorImpl - Step #5, transition #7
22:10:46.846 [main] DEBUG a.f.a.t.b.t.TransitionExecutorImpl - Translating to SMT...
22:10:46.872 [main] DEBUG a.f.a.t.b.SeqModelChecker - Step 5: Transition #7. Is it enabled?
22:10:46.875 [main] DEBUG a.f.a.t.b.SeqModelChecker - Step 5: Transition #7 is enabled
22:10:46.875 [main] INFO  a.f.a.t.b.SeqModelChecker - State 5: Checking 1 state invariants
22:10:46.877 [main] DEBUG a.f.a.t.b.SeqModelChecker - State 5: Checking state invariant 0
22:10:46.888 [main] INFO  a.f.a.t.b.t.TransitionExecutorImpl - Step 5: picking a transition out of 8 transition(s)
22:10:46.895 [main] DEBUG a.f.a.t.b.t.TransitionExecutorImpl - Step #6, transition #0
22:10:46.895 [main] DEBUG a.f.a.t.b.t.TransitionExecutorImpl - Translating to SMT...
22:10:46.897 [main] DEBUG a.f.a.t.b.SeqModelChecker - Step 6: Transition #0. Is it enabled?
22:10:46.898 [main] DEBUG a.f.a.t.b.SeqModelChecker - Step 6: Transition #0 is enabled
22:10:46.899 [main] INFO  a.f.a.t.b.SeqModelChecker - State 6: Checking 1 state invariants
22:10:46.899 [main] DEBUG a.f.a.t.b.SeqModelChecker - State 6: Checking state invariant 0
22:10:46.901 [main] DEBUG a.f.a.t.b.t.TransitionExecutorImpl - Step #6, transition #1
22:10:46.901 [main] DEBUG a.f.a.t.b.t.TransitionExecutorImpl - Translating to SMT...
22:10:46.902 [main] DEBUG a.f.a.t.b.SeqModelChecker - Step 6: Transition #1. Is it enabled?
22:10:46.903 [main] DEBUG a.f.a.t.b.SeqModelChecker - Step 6: Transition #1 is enabled
22:10:46.903 [main] DEBUG a.f.a.t.b.t.TransitionExecutorImpl - Step #6, transition #2
22:10:46.904 [main] DEBUG a.f.a.t.b.t.TransitionExecutorImpl - Translating to SMT...
22:10:46.905 [main] DEBUG a.f.a.t.b.SeqModelChecker - Step 6: Transition #2. Is it enabled?
22:10:46.906 [main] DEBUG a.f.a.t.b.SeqModelChecker - Step 6: Transition #2 is enabled
22:10:46.906 [main] INFO  a.f.a.t.b.SeqModelChecker - State 6: Checking 1 state invariants
22:10:46.906 [main] DEBUG a.f.a.t.b.SeqModelChecker - State 6: Checking state invariant 0
22:10:46.908 [main] DEBUG a.f.a.t.b.t.TransitionExecutorImpl - Step #6, transition #3
22:10:46.908 [main] DEBUG a.f.a.t.b.t.TransitionExecutorImpl - Translating to SMT...
22:10:46.909 [main] DEBUG a.f.a.t.b.SeqModelChecker - Step 6: Transition #3. Is it enabled?
22:10:46.910 [main] DEBUG a.f.a.t.b.SeqModelChecker - Step 6: Transition #3 is enabled
22:10:46.911 [main] DEBUG a.f.a.t.b.t.TransitionExecutorImpl - Step #6, transition #4
22:10:46.911 [main] DEBUG a.f.a.t.b.t.TransitionExecutorImpl - Translating to SMT...
22:10:46.914 [main] DEBUG a.f.a.t.b.SeqModelChecker - Step 6: Transition #4. Is it enabled?
22:10:46.915 [main] DEBUG a.f.a.t.b.SeqModelChecker - Step 6: Transition #4 is enabled
22:10:46.915 [main] INFO  a.f.a.t.b.SeqModelChecker - State 6: Checking 1 state invariants
22:10:46.915 [main] DEBUG a.f.a.t.b.SeqModelChecker - State 6: Checking state invariant 0
22:10:46.937 [main] DEBUG a.f.a.t.b.t.TransitionExecutorImpl - Step #6, transition #5
22:10:46.937 [main] DEBUG a.f.a.t.b.t.TransitionExecutorImpl - Translating to SMT...
22:10:46.941 [main] DEBUG a.f.a.t.b.SeqModelChecker - Step 6: Transition #5. Is it enabled?
22:10:46.951 [main] DEBUG a.f.a.t.b.SeqModelChecker - Step 6: Transition #5 is enabled
22:10:46.951 [main] INFO  a.f.a.t.b.SeqModelChecker - State 6: Checking 1 state invariants
22:10:46.951 [main] DEBUG a.f.a.t.b.SeqModelChecker - State 6: Checking state invariant 0
22:10:46.953 [main] DEBUG a.f.a.t.b.t.TransitionExecutorImpl - Step #6, transition #6
22:10:46.953 [main] DEBUG a.f.a.t.b.t.TransitionExecutorImpl - Translating to SMT...
22:10:46.955 [main] DEBUG a.f.a.t.b.SeqModelChecker - Step 6: Transition #6. Is it enabled?
22:10:46.958 [main] DEBUG a.f.a.t.b.SeqModelChecker - Step 6: Transition #6 is enabled
22:10:46.958 [main] INFO  a.f.a.t.b.SeqModelChecker - State 6: Checking 1 state invariants
22:10:46.959 [main] DEBUG a.f.a.t.b.SeqModelChecker - State 6: Checking state invariant 0
22:10:46.960 [main] DEBUG a.f.a.t.b.t.TransitionExecutorImpl - Step #6, transition #7
22:10:46.960 [main] DEBUG a.f.a.t.b.t.TransitionExecutorImpl - Translating to SMT...
22:10:46.968 [main] DEBUG a.f.a.t.b.SeqModelChecker - Step 6: Transition #7. Is it enabled?
22:10:46.973 [main] DEBUG a.f.a.t.b.SeqModelChecker - Step 6: Transition #7 is enabled
22:10:46.974 [main] INFO  a.f.a.t.b.SeqModelChecker - State 6: Checking 1 state invariants
22:10:46.974 [main] DEBUG a.f.a.t.b.SeqModelChecker - State 6: Checking state invariant 0
22:10:46.991 [main] INFO  a.f.a.t.b.t.TransitionExecutorImpl - Step 6: picking a transition out of 8 transition(s)
22:10:46.996 [main] DEBUG a.f.a.t.b.t.TransitionExecutorImpl - Step #7, transition #0
22:10:46.997 [main] DEBUG a.f.a.t.b.t.TransitionExecutorImpl - Translating to SMT...
22:10:46.998 [main] DEBUG a.f.a.t.b.SeqModelChecker - Step 7: Transition #0. Is it enabled?
22:10:47.000 [main] DEBUG a.f.a.t.b.SeqModelChecker - Step 7: Transition #0 is enabled
22:10:47.000 [main] INFO  a.f.a.t.b.SeqModelChecker - State 7: Checking 1 state invariants
22:10:47.000 [main] DEBUG a.f.a.t.b.SeqModelChecker - State 7: Checking state invariant 0
22:10:47.003 [main] DEBUG a.f.a.t.b.t.TransitionExecutorImpl - Step #7, transition #1
22:10:47.003 [main] DEBUG a.f.a.t.b.t.TransitionExecutorImpl - Translating to SMT...
22:10:47.005 [main] DEBUG a.f.a.t.b.SeqModelChecker - Step 7: Transition #1. Is it enabled?
22:10:47.006 [main] DEBUG a.f.a.t.b.SeqModelChecker - Step 7: Transition #1 is enabled
22:10:47.006 [main] DEBUG a.f.a.t.b.t.TransitionExecutorImpl - Step #7, transition #2
22:10:47.006 [main] DEBUG a.f.a.t.b.t.TransitionExecutorImpl - Translating to SMT...
22:10:47.007 [main] DEBUG a.f.a.t.b.SeqModelChecker - Step 7: Transition #2. Is it enabled?
22:10:47.008 [main] DEBUG a.f.a.t.b.SeqModelChecker - Step 7: Transition #2 is enabled
22:10:47.009 [main] INFO  a.f.a.t.b.SeqModelChecker - State 7: Checking 1 state invariants
22:10:47.009 [main] DEBUG a.f.a.t.b.SeqModelChecker - State 7: Checking state invariant 0
22:10:47.010 [main] DEBUG a.f.a.t.b.t.TransitionExecutorImpl - Step #7, transition #3
22:10:47.010 [main] DEBUG a.f.a.t.b.t.TransitionExecutorImpl - Translating to SMT...
22:10:47.011 [main] DEBUG a.f.a.t.b.SeqModelChecker - Step 7: Transition #3. Is it enabled?
22:10:47.012 [main] DEBUG a.f.a.t.b.SeqModelChecker - Step 7: Transition #3 is enabled
22:10:47.012 [main] DEBUG a.f.a.t.b.t.TransitionExecutorImpl - Step #7, transition #4
22:10:47.012 [main] DEBUG a.f.a.t.b.t.TransitionExecutorImpl - Translating to SMT...
22:10:47.014 [main] DEBUG a.f.a.t.b.SeqModelChecker - Step 7: Transition #4. Is it enabled?
22:10:47.016 [main] DEBUG a.f.a.t.b.SeqModelChecker - Step 7: Transition #4 is enabled
22:10:47.016 [main] INFO  a.f.a.t.b.SeqModelChecker - State 7: Checking 1 state invariants
22:10:47.016 [main] DEBUG a.f.a.t.b.SeqModelChecker - State 7: Checking state invariant 0
22:10:47.070 [main] DEBUG a.f.a.t.b.t.TransitionExecutorImpl - Step #7, transition #5
22:10:47.070 [main] DEBUG a.f.a.t.b.t.TransitionExecutorImpl - Translating to SMT...
22:10:47.072 [main] DEBUG a.f.a.t.b.SeqModelChecker - Step 7: Transition #5. Is it enabled?
22:10:47.076 [main] DEBUG a.f.a.t.b.SeqModelChecker - Step 7: Transition #5 is enabled
22:10:47.077 [main] INFO  a.f.a.t.b.SeqModelChecker - State 7: Checking 1 state invariants
22:10:47.077 [main] DEBUG a.f.a.t.b.SeqModelChecker - State 7: Checking state invariant 0
22:10:47.079 [main] DEBUG a.f.a.t.b.t.TransitionExecutorImpl - Step #7, transition #6
22:10:47.079 [main] DEBUG a.f.a.t.b.t.TransitionExecutorImpl - Translating to SMT...
22:10:47.081 [main] DEBUG a.f.a.t.b.SeqModelChecker - Step 7: Transition #6. Is it enabled?
22:10:47.082 [main] DEBUG a.f.a.t.b.SeqModelChecker - Step 7: Transition #6 is enabled
22:10:47.082 [main] INFO  a.f.a.t.b.SeqModelChecker - State 7: Checking 1 state invariants
22:10:47.083 [main] DEBUG a.f.a.t.b.SeqModelChecker - State 7: Checking state invariant 0
22:10:47.084 [main] DEBUG a.f.a.t.b.t.TransitionExecutorImpl - Step #7, transition #7
22:10:47.084 [main] DEBUG a.f.a.t.b.t.TransitionExecutorImpl - Translating to SMT...
22:10:47.089 [main] DEBUG a.f.a.t.b.SeqModelChecker - Step 7: Transition #7. Is it enabled?
22:10:47.091 [main] DEBUG a.f.a.t.b.SeqModelChecker - Step 7: Transition #7 is enabled
22:10:47.091 [main] INFO  a.f.a.t.b.SeqModelChecker - State 7: Checking 1 state invariants
22:10:47.091 [main] DEBUG a.f.a.t.b.SeqModelChecker - State 7: Checking state invariant 0
22:10:47.129 [main] INFO  a.f.a.t.b.t.TransitionExecutorImpl - Step 7: picking a transition out of 8 transition(s)
22:10:47.134 [main] DEBUG a.f.a.t.b.t.TransitionExecutorImpl - Step #8, transition #0
22:10:47.134 [main] DEBUG a.f.a.t.b.t.TransitionExecutorImpl - Translating to SMT...
22:10:47.135 [main] DEBUG a.f.a.t.b.SeqModelChecker - Step 8: Transition #0. Is it enabled?
22:10:47.139 [main] DEBUG a.f.a.t.b.SeqModelChecker - Step 8: Transition #0 is enabled
22:10:47.139 [main] INFO  a.f.a.t.b.SeqModelChecker - State 8: Checking 1 state invariants
22:10:47.139 [main] DEBUG a.f.a.t.b.SeqModelChecker - State 8: Checking state invariant 0
22:10:47.142 [main] DEBUG a.f.a.t.b.t.TransitionExecutorImpl - Step #8, transition #1
22:10:47.142 [main] DEBUG a.f.a.t.b.t.TransitionExecutorImpl - Translating to SMT...
22:10:47.143 [main] DEBUG a.f.a.t.b.SeqModelChecker - Step 8: Transition #1. Is it enabled?
22:10:47.144 [main] DEBUG a.f.a.t.b.SeqModelChecker - Step 8: Transition #1 is enabled
22:10:47.145 [main] DEBUG a.f.a.t.b.t.TransitionExecutorImpl - Step #8, transition #2
22:10:47.145 [main] DEBUG a.f.a.t.b.t.TransitionExecutorImpl - Translating to SMT...
22:10:47.146 [main] DEBUG a.f.a.t.b.SeqModelChecker - Step 8: Transition #2. Is it enabled?
22:10:47.148 [main] DEBUG a.f.a.t.b.SeqModelChecker - Step 8: Transition #2 is enabled
22:10:47.148 [main] INFO  a.f.a.t.b.SeqModelChecker - State 8: Checking 1 state invariants
22:10:47.148 [main] DEBUG a.f.a.t.b.SeqModelChecker - State 8: Checking state invariant 0
22:10:47.149 [main] DEBUG a.f.a.t.b.t.TransitionExecutorImpl - Step #8, transition #3
22:10:47.150 [main] DEBUG a.f.a.t.b.t.TransitionExecutorImpl - Translating to SMT...
22:10:47.151 [main] DEBUG a.f.a.t.b.SeqModelChecker - Step 8: Transition #3. Is it enabled?
22:10:47.152 [main] DEBUG a.f.a.t.b.SeqModelChecker - Step 8: Transition #3 is enabled
22:10:47.155 [main] DEBUG a.f.a.t.b.t.TransitionExecutorImpl - Step #8, transition #4
22:10:47.155 [main] DEBUG a.f.a.t.b.t.TransitionExecutorImpl - Translating to SMT...
22:10:47.156 [main] DEBUG a.f.a.t.b.SeqModelChecker - Step 8: Transition #4. Is it enabled?
22:10:47.158 [main] DEBUG a.f.a.t.b.SeqModelChecker - Step 8: Transition #4 is enabled
22:10:47.158 [main] INFO  a.f.a.t.b.SeqModelChecker - State 8: Checking 1 state invariants
22:10:47.158 [main] DEBUG a.f.a.t.b.SeqModelChecker - State 8: Checking state invariant 0
22:10:47.455 [main] ERROR a.f.a.t.b.SeqModelChecker - State 8: state invariant 0 violated. Check the counterexample in: 
  /Users/gavran/Documents/informal/tlaplusTutorial/jugs/_apalache-out/jugs.tla/2021-12-10T22-10-43_1116515944153367842/counterexample1.tla
  /Users/gavran/Documents/informal/tlaplusTutorial/jugs/_apalache-out/jugs.tla/2021-12-10T22-10-43_1116515944153367842/MC1.out
  /Users/gavran/Documents/informal/tlaplusTutorial/jugs/_apalache-out/jugs.tla/2021-12-10T22-10-43_1116515944153367842/counterexample1.json
22:10:47.457 [main] INFO  a.f.a.t.b.SeqModelChecker - Found 1 error(s)
22:10:47.465 [main] INFO  a.f.a.t.b.p.BoundedCheckerPassImpl - The outcome is: Error
22:10:47.465 [main] DEBUG a.f.a.i.p.PassChainExecutor - PASS #13: BoundedChecker [FAIL]
22:10:47.466 [main] INFO  a.f.a.t.Tool$ - Checker has found an error
22:10:47.468 [main] INFO  a.f.a.t.Tool$ - It took me 0 days  0 hours  0 min  4 sec
22:10:47.469 [main] INFO  a.f.a.t.Tool$ - Total time: 4.502 sec
