12:23:56.576 [main] INFO  a.f.a.t.Tool$ - Checker options: filename=../../modelator/jekyll/docs/tla_basics_tutorials/models/hello_world_typed/hello_world_typed.tla, init=, next=, inv=
12:23:56.581 [main] INFO  a.f.a.t.Tool$ - Tuning: 
12:23:56.587 [main] INFO  a.f.a.i.p.PassChainExecutor - PASS #0: SanyParser
12:23:57.090 [main] DEBUG a.f.a.i.p.PassChainExecutor - PASS #0: SanyParser [OK]
12:23:57.091 [main] INFO  a.f.a.i.p.PassChainExecutor - PASS #1: TypeCheckerSnowcat
12:23:57.091 [main] INFO  a.f.a.t.t.p.EtcTypeCheckerPassImpl -  > Running Snowcat .::.
12:23:57.514 [main] INFO  a.f.a.t.t.p.EtcTypeCheckerPassImpl -  > Your types are great!
12:23:57.514 [main] INFO  a.f.a.t.t.p.EtcTypeCheckerPassImpl -  > All expressions are typed
12:23:57.515 [main] DEBUG a.f.a.i.p.PassChainExecutor - PASS #1: TypeCheckerSnowcat [OK]
12:23:57.516 [main] INFO  a.f.a.i.p.PassChainExecutor - PASS #2: ConfigurationPass
12:23:57.521 [main] INFO  a.f.a.t.p.p.ConfigurationPassImpl -   > hello_world_typed.cfg: Loading TLC configuration
12:23:57.589 [main] INFO  a.f.a.t.p.p.ConfigurationPassImpl -   > Using the init predicate Init from the TLC config
12:23:57.590 [main] INFO  a.f.a.t.p.p.ConfigurationPassImpl -   > Using the next predicate Next from the TLC config
12:23:57.590 [main] INFO  a.f.a.t.p.p.ConfigurationPassImpl -   > hello_world_typed.cfg: found INVARIANTS: NotEverythingWasLost
12:23:57.591 [main] INFO  a.f.a.t.p.p.ConfigurationPassImpl -   > Set the initialization predicate to Init
12:23:57.593 [main] INFO  a.f.a.t.p.p.ConfigurationPassImpl -   > Set the transition predicate to Next
12:23:57.593 [main] INFO  a.f.a.t.p.p.ConfigurationPassImpl -   > Set an invariant to NotEverythingWasLost
12:23:57.595 [main] ERROR a.f.a.t.Tool$ - Configuration error (see the manual): Operator NotEverythingWasLost not found (used as an invariant)
12:23:57.597 [main] INFO  a.f.a.t.Tool$ - It took me 0 days  0 hours  0 min  1 sec
12:23:57.597 [main] INFO  a.f.a.t.Tool$ - Total time: 1.559 sec
