16:12:11.497 [main] INFO  a.f.a.t.Tool$ - Checker options: filename=multiple_traces.tla, init=, next=, inv=AlternatingOddEvenUntil10
16:12:11.502 [main] INFO  a.f.a.t.Tool$ - Tuning: 
16:12:11.507 [main] INFO  a.f.a.i.p.PassChainExecutor - PASS #0: SanyParser
16:12:12.081 [main] DEBUG a.f.a.i.p.PassChainExecutor - PASS #0: SanyParser [OK]
16:12:12.082 [main] INFO  a.f.a.i.p.PassChainExecutor - PASS #1: TypeCheckerSnowcat
16:12:12.083 [main] INFO  a.f.a.t.t.p.EtcTypeCheckerPassImpl -  > Running Snowcat .::.
16:12:12.710 [main] INFO  a.f.a.t.t.p.EtcTypeCheckerPassImpl -  > Your types are great!
16:12:12.711 [main] INFO  a.f.a.t.t.p.EtcTypeCheckerPassImpl -  > All expressions are typed
16:12:12.711 [main] DEBUG a.f.a.i.p.PassChainExecutor - PASS #1: TypeCheckerSnowcat [OK]
16:12:12.712 [main] INFO  a.f.a.i.p.PassChainExecutor - PASS #2: ConfigurationPass
16:12:12.715 [main] INFO  a.f.a.t.p.p.ConfigurationPassImpl -   > multiple_traces.cfg: Loading TLC configuration
16:12:12.721 [main] INFO  a.f.a.t.p.p.ConfigurationPassImpl -   > No TLC configuration found. Skipping.
16:12:12.721 [main] INFO  a.f.a.t.p.p.ConfigurationPassImpl -   > Command line option --init is not set. Using Init
16:12:12.721 [main] INFO  a.f.a.t.p.p.ConfigurationPassImpl -   > Command line option --next is not set. Using Next
16:12:12.722 [main] INFO  a.f.a.t.p.p.ConfigurationPassImpl -   > Set the initialization predicate to Init
16:12:12.723 [main] INFO  a.f.a.t.p.p.ConfigurationPassImpl -   > Set the transition predicate to Next
16:12:12.724 [main] INFO  a.f.a.t.p.p.ConfigurationPassImpl -   > Set an invariant to AlternatingOddEvenUntil10
16:12:12.729 [main] DEBUG a.f.a.i.p.PassChainExecutor - PASS #2: ConfigurationPass [OK]
16:12:12.730 [main] INFO  a.f.a.i.p.PassChainExecutor - PASS #3: DesugarerPass
16:12:12.730 [main] INFO  a.f.a.t.p.p.DesugarerPassImpl -   > Desugaring...
16:12:12.755 [main] DEBUG a.f.a.i.p.PassChainExecutor - PASS #3: DesugarerPass [OK]
16:12:12.756 [main] INFO  a.f.a.i.p.PassChainExecutor - PASS #4: UnrollPass
16:12:12.789 [main] INFO  a.f.a.t.p.p.UnrollPassImpl -   > Unroller
16:12:12.810 [main] DEBUG a.f.a.i.p.PassChainExecutor - PASS #4: UnrollPass [OK]
16:12:12.811 [main] INFO  a.f.a.i.p.PassChainExecutor - PASS #5: InlinePass
16:12:12.818 [main] INFO  a.f.a.t.p.p.InlinePassImpl -   > InlinerOfUserOper
16:12:12.826 [main] INFO  a.f.a.t.p.p.InlinePassImpl -   > Wrap
16:12:12.829 [main] INFO  a.f.a.t.p.p.InlinePassImpl -   > CallByNameOperatorEmbedder
16:12:12.832 [main] INFO  a.f.a.t.p.p.InlinePassImpl -   > LetInExpander
16:12:12.835 [main] INFO  a.f.a.t.p.p.InlinePassImpl -   > Unwrap
16:12:12.837 [main] INFO  a.f.a.t.p.p.InlinePassImpl -   > InlinerOfUserOper
16:12:12.845 [main] INFO  a.f.a.t.p.p.InlinePassImpl - Leaving only relevant operators: AlternatingOddEvenUntil10, CInitPrimed, Init, InitPrimed, Next, View
16:12:12.855 [main] DEBUG a.f.a.i.p.PassChainExecutor - PASS #5: InlinePass [OK]
16:12:12.856 [main] INFO  a.f.a.i.p.PassChainExecutor - PASS #6: PrimingPass
16:12:12.860 [main] INFO  a.f.a.t.a.p.PrimingPassImpl -   > Introducing InitPrimed for Init'
16:12:12.863 [main] DEBUG a.f.a.i.p.PassChainExecutor - PASS #6: PrimingPass [OK]
16:12:12.864 [main] INFO  a.f.a.i.p.PassChainExecutor - PASS #7: VCGen
16:12:12.867 [main] INFO  a.f.a.t.b.p.VCGenPassImpl -   > Producing verification conditions from the invariant AlternatingOddEvenUntil10
16:12:12.868 [main] INFO  a.f.a.t.b.p.VCGenPassImpl -   > Using state view View
16:12:12.909 [main] DEBUG a.f.a.i.p.PassChainExecutor - PASS #7: VCGen [OK]
16:12:12.910 [main] INFO  a.f.a.i.p.PassChainExecutor - PASS #8: PreprocessingPass
16:12:12.911 [main] INFO  a.f.a.t.p.p.PreproPassImpl -   > Before preprocessing: unique renaming
16:12:12.929 [main] INFO  a.f.a.t.p.p.PreproPassImpl -  > Applying standard transformations:
16:12:12.930 [main] INFO  a.f.a.t.p.p.PreproPassImpl -   > PrimePropagation
16:12:12.937 [main] INFO  a.f.a.t.p.p.PreproPassImpl -   > Desugarer
16:12:12.944 [main] INFO  a.f.a.t.p.p.PreproPassImpl -   > UniqueRenamer
16:12:12.982 [main] INFO  a.f.a.t.p.p.PreproPassImpl -   > Normalizer
16:12:13.003 [main] INFO  a.f.a.t.p.p.PreproPassImpl -   > Keramelizer
16:12:13.021 [main] INFO  a.f.a.t.p.p.PreproPassImpl -   > After preprocessing: UniqueRenamer
16:12:13.038 [main] DEBUG a.f.a.i.p.PassChainExecutor - PASS #8: PreprocessingPass [OK]
16:12:13.039 [main] INFO  a.f.a.i.p.PassChainExecutor - PASS #9: TransitionFinderPass
16:12:13.092 [main] INFO  a.f.a.t.a.p.TransitionPassImpl -   > Found 1 initializing transitions
16:12:13.111 [main] INFO  a.f.a.t.a.p.TransitionPassImpl -   > Found 2 transitions
16:12:13.113 [main] INFO  a.f.a.t.a.p.TransitionPassImpl -   > No constant initializer
16:12:13.114 [main] INFO  a.f.a.t.a.p.TransitionPassImpl -   > Applying unique renaming
16:12:13.122 [main] DEBUG a.f.a.i.p.PassChainExecutor - PASS #9: TransitionFinderPass [OK]
16:12:13.122 [main] INFO  a.f.a.i.p.PassChainExecutor - PASS #10: OptimizationPass
16:12:13.129 [main] INFO  a.f.a.t.p.p.OptPassImpl -  > Applying optimizations:
16:12:13.130 [main] INFO  a.f.a.t.p.p.OptPassImpl -   > ConstSimplifier
16:12:13.137 [main] INFO  a.f.a.t.p.p.OptPassImpl -   > ExprOptimizer
16:12:13.140 [main] INFO  a.f.a.t.p.p.OptPassImpl -   > ConstSimplifier
16:12:13.144 [main] DEBUG a.f.a.i.p.PassChainExecutor - PASS #10: OptimizationPass [OK]
16:12:13.145 [main] INFO  a.f.a.i.p.PassChainExecutor - PASS #11: AnalysisPass
16:12:13.150 [main] INFO  a.f.a.t.b.p.AnalysisPassImpl -  > Marking skolemizable existentials and sets to be expanded...
16:12:13.152 [main] INFO  a.f.a.t.b.p.AnalysisPassImpl -   > Skolemization
16:12:13.154 [main] INFO  a.f.a.t.b.p.AnalysisPassImpl -   > Expansion
16:12:13.160 [main] INFO  a.f.a.t.b.p.AnalysisPassImpl -   > Remove unused let-in defs
16:12:13.169 [main] INFO  a.f.a.t.b.p.AnalysisPassImpl -  > Running analyzers...
16:12:13.174 [main] INFO  a.f.a.t.b.p.AnalysisPassImpl -   > Introduced expression grades
16:12:13.174 [main] INFO  a.f.a.t.b.p.AnalysisPassImpl -   > Introduced 3 formula hints
16:12:13.175 [main] DEBUG a.f.a.i.p.PassChainExecutor - PASS #11: AnalysisPass [OK]
16:12:13.175 [main] INFO  a.f.a.i.p.PassChainExecutor - PASS #12: PostTypeCheckerSnowcat
16:12:13.175 [main] INFO  a.f.a.t.b.p.PostTypeCheckerPassImpl -  > Running Snowcat .::.
16:12:13.563 [main] INFO  a.f.a.t.b.p.PostTypeCheckerPassImpl -  > Your types are great!
16:12:13.563 [main] INFO  a.f.a.t.b.p.PostTypeCheckerPassImpl -  > All expressions are typed
16:12:13.563 [main] DEBUG a.f.a.i.p.PassChainExecutor - PASS #12: PostTypeCheckerSnowcat [OK]
16:12:13.564 [main] INFO  a.f.a.i.p.PassChainExecutor - PASS #13: BoundedChecker
16:12:15.067 [main] DEBUG a.f.a.t.b.t.TransitionExecutorImpl - Step #0, transition #0
16:12:15.068 [main] DEBUG a.f.a.t.b.t.TransitionExecutorImpl - Translating to SMT...
16:12:15.134 [main] DEBUG a.f.a.t.b.SeqModelChecker - Step 0: Transition #0. Is it enabled?
16:12:15.137 [main] DEBUG a.f.a.t.b.SeqModelChecker - Step 0: Transition #0 is enabled
16:12:15.145 [main] INFO  a.f.a.t.b.t.TransitionExecutorImpl - Step 0: picking a transition out of 1 transition(s)
16:12:15.152 [main] INFO  a.f.a.t.b.SeqModelChecker - State 0: Checking 1 trace invariant(s)
16:12:15.153 [main] DEBUG a.f.a.t.b.SeqModelChecker - State 0: Checking trace invariant 0
16:12:15.220 [main] DEBUG a.f.a.t.b.t.TransitionExecutorImpl - Step #1, transition #0
16:12:15.220 [main] DEBUG a.f.a.t.b.t.TransitionExecutorImpl - Translating to SMT...
16:12:15.243 [main] DEBUG a.f.a.t.b.SeqModelChecker - Step 1: Transition #0. Is it enabled?
16:12:15.243 [main] DEBUG a.f.a.t.b.SeqModelChecker - Step 1: Transition #0 is enabled
16:12:15.244 [main] DEBUG a.f.a.t.b.t.TransitionExecutorImpl - Step #1, transition #1
16:12:15.244 [main] DEBUG a.f.a.t.b.t.TransitionExecutorImpl - Translating to SMT...
16:12:15.250 [main] DEBUG a.f.a.t.b.SeqModelChecker - Step 1: Transition #1. Is it enabled?
16:12:15.250 [main] DEBUG a.f.a.t.b.SeqModelChecker - Step 1: Transition #1 is enabled
16:12:15.252 [main] INFO  a.f.a.t.b.t.TransitionExecutorImpl - Step 1: picking a transition out of 2 transition(s)
16:12:15.257 [main] INFO  a.f.a.t.b.SeqModelChecker - State 1: Checking 1 trace invariant(s)
16:12:15.257 [main] DEBUG a.f.a.t.b.SeqModelChecker - State 1: Checking trace invariant 0
16:12:15.335 [main] DEBUG a.f.a.t.b.t.TransitionExecutorImpl - Step #2, transition #0
16:12:15.335 [main] DEBUG a.f.a.t.b.t.TransitionExecutorImpl - Translating to SMT...
16:12:15.342 [main] DEBUG a.f.a.t.b.SeqModelChecker - Step 2: Transition #0. Is it enabled?
16:12:15.343 [main] DEBUG a.f.a.t.b.SeqModelChecker - Step 2: Transition #0 is enabled
16:12:15.344 [main] DEBUG a.f.a.t.b.t.TransitionExecutorImpl - Step #2, transition #1
16:12:15.344 [main] DEBUG a.f.a.t.b.t.TransitionExecutorImpl - Translating to SMT...
16:12:15.347 [main] DEBUG a.f.a.t.b.SeqModelChecker - Step 2: Transition #1. Is it enabled?
16:12:15.347 [main] DEBUG a.f.a.t.b.SeqModelChecker - Step 2: Transition #1 is enabled
16:12:15.348 [main] INFO  a.f.a.t.b.t.TransitionExecutorImpl - Step 2: picking a transition out of 2 transition(s)
16:12:15.352 [main] INFO  a.f.a.t.b.SeqModelChecker - State 2: Checking 1 trace invariant(s)
16:12:15.353 [main] DEBUG a.f.a.t.b.SeqModelChecker - State 2: Checking trace invariant 0
16:12:15.430 [main] DEBUG a.f.a.t.b.t.TransitionExecutorImpl - Step #3, transition #0
16:12:15.431 [main] DEBUG a.f.a.t.b.t.TransitionExecutorImpl - Translating to SMT...
16:12:15.437 [main] DEBUG a.f.a.t.b.SeqModelChecker - Step 3: Transition #0. Is it enabled?
16:12:15.437 [main] DEBUG a.f.a.t.b.SeqModelChecker - Step 3: Transition #0 is enabled
16:12:15.438 [main] DEBUG a.f.a.t.b.t.TransitionExecutorImpl - Step #3, transition #1
16:12:15.438 [main] DEBUG a.f.a.t.b.t.TransitionExecutorImpl - Translating to SMT...
16:12:15.439 [main] DEBUG a.f.a.t.b.SeqModelChecker - Step 3: Transition #1. Is it enabled?
16:12:15.440 [main] DEBUG a.f.a.t.b.SeqModelChecker - Step 3: Transition #1 is enabled
16:12:15.441 [main] INFO  a.f.a.t.b.t.TransitionExecutorImpl - Step 3: picking a transition out of 2 transition(s)
16:12:15.443 [main] INFO  a.f.a.t.b.SeqModelChecker - State 3: Checking 1 trace invariant(s)
16:12:15.443 [main] DEBUG a.f.a.t.b.SeqModelChecker - State 3: Checking trace invariant 0
16:12:15.512 [main] DEBUG a.f.a.t.b.t.TransitionExecutorImpl - Step #4, transition #0
16:12:15.512 [main] DEBUG a.f.a.t.b.t.TransitionExecutorImpl - Translating to SMT...
16:12:15.515 [main] DEBUG a.f.a.t.b.SeqModelChecker - Step 4: Transition #0. Is it enabled?
16:12:15.515 [main] DEBUG a.f.a.t.b.SeqModelChecker - Step 4: Transition #0 is enabled
16:12:15.516 [main] DEBUG a.f.a.t.b.t.TransitionExecutorImpl - Step #4, transition #1
16:12:15.516 [main] DEBUG a.f.a.t.b.t.TransitionExecutorImpl - Translating to SMT...
16:12:15.518 [main] DEBUG a.f.a.t.b.SeqModelChecker - Step 4: Transition #1. Is it enabled?
16:12:15.519 [main] DEBUG a.f.a.t.b.SeqModelChecker - Step 4: Transition #1 is enabled
16:12:15.519 [main] INFO  a.f.a.t.b.t.TransitionExecutorImpl - Step 4: picking a transition out of 2 transition(s)
16:12:15.521 [main] INFO  a.f.a.t.b.SeqModelChecker - State 4: Checking 1 trace invariant(s)
16:12:15.521 [main] DEBUG a.f.a.t.b.SeqModelChecker - State 4: Checking trace invariant 0
16:12:15.594 [main] DEBUG a.f.a.t.b.t.TransitionExecutorImpl - Step #5, transition #0
16:12:15.594 [main] DEBUG a.f.a.t.b.t.TransitionExecutorImpl - Translating to SMT...
16:12:15.597 [main] DEBUG a.f.a.t.b.SeqModelChecker - Step 5: Transition #0. Is it enabled?
16:12:15.598 [main] DEBUG a.f.a.t.b.SeqModelChecker - Step 5: Transition #0 is enabled
16:12:15.599 [main] DEBUG a.f.a.t.b.t.TransitionExecutorImpl - Step #5, transition #1
16:12:15.599 [main] DEBUG a.f.a.t.b.t.TransitionExecutorImpl - Translating to SMT...
16:12:15.602 [main] DEBUG a.f.a.t.b.SeqModelChecker - Step 5: Transition #1. Is it enabled?
16:12:15.603 [main] DEBUG a.f.a.t.b.SeqModelChecker - Step 5: Transition #1 is enabled
16:12:15.604 [main] INFO  a.f.a.t.b.t.TransitionExecutorImpl - Step 5: picking a transition out of 2 transition(s)
16:12:15.605 [main] INFO  a.f.a.t.b.SeqModelChecker - State 5: Checking 1 trace invariant(s)
16:12:15.605 [main] DEBUG a.f.a.t.b.SeqModelChecker - State 5: Checking trace invariant 0
16:12:15.717 [main] DEBUG a.f.a.t.b.t.TransitionExecutorImpl - Step #6, transition #0
16:12:15.717 [main] DEBUG a.f.a.t.b.t.TransitionExecutorImpl - Translating to SMT...
16:12:15.721 [main] DEBUG a.f.a.t.b.SeqModelChecker - Step 6: Transition #0. Is it enabled?
16:12:15.721 [main] DEBUG a.f.a.t.b.SeqModelChecker - Step 6: Transition #0 is enabled
16:12:15.722 [main] DEBUG a.f.a.t.b.t.TransitionExecutorImpl - Step #6, transition #1
16:12:15.722 [main] DEBUG a.f.a.t.b.t.TransitionExecutorImpl - Translating to SMT...
16:12:15.723 [main] DEBUG a.f.a.t.b.SeqModelChecker - Step 6: Transition #1. Is it enabled?
16:12:15.724 [main] DEBUG a.f.a.t.b.SeqModelChecker - Step 6: Transition #1 is enabled
16:12:15.725 [main] INFO  a.f.a.t.b.t.TransitionExecutorImpl - Step 6: picking a transition out of 2 transition(s)
16:12:15.727 [main] INFO  a.f.a.t.b.SeqModelChecker - State 6: Checking 1 trace invariant(s)
16:12:15.728 [main] DEBUG a.f.a.t.b.SeqModelChecker - State 6: Checking trace invariant 0
16:12:15.822 [main] DEBUG a.f.a.t.b.t.TransitionExecutorImpl - Step #7, transition #0
16:12:15.822 [main] DEBUG a.f.a.t.b.t.TransitionExecutorImpl - Translating to SMT...
16:12:15.826 [main] DEBUG a.f.a.t.b.SeqModelChecker - Step 7: Transition #0. Is it enabled?
16:12:15.827 [main] DEBUG a.f.a.t.b.SeqModelChecker - Step 7: Transition #0 is enabled
16:12:15.828 [main] DEBUG a.f.a.t.b.t.TransitionExecutorImpl - Step #7, transition #1
16:12:15.828 [main] DEBUG a.f.a.t.b.t.TransitionExecutorImpl - Translating to SMT...
16:12:15.830 [main] DEBUG a.f.a.t.b.SeqModelChecker - Step 7: Transition #1. Is it enabled?
16:12:15.831 [main] DEBUG a.f.a.t.b.SeqModelChecker - Step 7: Transition #1 is enabled
16:12:15.832 [main] INFO  a.f.a.t.b.t.TransitionExecutorImpl - Step 7: picking a transition out of 2 transition(s)
16:12:15.835 [main] INFO  a.f.a.t.b.SeqModelChecker - State 7: Checking 1 trace invariant(s)
16:12:15.836 [main] DEBUG a.f.a.t.b.SeqModelChecker - State 7: Checking trace invariant 0
16:12:15.947 [main] DEBUG a.f.a.t.b.t.TransitionExecutorImpl - Step #8, transition #0
16:12:15.947 [main] DEBUG a.f.a.t.b.t.TransitionExecutorImpl - Translating to SMT...
16:12:15.951 [main] DEBUG a.f.a.t.b.SeqModelChecker - Step 8: Transition #0. Is it enabled?
16:12:15.952 [main] DEBUG a.f.a.t.b.SeqModelChecker - Step 8: Transition #0 is enabled
16:12:15.953 [main] DEBUG a.f.a.t.b.t.TransitionExecutorImpl - Step #8, transition #1
16:12:15.953 [main] DEBUG a.f.a.t.b.t.TransitionExecutorImpl - Translating to SMT...
16:12:15.955 [main] DEBUG a.f.a.t.b.SeqModelChecker - Step 8: Transition #1. Is it enabled?
16:12:15.956 [main] DEBUG a.f.a.t.b.SeqModelChecker - Step 8: Transition #1 is enabled
16:12:15.957 [main] INFO  a.f.a.t.b.t.TransitionExecutorImpl - Step 8: picking a transition out of 2 transition(s)
16:12:15.961 [main] INFO  a.f.a.t.b.SeqModelChecker - State 8: Checking 1 trace invariant(s)
16:12:15.962 [main] DEBUG a.f.a.t.b.SeqModelChecker - State 8: Checking trace invariant 0
16:12:16.092 [main] DEBUG a.f.a.t.b.t.TransitionExecutorImpl - Step #9, transition #0
16:12:16.092 [main] DEBUG a.f.a.t.b.t.TransitionExecutorImpl - Translating to SMT...
16:12:16.097 [main] DEBUG a.f.a.t.b.SeqModelChecker - Step 9: Transition #0. Is it enabled?
16:12:16.098 [main] DEBUG a.f.a.t.b.SeqModelChecker - Step 9: Transition #0 is enabled
16:12:16.098 [main] DEBUG a.f.a.t.b.t.TransitionExecutorImpl - Step #9, transition #1
16:12:16.099 [main] DEBUG a.f.a.t.b.t.TransitionExecutorImpl - Translating to SMT...
16:12:16.103 [main] DEBUG a.f.a.t.b.SeqModelChecker - Step 9: Transition #1. Is it enabled?
16:12:16.104 [main] DEBUG a.f.a.t.b.SeqModelChecker - Step 9: Transition #1 is enabled
16:12:16.105 [main] INFO  a.f.a.t.b.t.TransitionExecutorImpl - Step 9: picking a transition out of 2 transition(s)
16:12:16.107 [main] INFO  a.f.a.t.b.SeqModelChecker - State 9: Checking 1 trace invariant(s)
16:12:16.107 [main] DEBUG a.f.a.t.b.SeqModelChecker - State 9: Checking trace invariant 0
16:12:16.198 [main] DEBUG a.f.a.t.b.t.TransitionExecutorImpl - Step #10, transition #0
16:12:16.198 [main] DEBUG a.f.a.t.b.t.TransitionExecutorImpl - Translating to SMT...
16:12:16.203 [main] DEBUG a.f.a.t.b.SeqModelChecker - Step 10: Transition #0. Is it enabled?
16:12:16.204 [main] DEBUG a.f.a.t.b.SeqModelChecker - Step 10: Transition #0 is enabled
16:12:16.204 [main] DEBUG a.f.a.t.b.t.TransitionExecutorImpl - Step #10, transition #1
16:12:16.204 [main] DEBUG a.f.a.t.b.t.TransitionExecutorImpl - Translating to SMT...
16:12:16.205 [main] DEBUG a.f.a.t.b.SeqModelChecker - Step 10: Transition #1. Is it enabled?
16:12:16.206 [main] DEBUG a.f.a.t.b.SeqModelChecker - Step 10: Transition #1 is enabled
16:12:16.207 [main] INFO  a.f.a.t.b.t.TransitionExecutorImpl - Step 10: picking a transition out of 2 transition(s)
16:12:16.209 [main] INFO  a.f.a.t.b.SeqModelChecker - State 10: Checking 1 trace invariant(s)
16:12:16.209 [main] DEBUG a.f.a.t.b.SeqModelChecker - State 10: Checking trace invariant 0
16:12:16.349 [main] INFO  a.f.a.t.b.p.BoundedCheckerPassImpl - The outcome is: NoError
16:12:16.350 [main] DEBUG a.f.a.i.p.PassChainExecutor - PASS #13: BoundedChecker [OK]
16:12:16.350 [main] INFO  a.f.a.i.p.PassChainExecutor - PASS #14: Terminal
16:12:16.351 [main] DEBUG a.f.a.i.p.PassChainExecutor - PASS #14: Terminal [OK]
16:12:16.351 [main] INFO  a.f.a.t.Tool$ - Checker reports no error up to computation length 10
16:12:16.354 [main] INFO  a.f.a.t.Tool$ - It took me 0 days  0 hours  0 min  5 sec
16:12:16.355 [main] INFO  a.f.a.t.Tool$ - Total time: 5.320 sec
