12:24:30.304 [main] INFO  a.f.a.t.Tool$ - Checker options: filename=../../modelator/jekyll/docs/tla_basics_tutorials/models/hello_world_typed/hello_world_typed.tla, init=, next=, inv=
12:24:30.309 [main] INFO  a.f.a.t.Tool$ - Tuning: 
12:24:30.315 [main] INFO  a.f.a.i.p.PassChainExecutor - PASS #0: SanyParser
12:24:30.798 [main] DEBUG a.f.a.i.p.PassChainExecutor - PASS #0: SanyParser [OK]
12:24:30.798 [main] INFO  a.f.a.i.p.PassChainExecutor - PASS #1: TypeCheckerSnowcat
12:24:30.799 [main] INFO  a.f.a.t.t.p.EtcTypeCheckerPassImpl -  > Running Snowcat .::.
12:24:31.242 [main] INFO  a.f.a.t.t.p.EtcTypeCheckerPassImpl -  > Your types are great!
12:24:31.243 [main] INFO  a.f.a.t.t.p.EtcTypeCheckerPassImpl -  > All expressions are typed
12:24:31.243 [main] DEBUG a.f.a.i.p.PassChainExecutor - PASS #1: TypeCheckerSnowcat [OK]
12:24:31.244 [main] INFO  a.f.a.i.p.PassChainExecutor - PASS #2: ConfigurationPass
12:24:31.247 [main] INFO  a.f.a.t.p.p.ConfigurationPassImpl -   > hello_world_typed.cfg: Loading TLC configuration
12:24:31.315 [main] INFO  a.f.a.t.p.p.ConfigurationPassImpl -   > Using the init predicate Init from the TLC config
12:24:31.316 [main] INFO  a.f.a.t.p.p.ConfigurationPassImpl -   > Using the next predicate Next from the TLC config
12:24:31.316 [main] INFO  a.f.a.t.p.p.ConfigurationPassImpl -   > hello_world_typed.cfg: found INVARIANTS: NotBobIsHappy
12:24:31.318 [main] INFO  a.f.a.t.p.p.ConfigurationPassImpl -   > Set the initialization predicate to Init
12:24:31.319 [main] INFO  a.f.a.t.p.p.ConfigurationPassImpl -   > Set the transition predicate to Next
12:24:31.320 [main] INFO  a.f.a.t.p.p.ConfigurationPassImpl -   > Set an invariant to NotBobIsHappy
12:24:31.326 [main] DEBUG a.f.a.i.p.PassChainExecutor - PASS #2: ConfigurationPass [OK]
12:24:31.326 [main] INFO  a.f.a.i.p.PassChainExecutor - PASS #3: DesugarerPass
12:24:31.327 [main] INFO  a.f.a.t.p.p.DesugarerPassImpl -   > Desugaring...
12:24:31.354 [main] DEBUG a.f.a.i.p.PassChainExecutor - PASS #3: DesugarerPass [OK]
12:24:31.355 [main] INFO  a.f.a.i.p.PassChainExecutor - PASS #4: UnrollPass
12:24:31.404 [main] INFO  a.f.a.t.p.p.UnrollPassImpl -   > Unroller
12:24:31.421 [main] DEBUG a.f.a.i.p.PassChainExecutor - PASS #4: UnrollPass [OK]
12:24:31.422 [main] INFO  a.f.a.i.p.PassChainExecutor - PASS #5: InlinePass
12:24:31.425 [main] INFO  a.f.a.t.p.p.InlinePassImpl -   > InlinerOfUserOper
12:24:31.438 [main] INFO  a.f.a.t.p.p.InlinePassImpl -   > Wrap
12:24:31.444 [main] INFO  a.f.a.t.p.p.InlinePassImpl -   > CallByNameOperatorEmbedder
12:24:31.447 [main] INFO  a.f.a.t.p.p.InlinePassImpl -   > LetInExpander
12:24:31.451 [main] INFO  a.f.a.t.p.p.InlinePassImpl -   > Unwrap
12:24:31.452 [main] INFO  a.f.a.t.p.p.InlinePassImpl -   > InlinerOfUserOper
12:24:31.467 [main] INFO  a.f.a.t.p.p.InlinePassImpl - Leaving only relevant operators: CInitPrimed, Init, InitPrimed, Next, NotBobIsHappy
12:24:31.474 [main] DEBUG a.f.a.i.p.PassChainExecutor - PASS #5: InlinePass [OK]
12:24:31.475 [main] INFO  a.f.a.i.p.PassChainExecutor - PASS #6: PrimingPass
12:24:31.477 [main] INFO  a.f.a.t.a.p.PrimingPassImpl -   > Introducing InitPrimed for Init'
12:24:31.481 [main] DEBUG a.f.a.i.p.PassChainExecutor - PASS #6: PrimingPass [OK]
12:24:31.482 [main] INFO  a.f.a.i.p.PassChainExecutor - PASS #7: VCGen
12:24:31.484 [main] INFO  a.f.a.t.b.p.VCGenPassImpl -   > Producing verification conditions from the invariant NotBobIsHappy
12:24:31.500 [main] INFO  a.f.a.t.b.VCGenerator -   > VCGen produced 1 verification condition(s)
12:24:31.502 [main] DEBUG a.f.a.i.p.PassChainExecutor - PASS #7: VCGen [OK]
12:24:31.502 [main] INFO  a.f.a.i.p.PassChainExecutor - PASS #8: PreprocessingPass
12:24:31.503 [main] INFO  a.f.a.t.p.p.PreproPassImpl -   > Before preprocessing: unique renaming
12:24:31.511 [main] INFO  a.f.a.t.p.p.PreproPassImpl -  > Applying standard transformations:
12:24:31.512 [main] INFO  a.f.a.t.p.p.PreproPassImpl -   > PrimePropagation
12:24:31.515 [main] INFO  a.f.a.t.p.p.PreproPassImpl -   > Desugarer
12:24:31.518 [main] INFO  a.f.a.t.p.p.PreproPassImpl -   > UniqueRenamer
12:24:31.536 [main] INFO  a.f.a.t.p.p.PreproPassImpl -   > Normalizer
12:24:31.552 [main] INFO  a.f.a.t.p.p.PreproPassImpl -   > Keramelizer
12:24:31.564 [main] INFO  a.f.a.t.p.p.PreproPassImpl -   > After preprocessing: UniqueRenamer
12:24:31.580 [main] DEBUG a.f.a.i.p.PassChainExecutor - PASS #8: PreprocessingPass [OK]
12:24:31.581 [main] INFO  a.f.a.i.p.PassChainExecutor - PASS #9: TransitionFinderPass
12:24:31.610 [main] INFO  a.f.a.t.a.p.TransitionPassImpl -   > Found 1 initializing transitions
12:24:31.629 [main] INFO  a.f.a.t.a.p.TransitionPassImpl -   > Found 5 transitions
12:24:31.629 [main] INFO  a.f.a.t.a.p.TransitionPassImpl -   > No constant initializer
12:24:31.631 [main] INFO  a.f.a.t.a.p.TransitionPassImpl -   > Applying unique renaming
12:24:31.641 [main] DEBUG a.f.a.i.p.PassChainExecutor - PASS #9: TransitionFinderPass [OK]
12:24:31.642 [main] INFO  a.f.a.i.p.PassChainExecutor - PASS #10: OptimizationPass
12:24:31.652 [main] INFO  a.f.a.t.p.p.OptPassImpl -  > Applying optimizations:
12:24:31.653 [main] INFO  a.f.a.t.p.p.OptPassImpl -   > ConstSimplifier
12:24:31.663 [main] INFO  a.f.a.t.p.p.OptPassImpl -   > ExprOptimizer
12:24:31.665 [main] INFO  a.f.a.t.p.p.OptPassImpl -   > ConstSimplifier
12:24:31.668 [main] DEBUG a.f.a.i.p.PassChainExecutor - PASS #10: OptimizationPass [OK]
12:24:31.668 [main] INFO  a.f.a.i.p.PassChainExecutor - PASS #11: AnalysisPass
12:24:31.675 [main] INFO  a.f.a.t.b.p.AnalysisPassImpl -  > Marking skolemizable existentials and sets to be expanded...
12:24:31.677 [main] INFO  a.f.a.t.b.p.AnalysisPassImpl -   > Skolemization
12:24:31.679 [main] INFO  a.f.a.t.b.p.AnalysisPassImpl -   > Expansion
12:24:31.685 [main] INFO  a.f.a.t.b.p.AnalysisPassImpl -   > Remove unused let-in defs
12:24:31.694 [main] INFO  a.f.a.t.b.p.AnalysisPassImpl -  > Running analyzers...
12:24:31.699 [main] INFO  a.f.a.t.b.p.AnalysisPassImpl -   > Introduced expression grades
12:24:31.700 [main] INFO  a.f.a.t.b.p.AnalysisPassImpl -   > Introduced 11 formula hints
12:24:31.701 [main] DEBUG a.f.a.i.p.PassChainExecutor - PASS #11: AnalysisPass [OK]
12:24:31.701 [main] INFO  a.f.a.i.p.PassChainExecutor - PASS #12: PostTypeCheckerSnowcat
12:24:31.701 [main] INFO  a.f.a.t.b.p.PostTypeCheckerPassImpl -  > Running Snowcat .::.
12:24:32.090 [main] INFO  a.f.a.t.b.p.PostTypeCheckerPassImpl -  > Your types are great!
12:24:32.091 [main] INFO  a.f.a.t.b.p.PostTypeCheckerPassImpl -  > All expressions are typed
12:24:32.091 [main] DEBUG a.f.a.i.p.PassChainExecutor - PASS #12: PostTypeCheckerSnowcat [OK]
12:24:32.092 [main] INFO  a.f.a.i.p.PassChainExecutor - PASS #13: BoundedChecker
12:24:33.557 [main] DEBUG a.f.a.t.b.t.TransitionExecutorImpl - Step #0, transition #0
12:24:33.557 [main] DEBUG a.f.a.t.b.t.TransitionExecutorImpl - Translating to SMT...
12:24:33.627 [main] DEBUG a.f.a.t.b.SeqModelChecker - Step 0: Transition #0. Is it enabled?
12:24:33.630 [main] DEBUG a.f.a.t.b.SeqModelChecker - Step 0: Transition #0 is enabled
12:24:33.630 [main] INFO  a.f.a.t.b.SeqModelChecker - State 0: Checking 1 state invariants
12:24:33.632 [main] DEBUG a.f.a.t.b.SeqModelChecker - State 0: Checking state invariant 0
12:24:33.644 [main] INFO  a.f.a.t.b.t.TransitionExecutorImpl - Step 0: picking a transition out of 1 transition(s)
12:24:33.650 [main] DEBUG a.f.a.t.b.t.TransitionExecutorImpl - Step #1, transition #0
12:24:33.651 [main] DEBUG a.f.a.t.b.t.TransitionExecutorImpl - Translating to SMT...
12:24:33.661 [main] DEBUG a.f.a.t.b.SeqModelChecker - Step 1: Transition #0. Is it enabled?
12:24:33.661 [main] DEBUG a.f.a.t.b.SeqModelChecker - Step 1: Transition #0 is enabled
12:24:33.662 [main] DEBUG a.f.a.t.b.t.TransitionExecutorImpl - Step #1, transition #1
12:24:33.662 [main] DEBUG a.f.a.t.b.t.TransitionExecutorImpl - Translating to SMT...
12:24:33.670 [main] DEBUG a.f.a.t.b.SeqModelChecker - Step 1: Transition #1. Is it enabled?
12:24:33.670 [main] DEBUG a.f.a.t.b.SeqModelChecker - Step 1: Transition #1 is enabled
12:24:33.671 [main] DEBUG a.f.a.t.b.t.TransitionExecutorImpl - Step #1, transition #2
12:24:33.671 [main] DEBUG a.f.a.t.b.t.TransitionExecutorImpl - Translating to SMT...
12:24:33.674 [main] DEBUG a.f.a.t.b.t.TransitionExecutorImpl - Transition 2 produces partial assignment. Disabled.
12:24:33.674 [main] DEBUG a.f.a.t.b.t.TransitionExecutorImpl - Step #1, transition #3
12:24:33.674 [main] DEBUG a.f.a.t.b.t.TransitionExecutorImpl - Translating to SMT...
12:24:33.676 [main] DEBUG a.f.a.t.b.t.TransitionExecutorImpl - Transition 3 produces partial assignment. Disabled.
12:24:33.676 [main] DEBUG a.f.a.t.b.t.TransitionExecutorImpl - Step #1, transition #4
12:24:33.676 [main] DEBUG a.f.a.t.b.t.TransitionExecutorImpl - Translating to SMT...
12:24:33.686 [main] DEBUG a.f.a.t.b.SeqModelChecker - Step 1: Transition #4. Is it enabled?
12:24:33.687 [main] DEBUG a.f.a.t.b.SeqModelChecker - Step 1: Transition #4 is enabled
12:24:33.687 [main] INFO  a.f.a.t.b.SeqModelChecker - State 1: Checking 1 state invariants
12:24:33.687 [main] DEBUG a.f.a.t.b.SeqModelChecker - State 1: Checking state invariant 0
12:24:33.690 [main] INFO  a.f.a.t.b.t.TransitionExecutorImpl - Step 1: picking a transition out of 3 transition(s)
12:24:33.713 [main] DEBUG a.f.a.t.b.t.TransitionExecutorImpl - Step #2, transition #0
12:24:33.713 [main] DEBUG a.f.a.t.b.t.TransitionExecutorImpl - Translating to SMT...
12:24:33.719 [main] DEBUG a.f.a.t.b.SeqModelChecker - Step 2: Transition #0. Is it enabled?
12:24:33.720 [main] DEBUG a.f.a.t.b.SeqModelChecker - Step 2: Transition #0 is enabled
12:24:33.720 [main] DEBUG a.f.a.t.b.t.TransitionExecutorImpl - Step #2, transition #1
12:24:33.721 [main] DEBUG a.f.a.t.b.t.TransitionExecutorImpl - Translating to SMT...
12:24:33.728 [main] DEBUG a.f.a.t.b.SeqModelChecker - Step 2: Transition #1. Is it enabled?
12:24:33.729 [main] DEBUG a.f.a.t.b.SeqModelChecker - Step 2: Transition #1 is enabled
12:24:33.730 [main] DEBUG a.f.a.t.b.t.TransitionExecutorImpl - Step #2, transition #2
12:24:33.730 [main] DEBUG a.f.a.t.b.t.TransitionExecutorImpl - Translating to SMT...
12:24:33.741 [main] DEBUG a.f.a.t.b.SeqModelChecker - Step 2: Transition #2. Is it enabled?
12:24:33.741 [main] DEBUG a.f.a.t.b.SeqModelChecker - Step 2: Transition #2 is enabled
12:24:33.741 [main] DEBUG a.f.a.t.b.t.TransitionExecutorImpl - Step #2, transition #3
12:24:33.741 [main] DEBUG a.f.a.t.b.t.TransitionExecutorImpl - Translating to SMT...
12:24:33.772 [main] DEBUG a.f.a.t.b.SeqModelChecker - Step 2: Transition #3. Is it enabled?
12:24:33.772 [main] DEBUG a.f.a.t.b.SeqModelChecker - Step 2: Transition #3 is enabled
12:24:33.773 [main] DEBUG a.f.a.t.b.t.TransitionExecutorImpl - Step #2, transition #4
12:24:33.774 [main] DEBUG a.f.a.t.b.t.TransitionExecutorImpl - Translating to SMT...
12:24:33.778 [main] DEBUG a.f.a.t.b.SeqModelChecker - Step 2: Transition #4. Is it enabled?
12:24:33.783 [main] DEBUG a.f.a.t.b.SeqModelChecker - Step 2: Transition #4 is enabled
12:24:33.784 [main] INFO  a.f.a.t.b.SeqModelChecker - State 2: Checking 1 state invariants
12:24:33.784 [main] DEBUG a.f.a.t.b.SeqModelChecker - State 2: Checking state invariant 0
12:24:33.788 [main] INFO  a.f.a.t.b.t.TransitionExecutorImpl - Step 2: picking a transition out of 5 transition(s)
12:24:33.825 [main] DEBUG a.f.a.t.b.t.TransitionExecutorImpl - Step #3, transition #0
12:24:33.825 [main] DEBUG a.f.a.t.b.t.TransitionExecutorImpl - Translating to SMT...
12:24:33.833 [main] DEBUG a.f.a.t.b.SeqModelChecker - Step 3: Transition #0. Is it enabled?
12:24:33.833 [main] DEBUG a.f.a.t.b.SeqModelChecker - Step 3: Transition #0 is enabled
12:24:33.835 [main] DEBUG a.f.a.t.b.t.TransitionExecutorImpl - Step #3, transition #1
12:24:33.835 [main] DEBUG a.f.a.t.b.t.TransitionExecutorImpl - Translating to SMT...
12:24:33.843 [main] DEBUG a.f.a.t.b.SeqModelChecker - Step 3: Transition #1. Is it enabled?
12:24:33.843 [main] DEBUG a.f.a.t.b.SeqModelChecker - Step 3: Transition #1 is enabled
12:24:33.845 [main] DEBUG a.f.a.t.b.t.TransitionExecutorImpl - Step #3, transition #2
12:24:33.845 [main] DEBUG a.f.a.t.b.t.TransitionExecutorImpl - Translating to SMT...
12:24:33.856 [main] DEBUG a.f.a.t.b.SeqModelChecker - Step 3: Transition #2. Is it enabled?
12:24:33.857 [main] DEBUG a.f.a.t.b.SeqModelChecker - Step 3: Transition #2 is enabled
12:24:33.858 [main] DEBUG a.f.a.t.b.t.TransitionExecutorImpl - Step #3, transition #3
12:24:33.858 [main] DEBUG a.f.a.t.b.t.TransitionExecutorImpl - Translating to SMT...
12:24:33.891 [main] DEBUG a.f.a.t.b.SeqModelChecker - Step 3: Transition #3. Is it enabled?
12:24:33.892 [main] DEBUG a.f.a.t.b.SeqModelChecker - Step 3: Transition #3 is enabled
12:24:33.894 [main] DEBUG a.f.a.t.b.t.TransitionExecutorImpl - Step #3, transition #4
12:24:33.894 [main] DEBUG a.f.a.t.b.t.TransitionExecutorImpl - Translating to SMT...
12:24:33.917 [main] DEBUG a.f.a.t.b.SeqModelChecker - Step 3: Transition #4. Is it enabled?
12:24:33.918 [main] DEBUG a.f.a.t.b.SeqModelChecker - Step 3: Transition #4 is enabled
12:24:33.918 [main] INFO  a.f.a.t.b.SeqModelChecker - State 3: Checking 1 state invariants
12:24:33.918 [main] DEBUG a.f.a.t.b.SeqModelChecker - State 3: Checking state invariant 0
12:24:33.920 [main] INFO  a.f.a.t.b.t.TransitionExecutorImpl - Step 3: picking a transition out of 5 transition(s)
12:24:33.946 [main] DEBUG a.f.a.t.b.t.TransitionExecutorImpl - Step #4, transition #0
12:24:33.946 [main] DEBUG a.f.a.t.b.t.TransitionExecutorImpl - Translating to SMT...
12:24:33.950 [main] DEBUG a.f.a.t.b.SeqModelChecker - Step 4: Transition #0. Is it enabled?
12:24:33.951 [main] DEBUG a.f.a.t.b.SeqModelChecker - Step 4: Transition #0 is enabled
12:24:33.952 [main] DEBUG a.f.a.t.b.t.TransitionExecutorImpl - Step #4, transition #1
12:24:33.954 [main] DEBUG a.f.a.t.b.t.TransitionExecutorImpl - Translating to SMT...
12:24:33.958 [main] DEBUG a.f.a.t.b.SeqModelChecker - Step 4: Transition #1. Is it enabled?
12:24:33.959 [main] DEBUG a.f.a.t.b.SeqModelChecker - Step 4: Transition #1 is enabled
12:24:33.960 [main] DEBUG a.f.a.t.b.t.TransitionExecutorImpl - Step #4, transition #2
12:24:33.960 [main] DEBUG a.f.a.t.b.t.TransitionExecutorImpl - Translating to SMT...
12:24:33.977 [main] DEBUG a.f.a.t.b.SeqModelChecker - Step 4: Transition #2. Is it enabled?
12:24:33.978 [main] DEBUG a.f.a.t.b.SeqModelChecker - Step 4: Transition #2 is enabled
12:24:33.981 [main] DEBUG a.f.a.t.b.t.TransitionExecutorImpl - Step #4, transition #3
12:24:33.981 [main] DEBUG a.f.a.t.b.t.TransitionExecutorImpl - Translating to SMT...
12:24:34.001 [main] DEBUG a.f.a.t.b.SeqModelChecker - Step 4: Transition #3. Is it enabled?
12:24:34.003 [main] DEBUG a.f.a.t.b.SeqModelChecker - Step 4: Transition #3 is enabled
12:24:34.005 [main] DEBUG a.f.a.t.b.t.TransitionExecutorImpl - Step #4, transition #4
12:24:34.005 [main] DEBUG a.f.a.t.b.t.TransitionExecutorImpl - Translating to SMT...
12:24:34.025 [main] DEBUG a.f.a.t.b.SeqModelChecker - Step 4: Transition #4. Is it enabled?
12:24:34.026 [main] DEBUG a.f.a.t.b.SeqModelChecker - Step 4: Transition #4 is enabled
12:24:34.026 [main] INFO  a.f.a.t.b.SeqModelChecker - State 4: Checking 1 state invariants
12:24:34.027 [main] DEBUG a.f.a.t.b.SeqModelChecker - State 4: Checking state invariant 0
12:24:34.029 [main] INFO  a.f.a.t.b.t.TransitionExecutorImpl - Step 4: picking a transition out of 5 transition(s)
12:24:34.046 [main] DEBUG a.f.a.t.b.t.TransitionExecutorImpl - Step #5, transition #0
12:24:34.046 [main] DEBUG a.f.a.t.b.t.TransitionExecutorImpl - Translating to SMT...
12:24:34.050 [main] DEBUG a.f.a.t.b.SeqModelChecker - Step 5: Transition #0. Is it enabled?
12:24:34.051 [main] DEBUG a.f.a.t.b.SeqModelChecker - Step 5: Transition #0 is enabled
12:24:34.052 [main] DEBUG a.f.a.t.b.t.TransitionExecutorImpl - Step #5, transition #1
12:24:34.052 [main] DEBUG a.f.a.t.b.t.TransitionExecutorImpl - Translating to SMT...
12:24:34.056 [main] DEBUG a.f.a.t.b.SeqModelChecker - Step 5: Transition #1. Is it enabled?
12:24:34.058 [main] DEBUG a.f.a.t.b.SeqModelChecker - Step 5: Transition #1 is enabled
12:24:34.059 [main] DEBUG a.f.a.t.b.t.TransitionExecutorImpl - Step #5, transition #2
12:24:34.059 [main] DEBUG a.f.a.t.b.t.TransitionExecutorImpl - Translating to SMT...
12:24:34.066 [main] DEBUG a.f.a.t.b.SeqModelChecker - Step 5: Transition #2. Is it enabled?
12:24:34.068 [main] DEBUG a.f.a.t.b.SeqModelChecker - Step 5: Transition #2 is enabled
12:24:34.069 [main] DEBUG a.f.a.t.b.t.TransitionExecutorImpl - Step #5, transition #3
12:24:34.069 [main] DEBUG a.f.a.t.b.t.TransitionExecutorImpl - Translating to SMT...
12:24:34.089 [main] DEBUG a.f.a.t.b.SeqModelChecker - Step 5: Transition #3. Is it enabled?
12:24:34.091 [main] DEBUG a.f.a.t.b.SeqModelChecker - Step 5: Transition #3 is enabled
12:24:34.092 [main] DEBUG a.f.a.t.b.t.TransitionExecutorImpl - Step #5, transition #4
12:24:34.092 [main] DEBUG a.f.a.t.b.t.TransitionExecutorImpl - Translating to SMT...
12:24:34.108 [main] DEBUG a.f.a.t.b.SeqModelChecker - Step 5: Transition #4. Is it enabled?
12:24:34.113 [main] DEBUG a.f.a.t.b.SeqModelChecker - Step 5: Transition #4 is enabled
12:24:34.114 [main] INFO  a.f.a.t.b.SeqModelChecker - State 5: Checking 1 state invariants
12:24:34.114 [main] DEBUG a.f.a.t.b.SeqModelChecker - State 5: Checking state invariant 0
12:24:34.435 [main] ERROR a.f.a.t.b.SeqModelChecker - State 5: state invariant 0 violated. Check the counterexample in: 
  /Users/gavran/Documents/informal/tlaplusTutorial/hello_world_tutorial/_apalache-out/hello_world_typed.tla/2021-12-03T12-24-30_5686896451466025289/counterexample1.tla
  /Users/gavran/Documents/informal/tlaplusTutorial/hello_world_tutorial/_apalache-out/hello_world_typed.tla/2021-12-03T12-24-30_5686896451466025289/MC1.out
  /Users/gavran/Documents/informal/tlaplusTutorial/hello_world_tutorial/_apalache-out/hello_world_typed.tla/2021-12-03T12-24-30_5686896451466025289/counterexample1.json
12:24:34.439 [main] INFO  a.f.a.t.b.SeqModelChecker - Found 1 error(s)
12:24:34.455 [main] INFO  a.f.a.t.b.p.BoundedCheckerPassImpl - The outcome is: Error
12:24:34.456 [main] DEBUG a.f.a.i.p.PassChainExecutor - PASS #13: BoundedChecker [FAIL]
12:24:34.456 [main] INFO  a.f.a.t.Tool$ - Checker has found an error
12:24:34.457 [main] INFO  a.f.a.t.Tool$ - It took me 0 days  0 hours  0 min  4 sec
12:24:34.458 [main] INFO  a.f.a.t.Tool$ - Total time: 4.627 sec
