@!@!@STARTMSG 2262:0 @!@!@
Created by Apalache on Fri Dec 03 12:24:34 CET 2021
@!@!@ENDMSG 2262 @!@!@
@!@!@STARTMSG 2110:1 @!@!@
Invariant is violated.
@!@!@ENDMSG 2110 @!@!@
@!@!@STARTMSG 2121:1 @!@!@
The behavior up to this point is:
@!@!@ENDMSG 2121 @!@!@
@!@!@STARTMSG 2217:4 @!@!@
1: <Initial predicate>
/\ alices_outbox = {}
/\ bobs_inbox = <<>>
/\ bobs_mood = "neutral"
/\ network = {}

@!@!@ENDMSG 2217 @!@!@
@!@!@STARTMSG 2217:4 @!@!@
2: <Next>
/\ alices_outbox = {"hello"}
/\ bobs_inbox = <<>>
/\ bobs_mood = "neutral"
/\ network = {"hello"}

@!@!@ENDMSG 2217 @!@!@
@!@!@STARTMSG 2217:4 @!@!@
3: <Next>
/\ alices_outbox = { "hello", "world" }
/\ bobs_inbox = <<>>
/\ bobs_mood = "neutral"
/\ network = { "hello", "world" }

@!@!@ENDMSG 2217 @!@!@
@!@!@STARTMSG 2217:4 @!@!@
4: <Next>
/\ alices_outbox = { "hello", "world" }
/\ bobs_inbox = <<"hello">>
/\ bobs_mood = "neutral"
/\ network = {"world"}

@!@!@ENDMSG 2217 @!@!@
@!@!@STARTMSG 2217:4 @!@!@
5: <Next>
/\ alices_outbox = { "hello", "world" }
/\ bobs_inbox = <<"hello", "world">>
/\ bobs_mood = "neutral"
/\ network = {}

@!@!@ENDMSG 2217 @!@!@
@!@!@STARTMSG 2217:4 @!@!@
6: <Next>
/\ alices_outbox = { "hello", "world" }
/\ bobs_inbox = <<"hello", "world">>
/\ bobs_mood = "happy"
/\ network = {}

@!@!@ENDMSG 2217 @!@!@
