15:56:08.035 [main] INFO  a.f.a.t.Tool$ - Checker options: filename=multiple_traces.tla, init=, next=, inv=ImportantIntIs6
15:56:08.040 [main] INFO  a.f.a.t.Tool$ - Tuning: 
15:56:08.045 [main] INFO  a.f.a.i.p.PassChainExecutor - PASS #0: SanyParser
15:56:08.654 [main] DEBUG a.f.a.i.p.PassChainExecutor - PASS #0: SanyParser [OK]
15:56:08.655 [main] INFO  a.f.a.i.p.PassChainExecutor - PASS #1: TypeCheckerSnowcat
15:56:08.655 [main] INFO  a.f.a.t.t.p.EtcTypeCheckerPassImpl -  > Running Snowcat .::.
15:56:09.164 [main] INFO  a.f.a.t.t.p.EtcTypeCheckerPassImpl -  > Your types are great!
15:56:09.165 [main] INFO  a.f.a.t.t.p.EtcTypeCheckerPassImpl -  > All expressions are typed
15:56:09.167 [main] DEBUG a.f.a.i.p.PassChainExecutor - PASS #1: TypeCheckerSnowcat [OK]
15:56:09.168 [main] INFO  a.f.a.i.p.PassChainExecutor - PASS #2: ConfigurationPass
15:56:09.172 [main] INFO  a.f.a.t.p.p.ConfigurationPassImpl -   > multiple_traces.cfg: Loading TLC configuration
15:56:09.179 [main] INFO  a.f.a.t.p.p.ConfigurationPassImpl -   > No TLC configuration found. Skipping.
15:56:09.179 [main] INFO  a.f.a.t.p.p.ConfigurationPassImpl -   > Command line option --init is not set. Using Init
15:56:09.180 [main] INFO  a.f.a.t.p.p.ConfigurationPassImpl -   > Command line option --next is not set. Using Next
15:56:09.180 [main] INFO  a.f.a.t.p.p.ConfigurationPassImpl -   > Set the initialization predicate to Init
15:56:09.181 [main] INFO  a.f.a.t.p.p.ConfigurationPassImpl -   > Set the transition predicate to Next
15:56:09.182 [main] INFO  a.f.a.t.p.p.ConfigurationPassImpl -   > Set an invariant to ImportantIntIs6
15:56:09.187 [main] DEBUG a.f.a.i.p.PassChainExecutor - PASS #2: ConfigurationPass [OK]
15:56:09.188 [main] INFO  a.f.a.i.p.PassChainExecutor - PASS #3: DesugarerPass
15:56:09.188 [main] INFO  a.f.a.t.p.p.DesugarerPassImpl -   > Desugaring...
15:56:09.210 [main] DEBUG a.f.a.i.p.PassChainExecutor - PASS #3: DesugarerPass [OK]
15:56:09.213 [main] INFO  a.f.a.i.p.PassChainExecutor - PASS #4: UnrollPass
15:56:09.247 [main] INFO  a.f.a.t.p.p.UnrollPassImpl -   > Unroller
15:56:09.266 [main] DEBUG a.f.a.i.p.PassChainExecutor - PASS #4: UnrollPass [OK]
15:56:09.268 [main] INFO  a.f.a.i.p.PassChainExecutor - PASS #5: InlinePass
15:56:09.273 [main] INFO  a.f.a.t.p.p.InlinePassImpl -   > InlinerOfUserOper
15:56:09.283 [main] INFO  a.f.a.t.p.p.InlinePassImpl -   > Wrap
15:56:09.287 [main] INFO  a.f.a.t.p.p.InlinePassImpl -   > CallByNameOperatorEmbedder
15:56:09.290 [main] INFO  a.f.a.t.p.p.InlinePassImpl -   > LetInExpander
15:56:09.295 [main] INFO  a.f.a.t.p.p.InlinePassImpl -   > Unwrap
15:56:09.297 [main] INFO  a.f.a.t.p.p.InlinePassImpl -   > InlinerOfUserOper
15:56:09.307 [main] INFO  a.f.a.t.p.p.InlinePassImpl - Leaving only relevant operators: CInitPrimed, ImportantIntIs6, Init, InitPrimed, Next, View
15:56:09.313 [main] DEBUG a.f.a.i.p.PassChainExecutor - PASS #5: InlinePass [OK]
15:56:09.313 [main] INFO  a.f.a.i.p.PassChainExecutor - PASS #6: PrimingPass
15:56:09.317 [main] INFO  a.f.a.t.a.p.PrimingPassImpl -   > Introducing InitPrimed for Init'
15:56:09.318 [main] DEBUG a.f.a.i.p.PassChainExecutor - PASS #6: PrimingPass [OK]
15:56:09.319 [main] INFO  a.f.a.i.p.PassChainExecutor - PASS #7: VCGen
15:56:09.320 [main] INFO  a.f.a.t.b.p.VCGenPassImpl -   > Producing verification conditions from the invariant ImportantIntIs6
15:56:09.320 [main] INFO  a.f.a.t.b.p.VCGenPassImpl -   > Using state view View
15:56:09.333 [main] INFO  a.f.a.t.b.VCGenerator -   > VCGen produced 1 verification condition(s)
15:56:09.335 [main] DEBUG a.f.a.i.p.PassChainExecutor - PASS #7: VCGen [OK]
15:56:09.335 [main] INFO  a.f.a.i.p.PassChainExecutor - PASS #8: PreprocessingPass
15:56:09.336 [main] INFO  a.f.a.t.p.p.PreproPassImpl -   > Before preprocessing: unique renaming
15:56:09.347 [main] INFO  a.f.a.t.p.p.PreproPassImpl -  > Applying standard transformations:
15:56:09.347 [main] INFO  a.f.a.t.p.p.PreproPassImpl -   > PrimePropagation
15:56:09.350 [main] INFO  a.f.a.t.p.p.PreproPassImpl -   > Desugarer
15:56:09.352 [main] INFO  a.f.a.t.p.p.PreproPassImpl -   > UniqueRenamer
15:56:09.358 [main] INFO  a.f.a.t.p.p.PreproPassImpl -   > Normalizer
15:56:09.369 [main] INFO  a.f.a.t.p.p.PreproPassImpl -   > Keramelizer
15:56:09.376 [main] INFO  a.f.a.t.p.p.PreproPassImpl -   > After preprocessing: UniqueRenamer
15:56:09.390 [main] DEBUG a.f.a.i.p.PassChainExecutor - PASS #8: PreprocessingPass [OK]
15:56:09.391 [main] INFO  a.f.a.i.p.PassChainExecutor - PASS #9: TransitionFinderPass
15:56:09.439 [main] INFO  a.f.a.t.a.p.TransitionPassImpl -   > Found 1 initializing transitions
15:56:09.454 [main] INFO  a.f.a.t.a.p.TransitionPassImpl -   > Found 2 transitions
15:56:09.454 [main] INFO  a.f.a.t.a.p.TransitionPassImpl -   > No constant initializer
15:56:09.456 [main] INFO  a.f.a.t.a.p.TransitionPassImpl -   > Applying unique renaming
15:56:09.462 [main] DEBUG a.f.a.i.p.PassChainExecutor - PASS #9: TransitionFinderPass [OK]
15:56:09.462 [main] INFO  a.f.a.i.p.PassChainExecutor - PASS #10: OptimizationPass
15:56:09.469 [main] INFO  a.f.a.t.p.p.OptPassImpl -  > Applying optimizations:
15:56:09.470 [main] INFO  a.f.a.t.p.p.OptPassImpl -   > ConstSimplifier
15:56:09.475 [main] INFO  a.f.a.t.p.p.OptPassImpl -   > ExprOptimizer
15:56:09.478 [main] INFO  a.f.a.t.p.p.OptPassImpl -   > ConstSimplifier
15:56:09.480 [main] DEBUG a.f.a.i.p.PassChainExecutor - PASS #10: OptimizationPass [OK]
15:56:09.481 [main] INFO  a.f.a.i.p.PassChainExecutor - PASS #11: AnalysisPass
15:56:09.487 [main] INFO  a.f.a.t.b.p.AnalysisPassImpl -  > Marking skolemizable existentials and sets to be expanded...
15:56:09.488 [main] INFO  a.f.a.t.b.p.AnalysisPassImpl -   > Skolemization
15:56:09.490 [main] INFO  a.f.a.t.b.p.AnalysisPassImpl -   > Expansion
15:56:09.499 [main] INFO  a.f.a.t.b.p.AnalysisPassImpl -   > Remove unused let-in defs
15:56:09.506 [main] INFO  a.f.a.t.b.p.AnalysisPassImpl -  > Running analyzers...
15:56:09.512 [main] INFO  a.f.a.t.b.p.AnalysisPassImpl -   > Introduced expression grades
15:56:09.512 [main] INFO  a.f.a.t.b.p.AnalysisPassImpl -   > Introduced 3 formula hints
15:56:09.513 [main] DEBUG a.f.a.i.p.PassChainExecutor - PASS #11: AnalysisPass [OK]
15:56:09.513 [main] INFO  a.f.a.i.p.PassChainExecutor - PASS #12: PostTypeCheckerSnowcat
15:56:09.513 [main] INFO  a.f.a.t.b.p.PostTypeCheckerPassImpl -  > Running Snowcat .::.
15:56:09.646 [main] INFO  a.f.a.t.b.p.PostTypeCheckerPassImpl -  > Your types are great!
15:56:09.647 [main] INFO  a.f.a.t.b.p.PostTypeCheckerPassImpl -  > All expressions are typed
15:56:09.647 [main] DEBUG a.f.a.i.p.PassChainExecutor - PASS #12: PostTypeCheckerSnowcat [OK]
15:56:09.647 [main] INFO  a.f.a.i.p.PassChainExecutor - PASS #13: BoundedChecker
15:56:10.963 [main] DEBUG a.f.a.t.b.t.TransitionExecutorImpl - Step #0, transition #0
15:56:10.964 [main] DEBUG a.f.a.t.b.t.TransitionExecutorImpl - Translating to SMT...
15:56:11.029 [main] DEBUG a.f.a.t.b.SeqModelChecker - Step 0: Transition #0. Is it enabled?
15:56:11.031 [main] DEBUG a.f.a.t.b.SeqModelChecker - Step 0: Transition #0 is enabled
15:56:11.031 [main] INFO  a.f.a.t.b.SeqModelChecker - State 0: Checking 1 state invariants
15:56:11.033 [main] DEBUG a.f.a.t.b.SeqModelChecker - State 0: Checking state invariant 0
15:56:11.044 [main] INFO  a.f.a.t.b.t.TransitionExecutorImpl - Step 0: picking a transition out of 1 transition(s)
15:56:11.053 [main] DEBUG a.f.a.t.b.t.TransitionExecutorImpl - Step #1, transition #0
15:56:11.053 [main] DEBUG a.f.a.t.b.t.TransitionExecutorImpl - Translating to SMT...
15:56:11.080 [main] DEBUG a.f.a.t.b.SeqModelChecker - Step 1: Transition #0. Is it enabled?
15:56:11.081 [main] DEBUG a.f.a.t.b.SeqModelChecker - Step 1: Transition #0 is enabled
15:56:11.084 [main] DEBUG a.f.a.t.b.t.TransitionExecutorImpl - Step #1, transition #1
15:56:11.084 [main] DEBUG a.f.a.t.b.t.TransitionExecutorImpl - Translating to SMT...
15:56:11.093 [main] DEBUG a.f.a.t.b.SeqModelChecker - Step 1: Transition #1. Is it enabled?
15:56:11.093 [main] DEBUG a.f.a.t.b.SeqModelChecker - Step 1: Transition #1 is enabled
15:56:11.094 [main] INFO  a.f.a.t.b.SeqModelChecker - State 1: Checking 1 state invariants
15:56:11.094 [main] DEBUG a.f.a.t.b.SeqModelChecker - State 1: Checking state invariant 0
15:56:11.097 [main] INFO  a.f.a.t.b.t.TransitionExecutorImpl - Step 1: picking a transition out of 2 transition(s)
15:56:11.104 [main] DEBUG a.f.a.t.b.t.TransitionExecutorImpl - Step #2, transition #0
15:56:11.105 [main] DEBUG a.f.a.t.b.t.TransitionExecutorImpl - Translating to SMT...
15:56:11.112 [main] DEBUG a.f.a.t.b.SeqModelChecker - Step 2: Transition #0. Is it enabled?
15:56:11.112 [main] DEBUG a.f.a.t.b.SeqModelChecker - Step 2: Transition #0 is enabled
15:56:11.113 [main] DEBUG a.f.a.t.b.t.TransitionExecutorImpl - Step #2, transition #1
15:56:11.113 [main] DEBUG a.f.a.t.b.t.TransitionExecutorImpl - Translating to SMT...
15:56:11.116 [main] DEBUG a.f.a.t.b.SeqModelChecker - Step 2: Transition #1. Is it enabled?
15:56:11.116 [main] DEBUG a.f.a.t.b.SeqModelChecker - Step 2: Transition #1 is enabled
15:56:11.117 [main] INFO  a.f.a.t.b.SeqModelChecker - State 2: Checking 1 state invariants
15:56:11.117 [main] DEBUG a.f.a.t.b.SeqModelChecker - State 2: Checking state invariant 0
15:56:11.310 [main] ERROR a.f.a.t.b.SeqModelChecker - State 2: state invariant 0 violated. Check the counterexample in: 
  /Users/gavran/Documents/informal/tlaplusTutorial/hello_world_tutorial/generatingTraces/_apalache-out/multiple_traces.tla/2021-12-03T15-56-07_4744785766498726078/counterexample1.tla
  /Users/gavran/Documents/informal/tlaplusTutorial/hello_world_tutorial/generatingTraces/_apalache-out/multiple_traces.tla/2021-12-03T15-56-07_4744785766498726078/MC1.out
  /Users/gavran/Documents/informal/tlaplusTutorial/hello_world_tutorial/generatingTraces/_apalache-out/multiple_traces.tla/2021-12-03T15-56-07_4744785766498726078/counterexample1.json
15:56:11.375 [main] ERROR a.f.a.t.b.SeqModelChecker - State 2: state invariant 0 violated. Check the counterexample in: 
  /Users/gavran/Documents/informal/tlaplusTutorial/hello_world_tutorial/generatingTraces/_apalache-out/multiple_traces.tla/2021-12-03T15-56-07_4744785766498726078/counterexample2.tla
  /Users/gavran/Documents/informal/tlaplusTutorial/hello_world_tutorial/generatingTraces/_apalache-out/multiple_traces.tla/2021-12-03T15-56-07_4744785766498726078/MC2.out
  /Users/gavran/Documents/informal/tlaplusTutorial/hello_world_tutorial/generatingTraces/_apalache-out/multiple_traces.tla/2021-12-03T15-56-07_4744785766498726078/counterexample2.json
15:56:11.439 [main] ERROR a.f.a.t.b.SeqModelChecker - State 2: state invariant 0 violated. Check the counterexample in: 
  /Users/gavran/Documents/informal/tlaplusTutorial/hello_world_tutorial/generatingTraces/_apalache-out/multiple_traces.tla/2021-12-03T15-56-07_4744785766498726078/counterexample3.tla
  /Users/gavran/Documents/informal/tlaplusTutorial/hello_world_tutorial/generatingTraces/_apalache-out/multiple_traces.tla/2021-12-03T15-56-07_4744785766498726078/MC3.out
  /Users/gavran/Documents/informal/tlaplusTutorial/hello_world_tutorial/generatingTraces/_apalache-out/multiple_traces.tla/2021-12-03T15-56-07_4744785766498726078/counterexample3.json
15:56:11.454 [main] INFO  a.f.a.t.b.SeqModelChecker - Found 3 error(s)
15:56:11.462 [main] INFO  a.f.a.t.b.p.BoundedCheckerPassImpl - The outcome is: Error
15:56:11.463 [main] DEBUG a.f.a.i.p.PassChainExecutor - PASS #13: BoundedChecker [FAIL]
15:56:11.463 [main] INFO  a.f.a.t.Tool$ - Checker has found an error
15:56:11.464 [main] INFO  a.f.a.t.Tool$ - It took me 0 days  0 hours  0 min  3 sec
15:56:11.465 [main] INFO  a.f.a.t.Tool$ - Total time: 3.943 sec
