16:03:09.214 [main] INFO  a.f.a.t.Tool$ - Checker options: filename=multiple_traces.tla, init=, next=, inv=ImportantIntIsOddUntil6
16:03:09.218 [main] INFO  a.f.a.t.Tool$ - Tuning: 
16:03:09.223 [main] INFO  a.f.a.i.p.PassChainExecutor - PASS #0: SanyParser
16:03:09.802 [main] DEBUG a.f.a.i.p.PassChainExecutor - PASS #0: SanyParser [OK]
16:03:09.803 [main] INFO  a.f.a.i.p.PassChainExecutor - PASS #1: TypeCheckerSnowcat
16:03:09.804 [main] INFO  a.f.a.t.t.p.EtcTypeCheckerPassImpl -  > Running Snowcat .::.
16:03:10.314 [main] INFO  a.f.a.t.t.p.EtcTypeCheckerPassImpl -  > Your types are great!
16:03:10.315 [main] INFO  a.f.a.t.t.p.EtcTypeCheckerPassImpl -  > All expressions are typed
16:03:10.316 [main] DEBUG a.f.a.i.p.PassChainExecutor - PASS #1: TypeCheckerSnowcat [OK]
16:03:10.317 [main] INFO  a.f.a.i.p.PassChainExecutor - PASS #2: ConfigurationPass
16:03:10.322 [main] INFO  a.f.a.t.p.p.ConfigurationPassImpl -   > multiple_traces.cfg: Loading TLC configuration
16:03:10.328 [main] INFO  a.f.a.t.p.p.ConfigurationPassImpl -   > No TLC configuration found. Skipping.
16:03:10.328 [main] INFO  a.f.a.t.p.p.ConfigurationPassImpl -   > Command line option --init is not set. Using Init
16:03:10.329 [main] INFO  a.f.a.t.p.p.ConfigurationPassImpl -   > Command line option --next is not set. Using Next
16:03:10.329 [main] INFO  a.f.a.t.p.p.ConfigurationPassImpl -   > Set the initialization predicate to Init
16:03:10.330 [main] INFO  a.f.a.t.p.p.ConfigurationPassImpl -   > Set the transition predicate to Next
16:03:10.331 [main] INFO  a.f.a.t.p.p.ConfigurationPassImpl -   > Set an invariant to ImportantIntIsOddUntil6
16:03:10.336 [main] DEBUG a.f.a.i.p.PassChainExecutor - PASS #2: ConfigurationPass [OK]
16:03:10.337 [main] INFO  a.f.a.i.p.PassChainExecutor - PASS #3: DesugarerPass
16:03:10.337 [main] INFO  a.f.a.t.p.p.DesugarerPassImpl -   > Desugaring...
16:03:10.362 [main] DEBUG a.f.a.i.p.PassChainExecutor - PASS #3: DesugarerPass [OK]
16:03:10.364 [main] INFO  a.f.a.i.p.PassChainExecutor - PASS #4: UnrollPass
16:03:10.394 [main] INFO  a.f.a.t.p.p.UnrollPassImpl -   > Unroller
16:03:10.429 [main] DEBUG a.f.a.i.p.PassChainExecutor - PASS #4: UnrollPass [OK]
16:03:10.430 [main] INFO  a.f.a.i.p.PassChainExecutor - PASS #5: InlinePass
16:03:10.437 [main] INFO  a.f.a.t.p.p.InlinePassImpl -   > InlinerOfUserOper
16:03:10.449 [main] INFO  a.f.a.t.p.p.InlinePassImpl -   > Wrap
16:03:10.453 [main] INFO  a.f.a.t.p.p.InlinePassImpl -   > CallByNameOperatorEmbedder
16:03:10.456 [main] INFO  a.f.a.t.p.p.InlinePassImpl -   > LetInExpander
16:03:10.460 [main] INFO  a.f.a.t.p.p.InlinePassImpl -   > Unwrap
16:03:10.461 [main] INFO  a.f.a.t.p.p.InlinePassImpl -   > InlinerOfUserOper
16:03:10.471 [main] INFO  a.f.a.t.p.p.InlinePassImpl - Leaving only relevant operators: CInitPrimed, ImportantIntIsOddUntil6, Init, InitPrimed, Next, View
16:03:10.484 [main] DEBUG a.f.a.i.p.PassChainExecutor - PASS #5: InlinePass [OK]
16:03:10.485 [main] INFO  a.f.a.i.p.PassChainExecutor - PASS #6: PrimingPass
16:03:10.488 [main] INFO  a.f.a.t.a.p.PrimingPassImpl -   > Introducing InitPrimed for Init'
16:03:10.490 [main] DEBUG a.f.a.i.p.PassChainExecutor - PASS #6: PrimingPass [OK]
16:03:10.491 [main] INFO  a.f.a.i.p.PassChainExecutor - PASS #7: VCGen
16:03:10.492 [main] INFO  a.f.a.t.b.p.VCGenPassImpl -   > Producing verification conditions from the invariant ImportantIntIsOddUntil6
16:03:10.493 [main] INFO  a.f.a.t.b.p.VCGenPassImpl -   > Using state view View
16:03:10.514 [main] DEBUG a.f.a.i.p.PassChainExecutor - PASS #7: VCGen [OK]
16:03:10.515 [main] INFO  a.f.a.i.p.PassChainExecutor - PASS #8: PreprocessingPass
16:03:10.515 [main] INFO  a.f.a.t.p.p.PreproPassImpl -   > Before preprocessing: unique renaming
16:03:10.524 [main] INFO  a.f.a.t.p.p.PreproPassImpl -  > Applying standard transformations:
16:03:10.525 [main] INFO  a.f.a.t.p.p.PreproPassImpl -   > PrimePropagation
16:03:10.532 [main] INFO  a.f.a.t.p.p.PreproPassImpl -   > Desugarer
16:03:10.534 [main] INFO  a.f.a.t.p.p.PreproPassImpl -   > UniqueRenamer
16:03:10.547 [main] INFO  a.f.a.t.p.p.PreproPassImpl -   > Normalizer
16:03:10.560 [main] INFO  a.f.a.t.p.p.PreproPassImpl -   > Keramelizer
16:03:10.570 [main] INFO  a.f.a.t.p.p.PreproPassImpl -   > After preprocessing: UniqueRenamer
16:03:10.584 [main] DEBUG a.f.a.i.p.PassChainExecutor - PASS #8: PreprocessingPass [OK]
16:03:10.586 [main] INFO  a.f.a.i.p.PassChainExecutor - PASS #9: TransitionFinderPass
16:03:10.627 [main] INFO  a.f.a.t.a.p.TransitionPassImpl -   > Found 1 initializing transitions
16:03:10.643 [main] INFO  a.f.a.t.a.p.TransitionPassImpl -   > Found 2 transitions
16:03:10.644 [main] INFO  a.f.a.t.a.p.TransitionPassImpl -   > No constant initializer
16:03:10.647 [main] INFO  a.f.a.t.a.p.TransitionPassImpl -   > Applying unique renaming
16:03:10.654 [main] DEBUG a.f.a.i.p.PassChainExecutor - PASS #9: TransitionFinderPass [OK]
16:03:10.654 [main] INFO  a.f.a.i.p.PassChainExecutor - PASS #10: OptimizationPass
16:03:10.661 [main] INFO  a.f.a.t.p.p.OptPassImpl -  > Applying optimizations:
16:03:10.663 [main] INFO  a.f.a.t.p.p.OptPassImpl -   > ConstSimplifier
16:03:10.670 [main] INFO  a.f.a.t.p.p.OptPassImpl -   > ExprOptimizer
16:03:10.673 [main] INFO  a.f.a.t.p.p.OptPassImpl -   > ConstSimplifier
16:03:10.677 [main] DEBUG a.f.a.i.p.PassChainExecutor - PASS #10: OptimizationPass [OK]
16:03:10.678 [main] INFO  a.f.a.i.p.PassChainExecutor - PASS #11: AnalysisPass
16:03:10.685 [main] INFO  a.f.a.t.b.p.AnalysisPassImpl -  > Marking skolemizable existentials and sets to be expanded...
16:03:10.686 [main] INFO  a.f.a.t.b.p.AnalysisPassImpl -   > Skolemization
16:03:10.688 [main] INFO  a.f.a.t.b.p.AnalysisPassImpl -   > Expansion
16:03:10.694 [main] INFO  a.f.a.t.b.p.AnalysisPassImpl -   > Remove unused let-in defs
16:03:10.702 [main] INFO  a.f.a.t.b.p.AnalysisPassImpl -  > Running analyzers...
16:03:10.707 [main] INFO  a.f.a.t.b.p.AnalysisPassImpl -   > Introduced expression grades
16:03:10.708 [main] INFO  a.f.a.t.b.p.AnalysisPassImpl -   > Introduced 3 formula hints
16:03:10.708 [main] DEBUG a.f.a.i.p.PassChainExecutor - PASS #11: AnalysisPass [OK]
16:03:10.708 [main] INFO  a.f.a.i.p.PassChainExecutor - PASS #12: PostTypeCheckerSnowcat
16:03:10.708 [main] INFO  a.f.a.t.b.p.PostTypeCheckerPassImpl -  > Running Snowcat .::.
16:03:11.057 [main] INFO  a.f.a.t.b.p.PostTypeCheckerPassImpl -  > Your types are great!
16:03:11.057 [main] INFO  a.f.a.t.b.p.PostTypeCheckerPassImpl -  > All expressions are typed
16:03:11.057 [main] DEBUG a.f.a.i.p.PassChainExecutor - PASS #12: PostTypeCheckerSnowcat [OK]
16:03:11.057 [main] INFO  a.f.a.i.p.PassChainExecutor - PASS #13: BoundedChecker
16:03:12.160 [main] DEBUG a.f.a.t.b.t.TransitionExecutorImpl - Step #0, transition #0
16:03:12.161 [main] DEBUG a.f.a.t.b.t.TransitionExecutorImpl - Translating to SMT...
16:03:12.223 [main] DEBUG a.f.a.t.b.SeqModelChecker - Step 0: Transition #0. Is it enabled?
16:03:12.226 [main] DEBUG a.f.a.t.b.SeqModelChecker - Step 0: Transition #0 is enabled
16:03:12.233 [main] INFO  a.f.a.t.b.t.TransitionExecutorImpl - Step 0: picking a transition out of 1 transition(s)
16:03:12.240 [main] INFO  a.f.a.t.b.SeqModelChecker - State 0: Checking 1 trace invariant(s)
16:03:12.241 [main] DEBUG a.f.a.t.b.SeqModelChecker - State 0: Checking trace invariant 0
16:03:12.304 [main] DEBUG a.f.a.t.b.t.TransitionExecutorImpl - Step #1, transition #0
16:03:12.304 [main] DEBUG a.f.a.t.b.t.TransitionExecutorImpl - Translating to SMT...
16:03:12.324 [main] DEBUG a.f.a.t.b.SeqModelChecker - Step 1: Transition #0. Is it enabled?
16:03:12.324 [main] DEBUG a.f.a.t.b.SeqModelChecker - Step 1: Transition #0 is enabled
16:03:12.325 [main] DEBUG a.f.a.t.b.t.TransitionExecutorImpl - Step #1, transition #1
16:03:12.325 [main] DEBUG a.f.a.t.b.t.TransitionExecutorImpl - Translating to SMT...
16:03:12.330 [main] DEBUG a.f.a.t.b.SeqModelChecker - Step 1: Transition #1. Is it enabled?
16:03:12.331 [main] DEBUG a.f.a.t.b.SeqModelChecker - Step 1: Transition #1 is enabled
16:03:12.332 [main] INFO  a.f.a.t.b.t.TransitionExecutorImpl - Step 1: picking a transition out of 2 transition(s)
16:03:12.337 [main] INFO  a.f.a.t.b.SeqModelChecker - State 1: Checking 1 trace invariant(s)
16:03:12.337 [main] DEBUG a.f.a.t.b.SeqModelChecker - State 1: Checking trace invariant 0
16:03:12.395 [main] DEBUG a.f.a.t.b.t.TransitionExecutorImpl - Step #2, transition #0
16:03:12.395 [main] DEBUG a.f.a.t.b.t.TransitionExecutorImpl - Translating to SMT...
16:03:12.402 [main] DEBUG a.f.a.t.b.SeqModelChecker - Step 2: Transition #0. Is it enabled?
16:03:12.402 [main] DEBUG a.f.a.t.b.SeqModelChecker - Step 2: Transition #0 is enabled
16:03:12.403 [main] DEBUG a.f.a.t.b.t.TransitionExecutorImpl - Step #2, transition #1
16:03:12.403 [main] DEBUG a.f.a.t.b.t.TransitionExecutorImpl - Translating to SMT...
16:03:12.406 [main] DEBUG a.f.a.t.b.SeqModelChecker - Step 2: Transition #1. Is it enabled?
16:03:12.407 [main] DEBUG a.f.a.t.b.SeqModelChecker - Step 2: Transition #1 is enabled
16:03:12.408 [main] INFO  a.f.a.t.b.t.TransitionExecutorImpl - Step 2: picking a transition out of 2 transition(s)
16:03:12.420 [main] INFO  a.f.a.t.b.SeqModelChecker - State 2: Checking 1 trace invariant(s)
16:03:12.420 [main] DEBUG a.f.a.t.b.SeqModelChecker - State 2: Checking trace invariant 0
16:03:12.816 [main] ERROR a.f.a.t.b.SeqModelChecker - State 2: trace invariant 0 violated. Check the counterexample in: 
  /Users/gavran/Documents/informal/tlaplusTutorial/hello_world_tutorial/generatingTraces/_apalache-out/multiple_traces.tla/2021-12-03T16-03-09_3030274228794433768/counterexample1.tla
  /Users/gavran/Documents/informal/tlaplusTutorial/hello_world_tutorial/generatingTraces/_apalache-out/multiple_traces.tla/2021-12-03T16-03-09_3030274228794433768/MC1.out
  /Users/gavran/Documents/informal/tlaplusTutorial/hello_world_tutorial/generatingTraces/_apalache-out/multiple_traces.tla/2021-12-03T16-03-09_3030274228794433768/counterexample1.json
16:03:12.926 [main] DEBUG a.f.a.t.b.t.TransitionExecutorImpl - Step #3, transition #0
16:03:12.927 [main] DEBUG a.f.a.t.b.t.TransitionExecutorImpl - Translating to SMT...
16:03:12.939 [main] DEBUG a.f.a.t.b.SeqModelChecker - Step 3: Transition #0. Is it enabled?
16:03:12.940 [main] DEBUG a.f.a.t.b.SeqModelChecker - Step 3: Transition #0 is enabled
16:03:12.941 [main] DEBUG a.f.a.t.b.t.TransitionExecutorImpl - Step #3, transition #1
16:03:12.941 [main] DEBUG a.f.a.t.b.t.TransitionExecutorImpl - Translating to SMT...
16:03:12.945 [main] DEBUG a.f.a.t.b.SeqModelChecker - Step 3: Transition #1. Is it enabled?
16:03:12.946 [main] DEBUG a.f.a.t.b.SeqModelChecker - Step 3: Transition #1 is enabled
16:03:12.947 [main] INFO  a.f.a.t.b.t.TransitionExecutorImpl - Step 3: picking a transition out of 2 transition(s)
16:03:12.949 [main] INFO  a.f.a.t.b.SeqModelChecker - State 3: Checking 1 trace invariant(s)
16:03:12.950 [main] DEBUG a.f.a.t.b.SeqModelChecker - State 3: Checking trace invariant 0
16:03:13.073 [main] ERROR a.f.a.t.b.SeqModelChecker - State 3: trace invariant 0 violated. Check the counterexample in: 
  /Users/gavran/Documents/informal/tlaplusTutorial/hello_world_tutorial/generatingTraces/_apalache-out/multiple_traces.tla/2021-12-03T16-03-09_3030274228794433768/counterexample2.tla
  /Users/gavran/Documents/informal/tlaplusTutorial/hello_world_tutorial/generatingTraces/_apalache-out/multiple_traces.tla/2021-12-03T16-03-09_3030274228794433768/MC2.out
  /Users/gavran/Documents/informal/tlaplusTutorial/hello_world_tutorial/generatingTraces/_apalache-out/multiple_traces.tla/2021-12-03T16-03-09_3030274228794433768/counterexample2.json
16:03:13.182 [main] ERROR a.f.a.t.b.SeqModelChecker - State 3: trace invariant 0 violated. Check the counterexample in: 
  /Users/gavran/Documents/informal/tlaplusTutorial/hello_world_tutorial/generatingTraces/_apalache-out/multiple_traces.tla/2021-12-03T16-03-09_3030274228794433768/counterexample3.tla
  /Users/gavran/Documents/informal/tlaplusTutorial/hello_world_tutorial/generatingTraces/_apalache-out/multiple_traces.tla/2021-12-03T16-03-09_3030274228794433768/MC3.out
  /Users/gavran/Documents/informal/tlaplusTutorial/hello_world_tutorial/generatingTraces/_apalache-out/multiple_traces.tla/2021-12-03T16-03-09_3030274228794433768/counterexample3.json
16:03:13.356 [main] ERROR a.f.a.t.b.SeqModelChecker - State 3: trace invariant 0 violated. Check the counterexample in: 
  /Users/gavran/Documents/informal/tlaplusTutorial/hello_world_tutorial/generatingTraces/_apalache-out/multiple_traces.tla/2021-12-03T16-03-09_3030274228794433768/counterexample4.tla
  /Users/gavran/Documents/informal/tlaplusTutorial/hello_world_tutorial/generatingTraces/_apalache-out/multiple_traces.tla/2021-12-03T16-03-09_3030274228794433768/MC4.out
  /Users/gavran/Documents/informal/tlaplusTutorial/hello_world_tutorial/generatingTraces/_apalache-out/multiple_traces.tla/2021-12-03T16-03-09_3030274228794433768/counterexample4.json
16:03:13.460 [main] ERROR a.f.a.t.b.SeqModelChecker - State 3: trace invariant 0 violated. Check the counterexample in: 
  /Users/gavran/Documents/informal/tlaplusTutorial/hello_world_tutorial/generatingTraces/_apalache-out/multiple_traces.tla/2021-12-03T16-03-09_3030274228794433768/counterexample5.tla
  /Users/gavran/Documents/informal/tlaplusTutorial/hello_world_tutorial/generatingTraces/_apalache-out/multiple_traces.tla/2021-12-03T16-03-09_3030274228794433768/MC5.out
  /Users/gavran/Documents/informal/tlaplusTutorial/hello_world_tutorial/generatingTraces/_apalache-out/multiple_traces.tla/2021-12-03T16-03-09_3030274228794433768/counterexample5.json
16:03:13.528 [main] DEBUG a.f.a.t.b.t.TransitionExecutorImpl - Step #4, transition #0
16:03:13.528 [main] DEBUG a.f.a.t.b.t.TransitionExecutorImpl - Translating to SMT...
16:03:13.532 [main] DEBUG a.f.a.t.b.SeqModelChecker - Step 4: Transition #0. Is it enabled?
16:03:13.532 [main] DEBUG a.f.a.t.b.SeqModelChecker - Step 4: Transition #0 is enabled
16:03:13.533 [main] DEBUG a.f.a.t.b.t.TransitionExecutorImpl - Step #4, transition #1
16:03:13.533 [main] DEBUG a.f.a.t.b.t.TransitionExecutorImpl - Translating to SMT...
16:03:13.535 [main] DEBUG a.f.a.t.b.SeqModelChecker - Step 4: Transition #1. Is it enabled?
16:03:13.537 [main] DEBUG a.f.a.t.b.SeqModelChecker - Step 4: Transition #1 is enabled
16:03:13.538 [main] INFO  a.f.a.t.b.t.TransitionExecutorImpl - Step 4: picking a transition out of 2 transition(s)
16:03:13.540 [main] INFO  a.f.a.t.b.SeqModelChecker - State 4: Checking 1 trace invariant(s)
16:03:13.541 [main] DEBUG a.f.a.t.b.SeqModelChecker - State 4: Checking trace invariant 0
16:03:13.654 [main] ERROR a.f.a.t.b.SeqModelChecker - State 4: trace invariant 0 violated. Check the counterexample in: 
  /Users/gavran/Documents/informal/tlaplusTutorial/hello_world_tutorial/generatingTraces/_apalache-out/multiple_traces.tla/2021-12-03T16-03-09_3030274228794433768/counterexample6.tla
  /Users/gavran/Documents/informal/tlaplusTutorial/hello_world_tutorial/generatingTraces/_apalache-out/multiple_traces.tla/2021-12-03T16-03-09_3030274228794433768/MC6.out
  /Users/gavran/Documents/informal/tlaplusTutorial/hello_world_tutorial/generatingTraces/_apalache-out/multiple_traces.tla/2021-12-03T16-03-09_3030274228794433768/counterexample6.json
16:03:13.751 [main] ERROR a.f.a.t.b.SeqModelChecker - State 4: trace invariant 0 violated. Check the counterexample in: 
  /Users/gavran/Documents/informal/tlaplusTutorial/hello_world_tutorial/generatingTraces/_apalache-out/multiple_traces.tla/2021-12-03T16-03-09_3030274228794433768/counterexample7.tla
  /Users/gavran/Documents/informal/tlaplusTutorial/hello_world_tutorial/generatingTraces/_apalache-out/multiple_traces.tla/2021-12-03T16-03-09_3030274228794433768/MC7.out
  /Users/gavran/Documents/informal/tlaplusTutorial/hello_world_tutorial/generatingTraces/_apalache-out/multiple_traces.tla/2021-12-03T16-03-09_3030274228794433768/counterexample7.json
16:03:13.843 [main] ERROR a.f.a.t.b.SeqModelChecker - State 4: trace invariant 0 violated. Check the counterexample in: 
  /Users/gavran/Documents/informal/tlaplusTutorial/hello_world_tutorial/generatingTraces/_apalache-out/multiple_traces.tla/2021-12-03T16-03-09_3030274228794433768/counterexample8.tla
  /Users/gavran/Documents/informal/tlaplusTutorial/hello_world_tutorial/generatingTraces/_apalache-out/multiple_traces.tla/2021-12-03T16-03-09_3030274228794433768/MC8.out
  /Users/gavran/Documents/informal/tlaplusTutorial/hello_world_tutorial/generatingTraces/_apalache-out/multiple_traces.tla/2021-12-03T16-03-09_3030274228794433768/counterexample8.json
16:03:13.956 [main] ERROR a.f.a.t.b.SeqModelChecker - State 4: trace invariant 0 violated. Check the counterexample in: 
  /Users/gavran/Documents/informal/tlaplusTutorial/hello_world_tutorial/generatingTraces/_apalache-out/multiple_traces.tla/2021-12-03T16-03-09_3030274228794433768/counterexample9.tla
  /Users/gavran/Documents/informal/tlaplusTutorial/hello_world_tutorial/generatingTraces/_apalache-out/multiple_traces.tla/2021-12-03T16-03-09_3030274228794433768/MC9.out
  /Users/gavran/Documents/informal/tlaplusTutorial/hello_world_tutorial/generatingTraces/_apalache-out/multiple_traces.tla/2021-12-03T16-03-09_3030274228794433768/counterexample9.json
16:03:14.075 [main] ERROR a.f.a.t.b.SeqModelChecker - State 4: trace invariant 0 violated. Check the counterexample in: 
  /Users/gavran/Documents/informal/tlaplusTutorial/hello_world_tutorial/generatingTraces/_apalache-out/multiple_traces.tla/2021-12-03T16-03-09_3030274228794433768/counterexample10.tla
  /Users/gavran/Documents/informal/tlaplusTutorial/hello_world_tutorial/generatingTraces/_apalache-out/multiple_traces.tla/2021-12-03T16-03-09_3030274228794433768/MC10.out
  /Users/gavran/Documents/informal/tlaplusTutorial/hello_world_tutorial/generatingTraces/_apalache-out/multiple_traces.tla/2021-12-03T16-03-09_3030274228794433768/counterexample10.json
16:03:14.082 [main] INFO  a.f.a.t.b.SeqModelChecker - Found 10 error(s)
16:03:14.132 [main] INFO  a.f.a.t.b.p.BoundedCheckerPassImpl - The outcome is: Error
16:03:14.133 [main] DEBUG a.f.a.i.p.PassChainExecutor - PASS #13: BoundedChecker [FAIL]
16:03:14.133 [main] INFO  a.f.a.t.Tool$ - Checker has found an error
16:03:14.142 [main] INFO  a.f.a.t.Tool$ - It took me 0 days  0 hours  0 min  5 sec
16:03:14.142 [main] INFO  a.f.a.t.Tool$ - Total time: 5.400 sec
