16:02:39.396 [main] INFO  a.f.a.t.Tool$ - Checker options: filename=multiple_traces.tla, init=, next=, inv=ImportantIntIsOddUntil6
16:02:39.400 [main] INFO  a.f.a.t.Tool$ - Tuning: 
16:02:39.405 [main] INFO  a.f.a.i.p.PassChainExecutor - PASS #0: SanyParser
16:02:40.024 [main] DEBUG a.f.a.i.p.PassChainExecutor - PASS #0: SanyParser [OK]
16:02:40.025 [main] INFO  a.f.a.i.p.PassChainExecutor - PASS #1: TypeCheckerSnowcat
16:02:40.025 [main] INFO  a.f.a.t.t.p.EtcTypeCheckerPassImpl -  > Running Snowcat .::.
16:02:40.521 [main] INFO  a.f.a.t.t.p.EtcTypeCheckerPassImpl -  > Your types are great!
16:02:40.521 [main] INFO  a.f.a.t.t.p.EtcTypeCheckerPassImpl -  > All expressions are typed
16:02:40.522 [main] DEBUG a.f.a.i.p.PassChainExecutor - PASS #1: TypeCheckerSnowcat [OK]
16:02:40.523 [main] INFO  a.f.a.i.p.PassChainExecutor - PASS #2: ConfigurationPass
16:02:40.527 [main] INFO  a.f.a.t.p.p.ConfigurationPassImpl -   > multiple_traces.cfg: Loading TLC configuration
16:02:40.535 [main] INFO  a.f.a.t.p.p.ConfigurationPassImpl -   > No TLC configuration found. Skipping.
16:02:40.536 [main] INFO  a.f.a.t.p.p.ConfigurationPassImpl -   > Command line option --init is not set. Using Init
16:02:40.536 [main] INFO  a.f.a.t.p.p.ConfigurationPassImpl -   > Command line option --next is not set. Using Next
16:02:40.536 [main] INFO  a.f.a.t.p.p.ConfigurationPassImpl -   > Set the initialization predicate to Init
16:02:40.537 [main] INFO  a.f.a.t.p.p.ConfigurationPassImpl -   > Set the transition predicate to Next
16:02:40.538 [main] INFO  a.f.a.t.p.p.ConfigurationPassImpl -   > Set an invariant to ImportantIntIsOddUntil6
16:02:40.544 [main] DEBUG a.f.a.i.p.PassChainExecutor - PASS #2: ConfigurationPass [OK]
16:02:40.545 [main] INFO  a.f.a.i.p.PassChainExecutor - PASS #3: DesugarerPass
16:02:40.545 [main] INFO  a.f.a.t.p.p.DesugarerPassImpl -   > Desugaring...
16:02:40.569 [main] DEBUG a.f.a.i.p.PassChainExecutor - PASS #3: DesugarerPass [OK]
16:02:40.571 [main] INFO  a.f.a.i.p.PassChainExecutor - PASS #4: UnrollPass
16:02:40.610 [main] INFO  a.f.a.t.p.p.UnrollPassImpl -   > Unroller
16:02:40.634 [main] DEBUG a.f.a.i.p.PassChainExecutor - PASS #4: UnrollPass [OK]
16:02:40.635 [main] INFO  a.f.a.i.p.PassChainExecutor - PASS #5: InlinePass
16:02:40.641 [main] INFO  a.f.a.t.p.p.InlinePassImpl -   > InlinerOfUserOper
16:02:40.652 [main] INFO  a.f.a.t.p.p.InlinePassImpl -   > Wrap
16:02:40.660 [main] INFO  a.f.a.t.p.p.InlinePassImpl -   > CallByNameOperatorEmbedder
16:02:40.664 [main] INFO  a.f.a.t.p.p.InlinePassImpl -   > LetInExpander
16:02:40.669 [main] INFO  a.f.a.t.p.p.InlinePassImpl -   > Unwrap
16:02:40.671 [main] INFO  a.f.a.t.p.p.InlinePassImpl -   > InlinerOfUserOper
16:02:40.681 [main] INFO  a.f.a.t.p.p.InlinePassImpl - Leaving only relevant operators: CInitPrimed, ImportantIntIsOddUntil6, Init, InitPrimed, Next, View
16:02:40.690 [main] DEBUG a.f.a.i.p.PassChainExecutor - PASS #5: InlinePass [OK]
16:02:40.691 [main] INFO  a.f.a.i.p.PassChainExecutor - PASS #6: PrimingPass
16:02:40.696 [main] INFO  a.f.a.t.a.p.PrimingPassImpl -   > Introducing InitPrimed for Init'
16:02:40.698 [main] DEBUG a.f.a.i.p.PassChainExecutor - PASS #6: PrimingPass [OK]
16:02:40.699 [main] INFO  a.f.a.i.p.PassChainExecutor - PASS #7: VCGen
16:02:40.700 [main] INFO  a.f.a.t.b.p.VCGenPassImpl -   > Producing verification conditions from the invariant ImportantIntIsOddUntil6
16:02:40.701 [main] INFO  a.f.a.t.b.p.VCGenPassImpl -   > Using state view View
16:02:40.726 [main] DEBUG a.f.a.i.p.PassChainExecutor - PASS #7: VCGen [OK]
16:02:40.726 [main] INFO  a.f.a.i.p.PassChainExecutor - PASS #8: PreprocessingPass
16:02:40.726 [main] INFO  a.f.a.t.p.p.PreproPassImpl -   > Before preprocessing: unique renaming
16:02:40.738 [main] INFO  a.f.a.t.p.p.PreproPassImpl -  > Applying standard transformations:
16:02:40.739 [main] INFO  a.f.a.t.p.p.PreproPassImpl -   > PrimePropagation
16:02:40.744 [main] INFO  a.f.a.t.p.p.PreproPassImpl -   > Desugarer
16:02:40.748 [main] INFO  a.f.a.t.p.p.PreproPassImpl -   > UniqueRenamer
16:02:40.768 [main] INFO  a.f.a.t.p.p.PreproPassImpl -   > Normalizer
16:02:40.782 [main] INFO  a.f.a.t.p.p.PreproPassImpl -   > Keramelizer
16:02:40.793 [main] INFO  a.f.a.t.p.p.PreproPassImpl -   > After preprocessing: UniqueRenamer
16:02:40.810 [main] DEBUG a.f.a.i.p.PassChainExecutor - PASS #8: PreprocessingPass [OK]
16:02:40.811 [main] INFO  a.f.a.i.p.PassChainExecutor - PASS #9: TransitionFinderPass
16:02:40.845 [main] INFO  a.f.a.t.a.p.TransitionPassImpl -   > Found 1 initializing transitions
16:02:40.859 [main] INFO  a.f.a.t.a.p.TransitionPassImpl -   > Found 2 transitions
16:02:40.860 [main] INFO  a.f.a.t.a.p.TransitionPassImpl -   > No constant initializer
16:02:40.861 [main] INFO  a.f.a.t.a.p.TransitionPassImpl -   > Applying unique renaming
16:02:40.871 [main] DEBUG a.f.a.i.p.PassChainExecutor - PASS #9: TransitionFinderPass [OK]
16:02:40.872 [main] INFO  a.f.a.i.p.PassChainExecutor - PASS #10: OptimizationPass
16:02:40.883 [main] INFO  a.f.a.t.p.p.OptPassImpl -  > Applying optimizations:
16:02:40.884 [main] INFO  a.f.a.t.p.p.OptPassImpl -   > ConstSimplifier
16:02:40.896 [main] INFO  a.f.a.t.p.p.OptPassImpl -   > ExprOptimizer
16:02:40.900 [main] INFO  a.f.a.t.p.p.OptPassImpl -   > ConstSimplifier
16:02:40.904 [main] DEBUG a.f.a.i.p.PassChainExecutor - PASS #10: OptimizationPass [OK]
16:02:40.906 [main] INFO  a.f.a.i.p.PassChainExecutor - PASS #11: AnalysisPass
16:02:40.910 [main] INFO  a.f.a.t.b.p.AnalysisPassImpl -  > Marking skolemizable existentials and sets to be expanded...
16:02:40.911 [main] INFO  a.f.a.t.b.p.AnalysisPassImpl -   > Skolemization
16:02:40.913 [main] INFO  a.f.a.t.b.p.AnalysisPassImpl -   > Expansion
16:02:40.919 [main] INFO  a.f.a.t.b.p.AnalysisPassImpl -   > Remove unused let-in defs
16:02:40.928 [main] INFO  a.f.a.t.b.p.AnalysisPassImpl -  > Running analyzers...
16:02:40.933 [main] INFO  a.f.a.t.b.p.AnalysisPassImpl -   > Introduced expression grades
16:02:40.933 [main] INFO  a.f.a.t.b.p.AnalysisPassImpl -   > Introduced 3 formula hints
16:02:40.934 [main] DEBUG a.f.a.i.p.PassChainExecutor - PASS #11: AnalysisPass [OK]
16:02:40.934 [main] INFO  a.f.a.i.p.PassChainExecutor - PASS #12: PostTypeCheckerSnowcat
16:02:40.934 [main] INFO  a.f.a.t.b.p.PostTypeCheckerPassImpl -  > Running Snowcat .::.
16:02:41.307 [main] INFO  a.f.a.t.b.p.PostTypeCheckerPassImpl -  > Your types are great!
16:02:41.307 [main] INFO  a.f.a.t.b.p.PostTypeCheckerPassImpl -  > All expressions are typed
16:02:41.307 [main] DEBUG a.f.a.i.p.PassChainExecutor - PASS #12: PostTypeCheckerSnowcat [OK]
16:02:41.308 [main] INFO  a.f.a.i.p.PassChainExecutor - PASS #13: BoundedChecker
16:02:42.767 [main] DEBUG a.f.a.t.b.t.TransitionExecutorImpl - Step #0, transition #0
16:02:42.767 [main] DEBUG a.f.a.t.b.t.TransitionExecutorImpl - Translating to SMT...
16:02:42.834 [main] DEBUG a.f.a.t.b.SeqModelChecker - Step 0: Transition #0. Is it enabled?
16:02:42.836 [main] DEBUG a.f.a.t.b.SeqModelChecker - Step 0: Transition #0 is enabled
16:02:42.844 [main] INFO  a.f.a.t.b.t.TransitionExecutorImpl - Step 0: picking a transition out of 1 transition(s)
16:02:42.851 [main] INFO  a.f.a.t.b.SeqModelChecker - State 0: Checking 1 trace invariant(s)
16:02:42.852 [main] DEBUG a.f.a.t.b.SeqModelChecker - State 0: Checking trace invariant 0
16:02:42.926 [main] DEBUG a.f.a.t.b.t.TransitionExecutorImpl - Step #1, transition #0
16:02:42.926 [main] DEBUG a.f.a.t.b.t.TransitionExecutorImpl - Translating to SMT...
16:02:42.952 [main] DEBUG a.f.a.t.b.SeqModelChecker - Step 1: Transition #0. Is it enabled?
16:02:42.952 [main] DEBUG a.f.a.t.b.SeqModelChecker - Step 1: Transition #0 is enabled
16:02:42.953 [main] DEBUG a.f.a.t.b.t.TransitionExecutorImpl - Step #1, transition #1
16:02:42.953 [main] DEBUG a.f.a.t.b.t.TransitionExecutorImpl - Translating to SMT...
16:02:42.961 [main] DEBUG a.f.a.t.b.SeqModelChecker - Step 1: Transition #1. Is it enabled?
16:02:42.962 [main] DEBUG a.f.a.t.b.SeqModelChecker - Step 1: Transition #1 is enabled
16:02:42.963 [main] INFO  a.f.a.t.b.t.TransitionExecutorImpl - Step 1: picking a transition out of 2 transition(s)
16:02:42.969 [main] INFO  a.f.a.t.b.SeqModelChecker - State 1: Checking 1 trace invariant(s)
16:02:42.969 [main] DEBUG a.f.a.t.b.SeqModelChecker - State 1: Checking trace invariant 0
16:02:43.020 [main] DEBUG a.f.a.t.b.t.TransitionExecutorImpl - Step #2, transition #0
16:02:43.020 [main] DEBUG a.f.a.t.b.t.TransitionExecutorImpl - Translating to SMT...
16:02:43.030 [main] DEBUG a.f.a.t.b.SeqModelChecker - Step 2: Transition #0. Is it enabled?
16:02:43.031 [main] DEBUG a.f.a.t.b.SeqModelChecker - Step 2: Transition #0 is enabled
16:02:43.032 [main] DEBUG a.f.a.t.b.t.TransitionExecutorImpl - Step #2, transition #1
16:02:43.032 [main] DEBUG a.f.a.t.b.t.TransitionExecutorImpl - Translating to SMT...
16:02:43.036 [main] DEBUG a.f.a.t.b.SeqModelChecker - Step 2: Transition #1. Is it enabled?
16:02:43.036 [main] DEBUG a.f.a.t.b.SeqModelChecker - Step 2: Transition #1 is enabled
16:02:43.038 [main] INFO  a.f.a.t.b.t.TransitionExecutorImpl - Step 2: picking a transition out of 2 transition(s)
16:02:43.042 [main] INFO  a.f.a.t.b.SeqModelChecker - State 2: Checking 1 trace invariant(s)
16:02:43.042 [main] DEBUG a.f.a.t.b.SeqModelChecker - State 2: Checking trace invariant 0
16:02:43.357 [main] ERROR a.f.a.t.b.SeqModelChecker - State 2: trace invariant 0 violated. Check the counterexample in: 
  /Users/gavran/Documents/informal/tlaplusTutorial/hello_world_tutorial/generatingTraces/_apalache-out/multiple_traces.tla/2021-12-03T16-02-39_6043724208683883470/counterexample1.tla
  /Users/gavran/Documents/informal/tlaplusTutorial/hello_world_tutorial/generatingTraces/_apalache-out/multiple_traces.tla/2021-12-03T16-02-39_6043724208683883470/MC1.out
  /Users/gavran/Documents/informal/tlaplusTutorial/hello_world_tutorial/generatingTraces/_apalache-out/multiple_traces.tla/2021-12-03T16-02-39_6043724208683883470/counterexample1.json
16:02:43.376 [main] INFO  a.f.a.t.b.SeqModelChecker - Found 1 error(s)
16:02:43.385 [main] INFO  a.f.a.t.b.p.BoundedCheckerPassImpl - The outcome is: Error
16:02:43.385 [main] DEBUG a.f.a.i.p.PassChainExecutor - PASS #13: BoundedChecker [FAIL]
16:02:43.385 [main] INFO  a.f.a.t.Tool$ - Checker has found an error
16:02:43.387 [main] INFO  a.f.a.t.Tool$ - It took me 0 days  0 hours  0 min  4 sec
16:02:43.387 [main] INFO  a.f.a.t.Tool$ - Total time: 4.471 sec
